ARM GAS  /tmp/ccAg7l6M.s 			page 1


   1              		.syntax unified
   2              		.cpu cortex-m4
   3              		.eabi_attribute 27, 1
   4              		.eabi_attribute 28, 1
   5              		.fpu fpv4-sp-d16
   6              		.eabi_attribute 20, 1
   7              		.eabi_attribute 21, 1
   8              		.eabi_attribute 23, 3
   9              		.eabi_attribute 24, 1
  10              		.eabi_attribute 25, 1
  11              		.eabi_attribute 26, 1
  12              		.eabi_attribute 30, 2
  13              		.eabi_attribute 34, 1
  14              		.eabi_attribute 18, 4
  15              		.thumb
  16              		.file	"hal.c"
  17              		.text
  18              	.Ltext0:
  19              		.cfi_sections	.debug_frame
  20              		.section	.text.halInit,"ax",%progbits
  21              		.align	2
  22              		.p2align 4,,15
  23              		.global	halInit
  24              		.thumb
  25              		.thumb_func
  26              		.type	halInit, %function
  27              	halInit:
  28              	.LFB256:
  29              		.file 1 "ChibiOS_3.0.2/os/hal/src/hal.c"
  30              		.loc 1 56 0
  31              		.cfi_startproc
  32              		@ args = 0, pretend = 0, frame = 0
  33              		@ frame_needed = 0, uses_anonymous_args = 0
  34 0000 08B5     		push	{r3, lr}
  35              		.cfi_def_cfa_offset 8
  36              		.cfi_offset 3, -8
  37              		.cfi_offset 14, -4
  38              		.loc 1 62 0
  39 0002 FFF7FEFF 		bl	hal_lld_init
  40              	.LVL0:
  41              		.loc 1 65 0
  42 0006 0A48     		ldr	r0, .L3
  43 0008 FFF7FEFF 		bl	_pal_lld_init
  44              	.LVL1:
  45              		.loc 1 71 0
  46 000c FFF7FEFF 		bl	canInit
  47              	.LVL2:
  48              		.loc 1 83 0
  49 0010 FFF7FEFF 		bl	i2cInit
  50              	.LVL3:
  51              		.loc 1 89 0
  52 0014 FFF7FEFF 		bl	icuInit
  53              	.LVL4:
  54              		.loc 1 107 0
  55 0018 FFF7FEFF 		bl	uartInit
  56              	.LVL5:
  57              		.loc 1 110 0
ARM GAS  /tmp/ccAg7l6M.s 			page 2


  58 001c FFF7FEFF 		bl	usbInit
  59              	.LVL6:
  60              		.loc 1 116 0
  61 0020 FFF7FEFF 		bl	sduInit
  62              	.LVL7:
  63              		.loc 1 130 0
  64 0024 FFF7FEFF 		bl	boardInit
  65              	.LVL8:
  66              		.loc 1 139 0
  67 0028 BDE80840 		pop	{r3, lr}
  68              		.cfi_restore 14
  69              		.cfi_restore 3
  70              		.cfi_def_cfa_offset 0
  71              		.loc 1 137 0
  72 002c FFF7FEBF 		b	stInit
  73              	.LVL9:
  74              	.L4:
  75              		.align	2
  76              	.L3:
  77 0030 00000000 		.word	pal_default_config
  78              		.cfi_endproc
  79              	.LFE256:
  80              		.size	halInit, .-halInit
  81              		.text
  82              	.Letext0:
  83              		.file 2 "/usr/arm-none-eabi/include/machine/_default_types.h"
  84              		.file 3 "/usr/arm-none-eabi/include/sys/_stdint.h"
  85              		.file 4 "ChibiOS_3.0.2/os/rt/ports/ARMCMx/compilers/GCC/chtypes.h"
  86              		.file 5 "ChibiOS_3.0.2/os/rt/include/chsystypes.h"
  87              		.file 6 "ChibiOS_3.0.2/os/rt/include/chschd.h"
  88              		.file 7 "ChibiOS_3.0.2/os/rt/ports/ARMCMx/chcore.h"
  89              		.file 8 "ChibiOS_3.0.2/os/rt/ports/ARMCMx/chcore_v7m.h"
  90              		.file 9 "ChibiOS_3.0.2/os/rt/include/chtm.h"
  91              		.file 10 "ChibiOS_3.0.2/os/rt/include/chsem.h"
  92              		.file 11 "ChibiOS_3.0.2/os/rt/include/chmtx.h"
  93              		.file 12 "ChibiOS_3.0.2/os/hal/ports/STM32/LLD/GPIOv2/pal_lld.h"
  94              		.file 13 "ChibiOS_3.0.2/os/ext/CMSIS/include/core_cm4.h"
  95              		.file 14 "ChibiOS_3.0.2/os/hal/ports/STM32/STM32F4xx/hal_lld.h"
  96              		.file 15 "ChibiOS_3.0.2/os/hal/include/can.h"
  97              		.file 16 "ChibiOS_3.0.2/os/hal/include/i2c.h"
  98              		.file 17 "ChibiOS_3.0.2/os/hal/include/icu.h"
  99              		.file 18 "ChibiOS_3.0.2/os/hal/include/uart.h"
 100              		.file 19 "ChibiOS_3.0.2/os/hal/include/usb.h"
 101              		.file 20 "ChibiOS_3.0.2/os/hal/include/serial_usb.h"
 102              		.file 21 "ChibiOS_3.0.2/os/hal/boards/ST_STM32F4_DISCOVERY/board.h"
 103              		.file 22 "ChibiOS_3.0.2/os/hal/include/st.h"
 104              		.file 23 "ChibiOS_3.0.2/os/hal/osal/rt/osal.h"
 105              		.section	.debug_info,"",%progbits
 106              	.Ldebug_info0:
 107 0000 F0080000 		.4byte	0x8f0
 108 0004 0400     		.2byte	0x4
 109 0006 00000000 		.4byte	.Ldebug_abbrev0
 110 000a 04       		.byte	0x4
 111 000b 01       		.uleb128 0x1
 112 000c 75040000 		.4byte	.LASF133
 113 0010 01       		.byte	0x1
 114 0011 BB020000 		.4byte	.LASF134
ARM GAS  /tmp/ccAg7l6M.s 			page 3


 115 0015 CD030000 		.4byte	.LASF135
 116 0019 00000000 		.4byte	.Ldebug_ranges0+0
 117 001d 00000000 		.4byte	0
 118 0021 00000000 		.4byte	.Ldebug_line0
 119 0025 02       		.uleb128 0x2
 120 0026 04       		.byte	0x4
 121 0027 05       		.byte	0x5
 122 0028 696E7400 		.ascii	"int\000"
 123 002c 03       		.uleb128 0x3
 124 002d 04       		.byte	0x4
 125 002e 07       		.byte	0x7
 126 002f 9F010000 		.4byte	.LASF0
 127 0033 03       		.uleb128 0x3
 128 0034 01       		.byte	0x1
 129 0035 06       		.byte	0x6
 130 0036 F3000000 		.4byte	.LASF1
 131 003a 04       		.uleb128 0x4
 132 003b 45000000 		.4byte	.LASF5
 133 003f 02       		.byte	0x2
 134 0040 1D       		.byte	0x1d
 135 0041 45000000 		.4byte	0x45
 136 0045 03       		.uleb128 0x3
 137 0046 01       		.byte	0x1
 138 0047 08       		.byte	0x8
 139 0048 62030000 		.4byte	.LASF2
 140 004c 03       		.uleb128 0x3
 141 004d 02       		.byte	0x2
 142 004e 05       		.byte	0x5
 143 004f 8D030000 		.4byte	.LASF3
 144 0053 03       		.uleb128 0x3
 145 0054 02       		.byte	0x2
 146 0055 07       		.byte	0x7
 147 0056 ED010000 		.4byte	.LASF4
 148 005a 04       		.uleb128 0x4
 149 005b 45020000 		.4byte	.LASF6
 150 005f 02       		.byte	0x2
 151 0060 3F       		.byte	0x3f
 152 0061 65000000 		.4byte	0x65
 153 0065 03       		.uleb128 0x3
 154 0066 04       		.byte	0x4
 155 0067 05       		.byte	0x5
 156 0068 32010000 		.4byte	.LASF7
 157 006c 04       		.uleb128 0x4
 158 006d BE050000 		.4byte	.LASF8
 159 0071 02       		.byte	0x2
 160 0072 41       		.byte	0x41
 161 0073 77000000 		.4byte	0x77
 162 0077 03       		.uleb128 0x3
 163 0078 04       		.byte	0x4
 164 0079 07       		.byte	0x7
 165 007a 56040000 		.4byte	.LASF9
 166 007e 03       		.uleb128 0x3
 167 007f 08       		.byte	0x8
 168 0080 05       		.byte	0x5
 169 0081 E5000000 		.4byte	.LASF10
 170 0085 04       		.uleb128 0x4
 171 0086 09030000 		.4byte	.LASF11
ARM GAS  /tmp/ccAg7l6M.s 			page 4


 172 008a 02       		.byte	0x2
 173 008b 5B       		.byte	0x5b
 174 008c 90000000 		.4byte	0x90
 175 0090 03       		.uleb128 0x3
 176 0091 08       		.byte	0x8
 177 0092 07       		.byte	0x7
 178 0093 79000000 		.4byte	.LASF12
 179 0097 04       		.uleb128 0x4
 180 0098 45060000 		.4byte	.LASF13
 181 009c 03       		.byte	0x3
 182 009d 14       		.byte	0x14
 183 009e 3A000000 		.4byte	0x3a
 184 00a2 04       		.uleb128 0x4
 185 00a3 5A030000 		.4byte	.LASF14
 186 00a7 03       		.byte	0x3
 187 00a8 1F       		.byte	0x1f
 188 00a9 5A000000 		.4byte	0x5a
 189 00ad 04       		.uleb128 0x4
 190 00ae 2E040000 		.4byte	.LASF15
 191 00b2 03       		.byte	0x3
 192 00b3 20       		.byte	0x20
 193 00b4 6C000000 		.4byte	0x6c
 194 00b8 04       		.uleb128 0x4
 195 00b9 3C000000 		.4byte	.LASF16
 196 00bd 03       		.byte	0x3
 197 00be 26       		.byte	0x26
 198 00bf 85000000 		.4byte	0x85
 199 00c3 05       		.uleb128 0x5
 200 00c4 A2000000 		.4byte	0xa2
 201 00c8 04       		.uleb128 0x4
 202 00c9 EF050000 		.4byte	.LASF17
 203 00cd 04       		.byte	0x4
 204 00ce 45       		.byte	0x45
 205 00cf AD000000 		.4byte	0xad
 206 00d3 04       		.uleb128 0x4
 207 00d4 23020000 		.4byte	.LASF18
 208 00d8 04       		.byte	0x4
 209 00d9 48       		.byte	0x48
 210 00da 97000000 		.4byte	0x97
 211 00de 04       		.uleb128 0x4
 212 00df 42010000 		.4byte	.LASF19
 213 00e3 04       		.byte	0x4
 214 00e4 49       		.byte	0x49
 215 00e5 97000000 		.4byte	0x97
 216 00e9 04       		.uleb128 0x4
 217 00ea 14030000 		.4byte	.LASF20
 218 00ee 04       		.byte	0x4
 219 00ef 4A       		.byte	0x4a
 220 00f0 97000000 		.4byte	0x97
 221 00f4 04       		.uleb128 0x4
 222 00f5 1E010000 		.4byte	.LASF21
 223 00f9 04       		.byte	0x4
 224 00fa 4B       		.byte	0x4b
 225 00fb 97000000 		.4byte	0x97
 226 00ff 04       		.uleb128 0x4
 227 0100 3C030000 		.4byte	.LASF22
 228 0104 04       		.byte	0x4
ARM GAS  /tmp/ccAg7l6M.s 			page 5


 229 0105 4C       		.byte	0x4c
 230 0106 AD000000 		.4byte	0xad
 231 010a 04       		.uleb128 0x4
 232 010b 11020000 		.4byte	.LASF23
 233 010f 04       		.byte	0x4
 234 0110 4D       		.byte	0x4d
 235 0111 A2000000 		.4byte	0xa2
 236 0115 04       		.uleb128 0x4
 237 0116 39020000 		.4byte	.LASF24
 238 011a 04       		.byte	0x4
 239 011b 4F       		.byte	0x4f
 240 011c AD000000 		.4byte	0xad
 241 0120 04       		.uleb128 0x4
 242 0121 99010000 		.4byte	.LASF25
 243 0125 04       		.byte	0x4
 244 0126 51       		.byte	0x51
 245 0127 A2000000 		.4byte	0xa2
 246 012b 04       		.uleb128 0x4
 247 012c A0050000 		.4byte	.LASF26
 248 0130 05       		.byte	0x5
 249 0131 33       		.byte	0x33
 250 0132 AD000000 		.4byte	0xad
 251 0136 04       		.uleb128 0x4
 252 0137 2C060000 		.4byte	.LASF27
 253 013b 05       		.byte	0x5
 254 013c 3F       		.byte	0x3f
 255 013d 41010000 		.4byte	0x141
 256 0141 06       		.uleb128 0x6
 257 0142 07020000 		.4byte	.LASF49
 258 0146 48       		.byte	0x48
 259 0147 06       		.byte	0x6
 260 0148 C2       		.byte	0xc2
 261 0149 46020000 		.4byte	0x246
 262 014d 07       		.uleb128 0x7
 263 014e BE030000 		.4byte	.LASF28
 264 0152 06       		.byte	0x6
 265 0153 C3       		.byte	0xc3
 266 0154 51020000 		.4byte	0x251
 267 0158 00       		.byte	0
 268 0159 07       		.uleb128 0x7
 269 015a 2C030000 		.4byte	.LASF29
 270 015e 06       		.byte	0x6
 271 015f C5       		.byte	0xc5
 272 0160 51020000 		.4byte	0x251
 273 0164 04       		.byte	0x4
 274 0165 07       		.uleb128 0x7
 275 0166 DE000000 		.4byte	.LASF30
 276 016a 06       		.byte	0x6
 277 016b C7       		.byte	0xc7
 278 016c FF000000 		.4byte	0xff
 279 0170 08       		.byte	0x8
 280 0171 07       		.uleb128 0x7
 281 0172 A0060000 		.4byte	.LASF31
 282 0176 06       		.byte	0x6
 283 0177 C8       		.byte	0xc8
 284 0178 81040000 		.4byte	0x481
 285 017c 0C       		.byte	0xc
ARM GAS  /tmp/ccAg7l6M.s 			page 6


 286 017d 07       		.uleb128 0x7
 287 017e 4B010000 		.4byte	.LASF32
 288 0182 06       		.byte	0x6
 289 0183 CA       		.byte	0xca
 290 0184 51020000 		.4byte	0x251
 291 0188 10       		.byte	0x10
 292 0189 07       		.uleb128 0x7
 293 018a AD020000 		.4byte	.LASF33
 294 018e 06       		.byte	0x6
 295 018f CB       		.byte	0xcb
 296 0190 51020000 		.4byte	0x251
 297 0194 14       		.byte	0x14
 298 0195 07       		.uleb128 0x7
 299 0196 54060000 		.4byte	.LASF34
 300 019a 06       		.byte	0x6
 301 019b D2       		.byte	0xd2
 302 019c C6060000 		.4byte	0x6c6
 303 01a0 18       		.byte	0x18
 304 01a1 07       		.uleb128 0x7
 305 01a2 97030000 		.4byte	.LASF35
 306 01a6 06       		.byte	0x6
 307 01a7 DD       		.byte	0xdd
 308 01a8 DE000000 		.4byte	0xde
 309 01ac 1C       		.byte	0x1c
 310 01ad 07       		.uleb128 0x7
 311 01ae C5030000 		.4byte	.LASF36
 312 01b2 06       		.byte	0x6
 313 01b3 E1       		.byte	0xe1
 314 01b4 D3000000 		.4byte	0xd3
 315 01b8 1D       		.byte	0x1d
 316 01b9 07       		.uleb128 0x7
 317 01ba 17060000 		.4byte	.LASF37
 318 01be 06       		.byte	0x6
 319 01bf E6       		.byte	0xe6
 320 01c0 E9000000 		.4byte	0xe9
 321 01c4 1E       		.byte	0x1e
 322 01c5 07       		.uleb128 0x7
 323 01c6 9F030000 		.4byte	.LASF38
 324 01ca 06       		.byte	0x6
 325 01cb EC       		.byte	0xec
 326 01cc F4000000 		.4byte	0xf4
 327 01d0 1F       		.byte	0x1f
 328 01d1 07       		.uleb128 0x7
 329 01d2 B4010000 		.4byte	.LASF39
 330 01d6 06       		.byte	0x6
 331 01d7 F3       		.byte	0xf3
 332 01d8 D8060000 		.4byte	0x6d8
 333 01dc 20       		.byte	0x20
 334 01dd 08       		.uleb128 0x8
 335 01de 705F7500 		.ascii	"p_u\000"
 336 01e2 06       		.byte	0x6
 337 01e3 3101     		.2byte	0x131
 338 01e5 01060000 		.4byte	0x601
 339 01e9 24       		.byte	0x24
 340 01ea 09       		.uleb128 0x9
 341 01eb 70020000 		.4byte	.LASF40
 342 01ef 06       		.byte	0x6
ARM GAS  /tmp/ccAg7l6M.s 			page 7


 343 01f0 3601     		.2byte	0x136
 344 01f2 57020000 		.4byte	0x257
 345 01f6 28       		.byte	0x28
 346 01f7 09       		.uleb128 0x9
 347 01f8 CB010000 		.4byte	.LASF41
 348 01fc 06       		.byte	0x6
 349 01fd 3C01     		.2byte	0x13c
 350 01ff 7B020000 		.4byte	0x27b
 351 0203 2C       		.byte	0x2c
 352 0204 09       		.uleb128 0x9
 353 0205 75060000 		.4byte	.LASF42
 354 0209 06       		.byte	0x6
 355 020a 4001     		.2byte	0x140
 356 020c 0A010000 		.4byte	0x10a
 357 0210 34       		.byte	0x34
 358 0211 09       		.uleb128 0x9
 359 0212 23040000 		.4byte	.LASF43
 360 0216 06       		.byte	0x6
 361 0217 4601     		.2byte	0x146
 362 0219 15010000 		.4byte	0x115
 363 021d 38       		.byte	0x38
 364 021e 09       		.uleb128 0x9
 365 021f 83030000 		.4byte	.LASF44
 366 0223 06       		.byte	0x6
 367 0224 4D01     		.2byte	0x14d
 368 0226 C0060000 		.4byte	0x6c0
 369 022a 3C       		.byte	0x3c
 370 022b 09       		.uleb128 0x9
 371 022c AA050000 		.4byte	.LASF45
 372 0230 06       		.byte	0x6
 373 0231 5101     		.2byte	0x151
 374 0233 FF000000 		.4byte	0xff
 375 0237 40       		.byte	0x40
 376 0238 09       		.uleb128 0x9
 377 0239 08010000 		.4byte	.LASF46
 378 023d 06       		.byte	0x6
 379 023e 5801     		.2byte	0x158
 380 0240 2E030000 		.4byte	0x32e
 381 0244 44       		.byte	0x44
 382 0245 00       		.byte	0
 383 0246 04       		.uleb128 0x4
 384 0247 83020000 		.4byte	.LASF47
 385 024b 05       		.byte	0x5
 386 024c 44       		.byte	0x44
 387 024d 51020000 		.4byte	0x251
 388 0251 0A       		.uleb128 0xa
 389 0252 04       		.byte	0x4
 390 0253 36010000 		.4byte	0x136
 391 0257 04       		.uleb128 0x4
 392 0258 61020000 		.4byte	.LASF48
 393 025c 05       		.byte	0x5
 394 025d 49       		.byte	0x49
 395 025e 62020000 		.4byte	0x262
 396 0262 06       		.uleb128 0x6
 397 0263 46040000 		.4byte	.LASF50
 398 0267 04       		.byte	0x4
 399 0268 06       		.byte	0x6
ARM GAS  /tmp/ccAg7l6M.s 			page 8


 400 0269 B0       		.byte	0xb0
 401 026a 7B020000 		.4byte	0x27b
 402 026e 07       		.uleb128 0x7
 403 026f BE030000 		.4byte	.LASF28
 404 0273 06       		.byte	0x6
 405 0274 B1       		.byte	0xb1
 406 0275 51020000 		.4byte	0x251
 407 0279 00       		.byte	0
 408 027a 00       		.byte	0
 409 027b 04       		.uleb128 0x4
 410 027c FE050000 		.4byte	.LASF51
 411 0280 05       		.byte	0x5
 412 0281 50       		.byte	0x50
 413 0282 86020000 		.4byte	0x286
 414 0286 06       		.uleb128 0x6
 415 0287 CD000000 		.4byte	.LASF52
 416 028b 08       		.byte	0x8
 417 028c 06       		.byte	0x6
 418 028d B7       		.byte	0xb7
 419 028e AB020000 		.4byte	0x2ab
 420 0292 07       		.uleb128 0x7
 421 0293 BE030000 		.4byte	.LASF28
 422 0297 06       		.byte	0x6
 423 0298 B8       		.byte	0xb8
 424 0299 51020000 		.4byte	0x251
 425 029d 00       		.byte	0
 426 029e 07       		.uleb128 0x7
 427 029f 2C030000 		.4byte	.LASF29
 428 02a3 06       		.byte	0x6
 429 02a4 B9       		.byte	0xb9
 430 02a5 51020000 		.4byte	0x251
 431 02a9 04       		.byte	0x4
 432 02aa 00       		.byte	0
 433 02ab 04       		.uleb128 0x4
 434 02ac 13000000 		.4byte	.LASF53
 435 02b0 05       		.byte	0x5
 436 02b1 57       		.byte	0x57
 437 02b2 B6020000 		.4byte	0x2b6
 438 02b6 0B       		.uleb128 0xb
 439 02b7 2B020000 		.4byte	.LASF54
 440 02bb 1C       		.byte	0x1c
 441 02bc 06       		.byte	0x6
 442 02bd 9001     		.2byte	0x190
 443 02bf 12030000 		.4byte	0x312
 444 02c3 09       		.uleb128 0x9
 445 02c4 3E040000 		.4byte	.LASF55
 446 02c8 06       		.byte	0x6
 447 02c9 9101     		.2byte	0x191
 448 02cb 7B020000 		.4byte	0x27b
 449 02cf 00       		.byte	0
 450 02d0 09       		.uleb128 0x9
 451 02d1 A9030000 		.4byte	.LASF56
 452 02d5 06       		.byte	0x6
 453 02d6 9201     		.2byte	0x192
 454 02d8 FF000000 		.4byte	0xff
 455 02dc 08       		.byte	0x8
 456 02dd 09       		.uleb128 0x9
ARM GAS  /tmp/ccAg7l6M.s 			page 9


 457 02de B5020000 		.4byte	.LASF57
 458 02e2 06       		.byte	0x6
 459 02e3 9401     		.2byte	0x194
 460 02e5 81040000 		.4byte	0x481
 461 02e9 0C       		.byte	0xc
 462 02ea 09       		.uleb128 0x9
 463 02eb 5B010000 		.4byte	.LASF58
 464 02ef 06       		.byte	0x6
 465 02f0 9701     		.2byte	0x197
 466 02f2 51020000 		.4byte	0x251
 467 02f6 10       		.byte	0x10
 468 02f7 09       		.uleb128 0x9
 469 02f8 01030000 		.4byte	.LASF59
 470 02fc 06       		.byte	0x6
 471 02fd 9801     		.2byte	0x198
 472 02ff 51020000 		.4byte	0x251
 473 0303 14       		.byte	0x14
 474 0304 09       		.uleb128 0x9
 475 0305 F7020000 		.4byte	.LASF60
 476 0309 06       		.byte	0x6
 477 030a 9B01     		.2byte	0x19b
 478 030c 51020000 		.4byte	0x251
 479 0310 18       		.byte	0x18
 480 0311 00       		.byte	0
 481 0312 04       		.uleb128 0x4
 482 0313 B5050000 		.4byte	.LASF61
 483 0317 05       		.byte	0x5
 484 0318 5C       		.byte	0x5c
 485 0319 1D030000 		.4byte	0x31d
 486 031d 0A       		.uleb128 0xa
 487 031e 04       		.byte	0x4
 488 031f 23030000 		.4byte	0x323
 489 0323 0C       		.uleb128 0xc
 490 0324 2E030000 		.4byte	0x32e
 491 0328 0D       		.uleb128 0xd
 492 0329 2E030000 		.4byte	0x32e
 493 032d 00       		.byte	0
 494 032e 0E       		.uleb128 0xe
 495 032f 04       		.byte	0x4
 496 0330 04       		.uleb128 0x4
 497 0331 1C030000 		.4byte	.LASF62
 498 0335 05       		.byte	0x5
 499 0336 61       		.byte	0x61
 500 0337 3B030000 		.4byte	0x33b
 501 033b 0B       		.uleb128 0xb
 502 033c 05040000 		.4byte	.LASF63
 503 0340 14       		.byte	0x14
 504 0341 06       		.byte	0x6
 505 0342 6B01     		.2byte	0x16b
 506 0344 8A030000 		.4byte	0x38a
 507 0348 09       		.uleb128 0x9
 508 0349 AC010000 		.4byte	.LASF64
 509 034d 06       		.byte	0x6
 510 034e 6C01     		.2byte	0x16c
 511 0350 DD060000 		.4byte	0x6dd
 512 0354 00       		.byte	0
 513 0355 09       		.uleb128 0x9
ARM GAS  /tmp/ccAg7l6M.s 			page 10


 514 0356 6C010000 		.4byte	.LASF65
 515 035a 06       		.byte	0x6
 516 035b 6D01     		.2byte	0x16d
 517 035d DD060000 		.4byte	0x6dd
 518 0361 04       		.byte	0x4
 519 0362 09       		.uleb128 0x9
 520 0363 C2010000 		.4byte	.LASF66
 521 0367 06       		.byte	0x6
 522 0368 6E01     		.2byte	0x16e
 523 036a 2B010000 		.4byte	0x12b
 524 036e 08       		.byte	0x8
 525 036f 09       		.uleb128 0x9
 526 0370 A6060000 		.4byte	.LASF67
 527 0374 06       		.byte	0x6
 528 0375 6F01     		.2byte	0x16f
 529 0377 12030000 		.4byte	0x312
 530 037b 0C       		.byte	0xc
 531 037c 09       		.uleb128 0x9
 532 037d F7050000 		.4byte	.LASF68
 533 0381 06       		.byte	0x6
 534 0382 7101     		.2byte	0x171
 535 0384 2E030000 		.4byte	0x32e
 536 0388 10       		.byte	0x10
 537 0389 00       		.byte	0
 538 038a 04       		.uleb128 0x4
 539 038b AA000000 		.4byte	.LASF69
 540 038f 05       		.byte	0x5
 541 0390 66       		.byte	0x66
 542 0391 95030000 		.4byte	0x395
 543 0395 0B       		.uleb128 0xb
 544 0396 96020000 		.4byte	.LASF70
 545 039a 10       		.byte	0x10
 546 039b 06       		.byte	0x6
 547 039c 7B01     		.2byte	0x17b
 548 039e D7030000 		.4byte	0x3d7
 549 03a2 09       		.uleb128 0x9
 550 03a3 AC010000 		.4byte	.LASF64
 551 03a7 06       		.byte	0x6
 552 03a8 7C01     		.2byte	0x17c
 553 03aa DD060000 		.4byte	0x6dd
 554 03ae 00       		.byte	0
 555 03af 09       		.uleb128 0x9
 556 03b0 6C010000 		.4byte	.LASF65
 557 03b4 06       		.byte	0x6
 558 03b5 7E01     		.2byte	0x17e
 559 03b7 DD060000 		.4byte	0x6dd
 560 03bb 04       		.byte	0x4
 561 03bc 09       		.uleb128 0x9
 562 03bd C2010000 		.4byte	.LASF66
 563 03c1 06       		.byte	0x6
 564 03c2 8001     		.2byte	0x180
 565 03c4 2B010000 		.4byte	0x12b
 566 03c8 08       		.byte	0x8
 567 03c9 09       		.uleb128 0x9
 568 03ca 62060000 		.4byte	.LASF71
 569 03ce 06       		.byte	0x6
 570 03cf 8201     		.2byte	0x182
ARM GAS  /tmp/ccAg7l6M.s 			page 11


 571 03d1 D8060000 		.4byte	0x6d8
 572 03d5 0C       		.byte	0xc
 573 03d6 00       		.byte	0
 574 03d7 04       		.uleb128 0x4
 575 03d8 5B000000 		.4byte	.LASF72
 576 03dc 05       		.byte	0x5
 577 03dd 6B       		.byte	0x6b
 578 03de E2030000 		.4byte	0x3e2
 579 03e2 0B       		.uleb128 0xb
 580 03e3 44030000 		.4byte	.LASF73
 581 03e7 04       		.byte	0x4
 582 03e8 06       		.byte	0x6
 583 03e9 A201     		.2byte	0x1a2
 584 03eb FD030000 		.4byte	0x3fd
 585 03ef 09       		.uleb128 0x9
 586 03f0 C9050000 		.4byte	.LASF74
 587 03f4 06       		.byte	0x6
 588 03f5 AA01     		.2byte	0x1aa
 589 03f7 E3060000 		.4byte	0x6e3
 590 03fb 00       		.byte	0
 591 03fc 00       		.byte	0
 592 03fd 04       		.uleb128 0x4
 593 03fe 17020000 		.4byte	.LASF75
 594 0402 05       		.byte	0x5
 595 0403 70       		.byte	0x70
 596 0404 08040000 		.4byte	0x408
 597 0408 0F       		.uleb128 0xf
 598 0409 28010000 		.4byte	.LASF76
 599 040d 5802     		.2byte	0x258
 600 040f 06       		.byte	0x6
 601 0410 C201     		.2byte	0x1c2
 602 0412 64040000 		.4byte	0x464
 603 0416 09       		.uleb128 0x9
 604 0417 3F060000 		.4byte	.LASF77
 605 041b 06       		.byte	0x6
 606 041c C601     		.2byte	0x1c6
 607 041e AB020000 		.4byte	0x2ab
 608 0422 00       		.byte	0
 609 0423 09       		.uleb128 0x9
 610 0424 74010000 		.4byte	.LASF78
 611 0428 06       		.byte	0x6
 612 0429 CA01     		.2byte	0x1ca
 613 042b 8A030000 		.4byte	0x38a
 614 042f 1C       		.byte	0x1c
 615 0430 08       		.uleb128 0x8
 616 0431 64626700 		.ascii	"dbg\000"
 617 0435 06       		.byte	0x6
 618 0436 CE01     		.2byte	0x1ce
 619 0438 D7030000 		.4byte	0x3d7
 620 043c 2C       		.byte	0x2c
 621 043d 09       		.uleb128 0x9
 622 043e 9F000000 		.4byte	.LASF79
 623 0442 06       		.byte	0x6
 624 0443 D201     		.2byte	0x1d2
 625 0445 36010000 		.4byte	0x136
 626 0449 30       		.byte	0x30
 627 044a 08       		.uleb128 0x8
ARM GAS  /tmp/ccAg7l6M.s 			page 12


 628 044b 746D00   		.ascii	"tm\000"
 629 044e 06       		.byte	0x6
 630 044f D701     		.2byte	0x1d7
 631 0451 F6050000 		.4byte	0x5f6
 632 0455 78       		.byte	0x78
 633 0456 09       		.uleb128 0x9
 634 0457 8A010000 		.4byte	.LASF80
 635 045b 06       		.byte	0x6
 636 045c E301     		.2byte	0x1e3
 637 045e E8060000 		.4byte	0x6e8
 638 0462 80       		.byte	0x80
 639 0463 00       		.byte	0
 640 0464 03       		.uleb128 0x3
 641 0465 04       		.byte	0x4
 642 0466 07       		.byte	0x7
 643 0467 7A020000 		.4byte	.LASF81
 644 046b 04       		.uleb128 0x4
 645 046c 63010000 		.4byte	.LASF82
 646 0470 07       		.byte	0x7
 647 0471 65       		.byte	0x65
 648 0472 2E030000 		.4byte	0x32e
 649 0476 04       		.uleb128 0x4
 650 0477 56020000 		.4byte	.LASF83
 651 047b 07       		.byte	0x7
 652 047c 6D       		.byte	0x6d
 653 047d B8000000 		.4byte	0xb8
 654 0481 06       		.uleb128 0x6
 655 0482 DA050000 		.4byte	.LASF84
 656 0486 04       		.byte	0x4
 657 0487 07       		.byte	0x7
 658 0488 89       		.byte	0x89
 659 0489 9A040000 		.4byte	0x49a
 660 048d 10       		.uleb128 0x10
 661 048e 72313300 		.ascii	"r13\000"
 662 0492 07       		.byte	0x7
 663 0493 8A       		.byte	0x8a
 664 0494 DB050000 		.4byte	0x5db
 665 0498 00       		.byte	0
 666 0499 00       		.byte	0
 667 049a 06       		.uleb128 0x6
 668 049b 4F000000 		.4byte	.LASF85
 669 049f 64       		.byte	0x64
 670 04a0 08       		.byte	0x8
 671 04a1 F4       		.byte	0xf4
 672 04a2 DB050000 		.4byte	0x5db
 673 04a6 10       		.uleb128 0x10
 674 04a7 73313600 		.ascii	"s16\000"
 675 04ab 08       		.byte	0x8
 676 04ac F6       		.byte	0xf6
 677 04ad 6B040000 		.4byte	0x46b
 678 04b1 00       		.byte	0
 679 04b2 10       		.uleb128 0x10
 680 04b3 73313700 		.ascii	"s17\000"
 681 04b7 08       		.byte	0x8
 682 04b8 F7       		.byte	0xf7
 683 04b9 6B040000 		.4byte	0x46b
 684 04bd 04       		.byte	0x4
ARM GAS  /tmp/ccAg7l6M.s 			page 13


 685 04be 10       		.uleb128 0x10
 686 04bf 73313800 		.ascii	"s18\000"
 687 04c3 08       		.byte	0x8
 688 04c4 F8       		.byte	0xf8
 689 04c5 6B040000 		.4byte	0x46b
 690 04c9 08       		.byte	0x8
 691 04ca 10       		.uleb128 0x10
 692 04cb 73313900 		.ascii	"s19\000"
 693 04cf 08       		.byte	0x8
 694 04d0 F9       		.byte	0xf9
 695 04d1 6B040000 		.4byte	0x46b
 696 04d5 0C       		.byte	0xc
 697 04d6 10       		.uleb128 0x10
 698 04d7 73323000 		.ascii	"s20\000"
 699 04db 08       		.byte	0x8
 700 04dc FA       		.byte	0xfa
 701 04dd 6B040000 		.4byte	0x46b
 702 04e1 10       		.byte	0x10
 703 04e2 10       		.uleb128 0x10
 704 04e3 73323100 		.ascii	"s21\000"
 705 04e7 08       		.byte	0x8
 706 04e8 FB       		.byte	0xfb
 707 04e9 6B040000 		.4byte	0x46b
 708 04ed 14       		.byte	0x14
 709 04ee 10       		.uleb128 0x10
 710 04ef 73323200 		.ascii	"s22\000"
 711 04f3 08       		.byte	0x8
 712 04f4 FC       		.byte	0xfc
 713 04f5 6B040000 		.4byte	0x46b
 714 04f9 18       		.byte	0x18
 715 04fa 10       		.uleb128 0x10
 716 04fb 73323300 		.ascii	"s23\000"
 717 04ff 08       		.byte	0x8
 718 0500 FD       		.byte	0xfd
 719 0501 6B040000 		.4byte	0x46b
 720 0505 1C       		.byte	0x1c
 721 0506 10       		.uleb128 0x10
 722 0507 73323400 		.ascii	"s24\000"
 723 050b 08       		.byte	0x8
 724 050c FE       		.byte	0xfe
 725 050d 6B040000 		.4byte	0x46b
 726 0511 20       		.byte	0x20
 727 0512 10       		.uleb128 0x10
 728 0513 73323500 		.ascii	"s25\000"
 729 0517 08       		.byte	0x8
 730 0518 FF       		.byte	0xff
 731 0519 6B040000 		.4byte	0x46b
 732 051d 24       		.byte	0x24
 733 051e 08       		.uleb128 0x8
 734 051f 73323600 		.ascii	"s26\000"
 735 0523 08       		.byte	0x8
 736 0524 0001     		.2byte	0x100
 737 0526 6B040000 		.4byte	0x46b
 738 052a 28       		.byte	0x28
 739 052b 08       		.uleb128 0x8
 740 052c 73323700 		.ascii	"s27\000"
 741 0530 08       		.byte	0x8
ARM GAS  /tmp/ccAg7l6M.s 			page 14


 742 0531 0101     		.2byte	0x101
 743 0533 6B040000 		.4byte	0x46b
 744 0537 2C       		.byte	0x2c
 745 0538 08       		.uleb128 0x8
 746 0539 73323800 		.ascii	"s28\000"
 747 053d 08       		.byte	0x8
 748 053e 0201     		.2byte	0x102
 749 0540 6B040000 		.4byte	0x46b
 750 0544 30       		.byte	0x30
 751 0545 08       		.uleb128 0x8
 752 0546 73323900 		.ascii	"s29\000"
 753 054a 08       		.byte	0x8
 754 054b 0301     		.2byte	0x103
 755 054d 6B040000 		.4byte	0x46b
 756 0551 34       		.byte	0x34
 757 0552 08       		.uleb128 0x8
 758 0553 73333000 		.ascii	"s30\000"
 759 0557 08       		.byte	0x8
 760 0558 0401     		.2byte	0x104
 761 055a 6B040000 		.4byte	0x46b
 762 055e 38       		.byte	0x38
 763 055f 08       		.uleb128 0x8
 764 0560 73333100 		.ascii	"s31\000"
 765 0564 08       		.byte	0x8
 766 0565 0501     		.2byte	0x105
 767 0567 6B040000 		.4byte	0x46b
 768 056b 3C       		.byte	0x3c
 769 056c 08       		.uleb128 0x8
 770 056d 723400   		.ascii	"r4\000"
 771 0570 08       		.byte	0x8
 772 0571 0701     		.2byte	0x107
 773 0573 6B040000 		.4byte	0x46b
 774 0577 40       		.byte	0x40
 775 0578 08       		.uleb128 0x8
 776 0579 723500   		.ascii	"r5\000"
 777 057c 08       		.byte	0x8
 778 057d 0801     		.2byte	0x108
 779 057f 6B040000 		.4byte	0x46b
 780 0583 44       		.byte	0x44
 781 0584 08       		.uleb128 0x8
 782 0585 723600   		.ascii	"r6\000"
 783 0588 08       		.byte	0x8
 784 0589 0901     		.2byte	0x109
 785 058b 6B040000 		.4byte	0x46b
 786 058f 48       		.byte	0x48
 787 0590 08       		.uleb128 0x8
 788 0591 723700   		.ascii	"r7\000"
 789 0594 08       		.byte	0x8
 790 0595 0A01     		.2byte	0x10a
 791 0597 6B040000 		.4byte	0x46b
 792 059b 4C       		.byte	0x4c
 793 059c 08       		.uleb128 0x8
 794 059d 723800   		.ascii	"r8\000"
 795 05a0 08       		.byte	0x8
 796 05a1 0B01     		.2byte	0x10b
 797 05a3 6B040000 		.4byte	0x46b
 798 05a7 50       		.byte	0x50
ARM GAS  /tmp/ccAg7l6M.s 			page 15


 799 05a8 08       		.uleb128 0x8
 800 05a9 723900   		.ascii	"r9\000"
 801 05ac 08       		.byte	0x8
 802 05ad 0C01     		.2byte	0x10c
 803 05af 6B040000 		.4byte	0x46b
 804 05b3 54       		.byte	0x54
 805 05b4 08       		.uleb128 0x8
 806 05b5 72313000 		.ascii	"r10\000"
 807 05b9 08       		.byte	0x8
 808 05ba 0D01     		.2byte	0x10d
 809 05bc 6B040000 		.4byte	0x46b
 810 05c0 58       		.byte	0x58
 811 05c1 08       		.uleb128 0x8
 812 05c2 72313100 		.ascii	"r11\000"
 813 05c6 08       		.byte	0x8
 814 05c7 0E01     		.2byte	0x10e
 815 05c9 6B040000 		.4byte	0x46b
 816 05cd 5C       		.byte	0x5c
 817 05ce 08       		.uleb128 0x8
 818 05cf 6C7200   		.ascii	"lr\000"
 819 05d2 08       		.byte	0x8
 820 05d3 0F01     		.2byte	0x10f
 821 05d5 6B040000 		.4byte	0x46b
 822 05d9 60       		.byte	0x60
 823 05da 00       		.byte	0
 824 05db 0A       		.uleb128 0xa
 825 05dc 04       		.byte	0x4
 826 05dd 9A040000 		.4byte	0x49a
 827 05e1 11       		.uleb128 0x11
 828 05e2 04       		.byte	0x4
 829 05e3 09       		.byte	0x9
 830 05e4 38       		.byte	0x38
 831 05e5 F6050000 		.4byte	0x5f6
 832 05e9 07       		.uleb128 0x7
 833 05ea D3050000 		.4byte	.LASF86
 834 05ee 09       		.byte	0x9
 835 05ef 3C       		.byte	0x3c
 836 05f0 C8000000 		.4byte	0xc8
 837 05f4 00       		.byte	0
 838 05f5 00       		.byte	0
 839 05f6 04       		.uleb128 0x4
 840 05f7 DA020000 		.4byte	.LASF87
 841 05fb 09       		.byte	0x9
 842 05fc 3D       		.byte	0x3d
 843 05fd E1050000 		.4byte	0x5e1
 844 0601 12       		.uleb128 0x12
 845 0602 04       		.byte	0x4
 846 0603 06       		.byte	0x6
 847 0604 FA       		.byte	0xfa
 848 0605 5E060000 		.4byte	0x65e
 849 0609 13       		.uleb128 0x13
 850 060a 2D000000 		.4byte	.LASF88
 851 060e 06       		.byte	0x6
 852 060f 0101     		.2byte	0x101
 853 0611 0A010000 		.4byte	0x10a
 854 0615 13       		.uleb128 0x13
 855 0616 96000000 		.4byte	.LASF89
ARM GAS  /tmp/ccAg7l6M.s 			page 16


 856 061a 06       		.byte	0x6
 857 061b 0801     		.2byte	0x108
 858 061d 0A010000 		.4byte	0x10a
 859 0621 13       		.uleb128 0x13
 860 0622 4D060000 		.4byte	.LASF90
 861 0626 06       		.byte	0x6
 862 0627 0F01     		.2byte	0x10f
 863 0629 2E030000 		.4byte	0x32e
 864 062d 13       		.uleb128 0x13
 865 062e 27000000 		.4byte	.LASF91
 866 0632 06       		.byte	0x6
 867 0633 1601     		.2byte	0x116
 868 0635 5E060000 		.4byte	0x65e
 869 0639 13       		.uleb128 0x13
 870 063a BB010000 		.4byte	.LASF92
 871 063e 06       		.byte	0x6
 872 063f 1E01     		.2byte	0x11e
 873 0641 89060000 		.4byte	0x689
 874 0645 13       		.uleb128 0x13
 875 0646 37040000 		.4byte	.LASF93
 876 064a 06       		.byte	0x6
 877 064b 2701     		.2byte	0x127
 878 064d C0060000 		.4byte	0x6c0
 879 0651 13       		.uleb128 0x13
 880 0652 B7030000 		.4byte	.LASF94
 881 0656 06       		.byte	0x6
 882 0657 2F01     		.2byte	0x12f
 883 0659 15010000 		.4byte	0x115
 884 065d 00       		.byte	0
 885 065e 0A       		.uleb128 0xa
 886 065f 04       		.byte	0x4
 887 0660 46020000 		.4byte	0x246
 888 0664 06       		.uleb128 0x6
 889 0665 16040000 		.4byte	.LASF95
 890 0669 0C       		.byte	0xc
 891 066a 0A       		.byte	0xa
 892 066b 34       		.byte	0x34
 893 066c 89060000 		.4byte	0x689
 894 0670 07       		.uleb128 0x7
 895 0671 53010000 		.4byte	.LASF96
 896 0675 0A       		.byte	0xa
 897 0676 35       		.byte	0x35
 898 0677 7B020000 		.4byte	0x27b
 899 067b 00       		.byte	0
 900 067c 07       		.uleb128 0x7
 901 067d 7D030000 		.4byte	.LASF97
 902 0681 0A       		.byte	0xa
 903 0682 37       		.byte	0x37
 904 0683 20010000 		.4byte	0x120
 905 0687 08       		.byte	0x8
 906 0688 00       		.byte	0
 907 0689 0A       		.uleb128 0xa
 908 068a 04       		.byte	0x4
 909 068b 64060000 		.4byte	0x664
 910 068f 06       		.uleb128 0x6
 911 0690 0E060000 		.4byte	.LASF98
 912 0694 10       		.byte	0x10
ARM GAS  /tmp/ccAg7l6M.s 			page 17


 913 0695 0B       		.byte	0xb
 914 0696 39       		.byte	0x39
 915 0697 C0060000 		.4byte	0x6c0
 916 069b 07       		.uleb128 0x7
 917 069c 10010000 		.4byte	.LASF99
 918 06a0 0B       		.byte	0xb
 919 06a1 3A       		.byte	0x3a
 920 06a2 7B020000 		.4byte	0x27b
 921 06a6 00       		.byte	0
 922 06a7 07       		.uleb128 0x7
 923 06a8 85060000 		.4byte	.LASF100
 924 06ac 0B       		.byte	0xb
 925 06ad 3C       		.byte	0x3c
 926 06ae 51020000 		.4byte	0x251
 927 06b2 08       		.byte	0x8
 928 06b3 07       		.uleb128 0x7
 929 06b4 99050000 		.4byte	.LASF101
 930 06b8 0B       		.byte	0xb
 931 06b9 3E       		.byte	0x3e
 932 06ba 03070000 		.4byte	0x703
 933 06be 0C       		.byte	0xc
 934 06bf 00       		.byte	0
 935 06c0 0A       		.uleb128 0xa
 936 06c1 04       		.byte	0x4
 937 06c2 8F060000 		.4byte	0x68f
 938 06c6 0A       		.uleb128 0xa
 939 06c7 04       		.byte	0x4
 940 06c8 CC060000 		.4byte	0x6cc
 941 06cc 14       		.uleb128 0x14
 942 06cd D1060000 		.4byte	0x6d1
 943 06d1 03       		.uleb128 0x3
 944 06d2 01       		.byte	0x1
 945 06d3 08       		.byte	0x8
 946 06d4 68040000 		.4byte	.LASF102
 947 06d8 05       		.uleb128 0x5
 948 06d9 2B010000 		.4byte	0x12b
 949 06dd 0A       		.uleb128 0xa
 950 06de 04       		.byte	0x4
 951 06df 30030000 		.4byte	0x330
 952 06e3 05       		.uleb128 0x5
 953 06e4 C6060000 		.4byte	0x6c6
 954 06e8 15       		.uleb128 0x15
 955 06e9 76040000 		.4byte	0x476
 956 06ed F8060000 		.4byte	0x6f8
 957 06f1 16       		.uleb128 0x16
 958 06f2 64040000 		.4byte	0x464
 959 06f6 3A       		.byte	0x3a
 960 06f7 00       		.byte	0
 961 06f8 04       		.uleb128 0x4
 962 06f9 7B010000 		.4byte	.LASF103
 963 06fd 0B       		.byte	0xb
 964 06fe 34       		.byte	0x34
 965 06ff 8F060000 		.4byte	0x68f
 966 0703 0A       		.uleb128 0xa
 967 0704 04       		.byte	0x4
 968 0705 F8060000 		.4byte	0x6f8
 969 0709 03       		.uleb128 0x3
ARM GAS  /tmp/ccAg7l6M.s 			page 18


 970 070a 01       		.byte	0x1
 971 070b 02       		.byte	0x2
 972 070c 54030000 		.4byte	.LASF104
 973 0710 11       		.uleb128 0x11
 974 0711 1C       		.byte	0x1c
 975 0712 0C       		.byte	0xc
 976 0713 C1       		.byte	0xc1
 977 0714 6D070000 		.4byte	0x76d
 978 0718 07       		.uleb128 0x7
 979 0719 18010000 		.4byte	.LASF105
 980 071d 0C       		.byte	0xc
 981 071e C3       		.byte	0xc3
 982 071f AD000000 		.4byte	0xad
 983 0723 00       		.byte	0
 984 0724 07       		.uleb128 0x7
 985 0725 E6010000 		.4byte	.LASF106
 986 0729 0C       		.byte	0xc
 987 072a C5       		.byte	0xc5
 988 072b AD000000 		.4byte	0xad
 989 072f 04       		.byte	0x4
 990 0730 07       		.uleb128 0x7
 991 0731 DE010000 		.4byte	.LASF107
 992 0735 0C       		.byte	0xc
 993 0736 C7       		.byte	0xc7
 994 0737 AD000000 		.4byte	0xad
 995 073b 08       		.byte	0x8
 996 073c 07       		.uleb128 0x7
 997 073d 90000000 		.4byte	.LASF108
 998 0741 0C       		.byte	0xc
 999 0742 C9       		.byte	0xc9
 1000 0743 AD000000 		.4byte	0xad
 1001 0747 0C       		.byte	0xc
 1002 0748 10       		.uleb128 0x10
 1003 0749 6F647200 		.ascii	"odr\000"
 1004 074d 0C       		.byte	0xc
 1005 074e CB       		.byte	0xcb
 1006 074f AD000000 		.4byte	0xad
 1007 0753 10       		.byte	0x10
 1008 0754 07       		.uleb128 0x7
 1009 0755 78030000 		.4byte	.LASF109
 1010 0759 0C       		.byte	0xc
 1011 075a CD       		.byte	0xcd
 1012 075b AD000000 		.4byte	0xad
 1013 075f 14       		.byte	0x14
 1014 0760 07       		.uleb128 0x7
 1015 0761 EB020000 		.4byte	.LASF110
 1016 0765 0C       		.byte	0xc
 1017 0766 CF       		.byte	0xcf
 1018 0767 AD000000 		.4byte	0xad
 1019 076b 18       		.byte	0x18
 1020 076c 00       		.byte	0
 1021 076d 04       		.uleb128 0x4
 1022 076e 00000000 		.4byte	.LASF111
 1023 0772 0C       		.byte	0xc
 1024 0773 D0       		.byte	0xd0
 1025 0774 10070000 		.4byte	0x710
 1026 0778 11       		.uleb128 0x11
ARM GAS  /tmp/ccAg7l6M.s 			page 19


 1027 0779 FC       		.byte	0xfc
 1028 077a 0C       		.byte	0xc
 1029 077b D9       		.byte	0xd9
 1030 077c ED070000 		.4byte	0x7ed
 1031 0780 07       		.uleb128 0x7
 1032 0781 B0030000 		.4byte	.LASF112
 1033 0785 0C       		.byte	0xc
 1034 0786 DC       		.byte	0xdc
 1035 0787 6D070000 		.4byte	0x76d
 1036 078b 00       		.byte	0
 1037 078c 07       		.uleb128 0x7
 1038 078d 83010000 		.4byte	.LASF113
 1039 0791 0C       		.byte	0xc
 1040 0792 E0       		.byte	0xe0
 1041 0793 6D070000 		.4byte	0x76d
 1042 0797 1C       		.byte	0x1c
 1043 0798 07       		.uleb128 0x7
 1044 0799 5B060000 		.4byte	.LASF114
 1045 079d 0C       		.byte	0xc
 1046 079e E4       		.byte	0xe4
 1047 079f 6D070000 		.4byte	0x76d
 1048 07a3 38       		.byte	0x38
 1049 07a4 07       		.uleb128 0x7
 1050 07a5 F0020000 		.4byte	.LASF115
 1051 07a9 0C       		.byte	0xc
 1052 07aa E8       		.byte	0xe8
 1053 07ab 6D070000 		.4byte	0x76d
 1054 07af 54       		.byte	0x54
 1055 07b0 07       		.uleb128 0x7
 1056 07b1 3B010000 		.4byte	.LASF116
 1057 07b5 0C       		.byte	0xc
 1058 07b6 EC       		.byte	0xec
 1059 07b7 6D070000 		.4byte	0x76d
 1060 07bb 70       		.byte	0x70
 1061 07bc 07       		.uleb128 0x7
 1062 07bd 00020000 		.4byte	.LASF117
 1063 07c1 0C       		.byte	0xc
 1064 07c2 F0       		.byte	0xf0
 1065 07c3 6D070000 		.4byte	0x76d
 1066 07c7 8C       		.byte	0x8c
 1067 07c8 07       		.uleb128 0x7
 1068 07c9 4F020000 		.4byte	.LASF118
 1069 07cd 0C       		.byte	0xc
 1070 07ce F4       		.byte	0xf4
 1071 07cf 6D070000 		.4byte	0x76d
 1072 07d3 A8       		.byte	0xa8
 1073 07d4 07       		.uleb128 0x7
 1074 07d5 72000000 		.4byte	.LASF119
 1075 07d9 0C       		.byte	0xc
 1076 07da F8       		.byte	0xf8
 1077 07db 6D070000 		.4byte	0x76d
 1078 07df C4       		.byte	0xc4
 1079 07e0 07       		.uleb128 0x7
 1080 07e1 FE030000 		.4byte	.LASF120
 1081 07e5 0C       		.byte	0xc
 1082 07e6 FC       		.byte	0xfc
 1083 07e7 6D070000 		.4byte	0x76d
ARM GAS  /tmp/ccAg7l6M.s 			page 20


 1084 07eb E0       		.byte	0xe0
 1085 07ec 00       		.byte	0
 1086 07ed 04       		.uleb128 0x4
 1087 07ee 7B060000 		.4byte	.LASF121
 1088 07f2 0C       		.byte	0xc
 1089 07f3 FE       		.byte	0xfe
 1090 07f4 78070000 		.4byte	0x778
 1091 07f8 17       		.uleb128 0x17
 1092 07f9 33030000 		.4byte	.LASF136
 1093 07fd 17       		.byte	0x17
 1094 07fe C101     		.2byte	0x1c1
 1095 0800 03       		.byte	0x3
 1096 0801 18       		.uleb128 0x18
 1097 0802 D6010000 		.4byte	.LASF137
 1098 0806 01       		.byte	0x1
 1099 0807 38       		.byte	0x38
 1100 0808 00000000 		.4byte	.LFB256
 1101 080c 34000000 		.4byte	.LFE256-.LFB256
 1102 0810 01       		.uleb128 0x1
 1103 0811 9C       		.byte	0x9c
 1104 0812 71080000 		.4byte	0x871
 1105 0816 19       		.uleb128 0x19
 1106 0817 06000000 		.4byte	.LVL0
 1107 081b 99080000 		.4byte	0x899
 1108 081f 19       		.uleb128 0x19
 1109 0820 0C000000 		.4byte	.LVL1
 1110 0824 A1080000 		.4byte	0x8a1
 1111 0828 19       		.uleb128 0x19
 1112 0829 10000000 		.4byte	.LVL2
 1113 082d B9080000 		.4byte	0x8b9
 1114 0831 19       		.uleb128 0x19
 1115 0832 14000000 		.4byte	.LVL3
 1116 0836 C0080000 		.4byte	0x8c0
 1117 083a 19       		.uleb128 0x19
 1118 083b 18000000 		.4byte	.LVL4
 1119 083f C7080000 		.4byte	0x8c7
 1120 0843 19       		.uleb128 0x19
 1121 0844 1C000000 		.4byte	.LVL5
 1122 0848 CE080000 		.4byte	0x8ce
 1123 084c 19       		.uleb128 0x19
 1124 084d 20000000 		.4byte	.LVL6
 1125 0851 D5080000 		.4byte	0x8d5
 1126 0855 19       		.uleb128 0x19
 1127 0856 24000000 		.4byte	.LVL7
 1128 085a DD080000 		.4byte	0x8dd
 1129 085e 19       		.uleb128 0x19
 1130 085f 28000000 		.4byte	.LVL8
 1131 0863 E4080000 		.4byte	0x8e4
 1132 0867 1A       		.uleb128 0x1a
 1133 0868 30000000 		.4byte	.LVL9
 1134 086c EC080000 		.4byte	0x8ec
 1135 0870 00       		.byte	0
 1136 0871 1B       		.uleb128 0x1b
 1137 0872 C0000000 		.4byte	.LASF122
 1138 0876 0D       		.byte	0xd
 1139 0877 A706     		.2byte	0x6a7
 1140 0879 C3000000 		.4byte	0xc3
ARM GAS  /tmp/ccAg7l6M.s 			page 21


 1141 087d 1C       		.uleb128 0x1c
 1142 087e 636800   		.ascii	"ch\000"
 1143 0881 06       		.byte	0x6
 1144 0882 0902     		.2byte	0x209
 1145 0884 FD030000 		.4byte	0x3fd
 1146 0888 1B       		.uleb128 0x1b
 1147 0889 8D060000 		.4byte	.LASF123
 1148 088d 0C       		.byte	0xc
 1149 088e DA01     		.2byte	0x1da
 1150 0890 94080000 		.4byte	0x894
 1151 0894 14       		.uleb128 0x14
 1152 0895 ED070000 		.4byte	0x7ed
 1153 0899 1D       		.uleb128 0x1d
 1154 089a E2050000 		.4byte	.LASF124
 1155 089e 0E       		.byte	0xe
 1156 089f 1206     		.2byte	0x612
 1157 08a1 1E       		.uleb128 0x1e
 1158 08a2 1E060000 		.4byte	.LASF138
 1159 08a6 0C       		.byte	0xc
 1160 08a7 DF01     		.2byte	0x1df
 1161 08a9 B3080000 		.4byte	0x8b3
 1162 08ad 0D       		.uleb128 0xd
 1163 08ae B3080000 		.4byte	0x8b3
 1164 08b2 00       		.byte	0
 1165 08b3 0A       		.uleb128 0xa
 1166 08b4 04       		.byte	0x4
 1167 08b5 94080000 		.4byte	0x894
 1168 08b9 1F       		.uleb128 0x1f
 1169 08ba 34000000 		.4byte	.LASF125
 1170 08be 0F       		.byte	0xf
 1171 08bf 7E       		.byte	0x7e
 1172 08c0 1F       		.uleb128 0x1f
 1173 08c1 6D060000 		.4byte	.LASF126
 1174 08c5 10       		.byte	0x10
 1175 08c6 8B       		.byte	0x8b
 1176 08c7 1F       		.uleb128 0x1f
 1177 08c8 6A000000 		.4byte	.LASF127
 1178 08cc 11       		.byte	0x11
 1179 08cd DD       		.byte	0xdd
 1180 08ce 1F       		.uleb128 0x1f
 1181 08cf FF000000 		.4byte	.LASF128
 1182 08d3 12       		.byte	0x12
 1183 08d4 62       		.byte	0x62
 1184 08d5 1D       		.uleb128 0x1d
 1185 08d6 6D040000 		.4byte	.LASF129
 1186 08da 13       		.byte	0x13
 1187 08db 3502     		.2byte	0x235
 1188 08dd 1F       		.uleb128 0x1f
 1189 08de 70030000 		.4byte	.LASF130
 1190 08e2 14       		.byte	0x14
 1191 08e3 F6       		.byte	0xf6
 1192 08e4 1D       		.uleb128 0x1d
 1193 08e5 35060000 		.4byte	.LASF131
 1194 08e9 15       		.byte	0x15
 1195 08ea 0A05     		.2byte	0x50a
 1196 08ec 1F       		.uleb128 0x1f
 1197 08ed 20000000 		.4byte	.LASF132
ARM GAS  /tmp/ccAg7l6M.s 			page 22


 1198 08f1 16       		.byte	0x16
 1199 08f2 56       		.byte	0x56
 1200 08f3 00       		.byte	0
 1201              		.section	.debug_abbrev,"",%progbits
 1202              	.Ldebug_abbrev0:
 1203 0000 01       		.uleb128 0x1
 1204 0001 11       		.uleb128 0x11
 1205 0002 01       		.byte	0x1
 1206 0003 25       		.uleb128 0x25
 1207 0004 0E       		.uleb128 0xe
 1208 0005 13       		.uleb128 0x13
 1209 0006 0B       		.uleb128 0xb
 1210 0007 03       		.uleb128 0x3
 1211 0008 0E       		.uleb128 0xe
 1212 0009 1B       		.uleb128 0x1b
 1213 000a 0E       		.uleb128 0xe
 1214 000b 55       		.uleb128 0x55
 1215 000c 17       		.uleb128 0x17
 1216 000d 11       		.uleb128 0x11
 1217 000e 01       		.uleb128 0x1
 1218 000f 10       		.uleb128 0x10
 1219 0010 17       		.uleb128 0x17
 1220 0011 00       		.byte	0
 1221 0012 00       		.byte	0
 1222 0013 02       		.uleb128 0x2
 1223 0014 24       		.uleb128 0x24
 1224 0015 00       		.byte	0
 1225 0016 0B       		.uleb128 0xb
 1226 0017 0B       		.uleb128 0xb
 1227 0018 3E       		.uleb128 0x3e
 1228 0019 0B       		.uleb128 0xb
 1229 001a 03       		.uleb128 0x3
 1230 001b 08       		.uleb128 0x8
 1231 001c 00       		.byte	0
 1232 001d 00       		.byte	0
 1233 001e 03       		.uleb128 0x3
 1234 001f 24       		.uleb128 0x24
 1235 0020 00       		.byte	0
 1236 0021 0B       		.uleb128 0xb
 1237 0022 0B       		.uleb128 0xb
 1238 0023 3E       		.uleb128 0x3e
 1239 0024 0B       		.uleb128 0xb
 1240 0025 03       		.uleb128 0x3
 1241 0026 0E       		.uleb128 0xe
 1242 0027 00       		.byte	0
 1243 0028 00       		.byte	0
 1244 0029 04       		.uleb128 0x4
 1245 002a 16       		.uleb128 0x16
 1246 002b 00       		.byte	0
 1247 002c 03       		.uleb128 0x3
 1248 002d 0E       		.uleb128 0xe
 1249 002e 3A       		.uleb128 0x3a
 1250 002f 0B       		.uleb128 0xb
 1251 0030 3B       		.uleb128 0x3b
 1252 0031 0B       		.uleb128 0xb
 1253 0032 49       		.uleb128 0x49
 1254 0033 13       		.uleb128 0x13
ARM GAS  /tmp/ccAg7l6M.s 			page 23


 1255 0034 00       		.byte	0
 1256 0035 00       		.byte	0
 1257 0036 05       		.uleb128 0x5
 1258 0037 35       		.uleb128 0x35
 1259 0038 00       		.byte	0
 1260 0039 49       		.uleb128 0x49
 1261 003a 13       		.uleb128 0x13
 1262 003b 00       		.byte	0
 1263 003c 00       		.byte	0
 1264 003d 06       		.uleb128 0x6
 1265 003e 13       		.uleb128 0x13
 1266 003f 01       		.byte	0x1
 1267 0040 03       		.uleb128 0x3
 1268 0041 0E       		.uleb128 0xe
 1269 0042 0B       		.uleb128 0xb
 1270 0043 0B       		.uleb128 0xb
 1271 0044 3A       		.uleb128 0x3a
 1272 0045 0B       		.uleb128 0xb
 1273 0046 3B       		.uleb128 0x3b
 1274 0047 0B       		.uleb128 0xb
 1275 0048 01       		.uleb128 0x1
 1276 0049 13       		.uleb128 0x13
 1277 004a 00       		.byte	0
 1278 004b 00       		.byte	0
 1279 004c 07       		.uleb128 0x7
 1280 004d 0D       		.uleb128 0xd
 1281 004e 00       		.byte	0
 1282 004f 03       		.uleb128 0x3
 1283 0050 0E       		.uleb128 0xe
 1284 0051 3A       		.uleb128 0x3a
 1285 0052 0B       		.uleb128 0xb
 1286 0053 3B       		.uleb128 0x3b
 1287 0054 0B       		.uleb128 0xb
 1288 0055 49       		.uleb128 0x49
 1289 0056 13       		.uleb128 0x13
 1290 0057 38       		.uleb128 0x38
 1291 0058 0B       		.uleb128 0xb
 1292 0059 00       		.byte	0
 1293 005a 00       		.byte	0
 1294 005b 08       		.uleb128 0x8
 1295 005c 0D       		.uleb128 0xd
 1296 005d 00       		.byte	0
 1297 005e 03       		.uleb128 0x3
 1298 005f 08       		.uleb128 0x8
 1299 0060 3A       		.uleb128 0x3a
 1300 0061 0B       		.uleb128 0xb
 1301 0062 3B       		.uleb128 0x3b
 1302 0063 05       		.uleb128 0x5
 1303 0064 49       		.uleb128 0x49
 1304 0065 13       		.uleb128 0x13
 1305 0066 38       		.uleb128 0x38
 1306 0067 0B       		.uleb128 0xb
 1307 0068 00       		.byte	0
 1308 0069 00       		.byte	0
 1309 006a 09       		.uleb128 0x9
 1310 006b 0D       		.uleb128 0xd
 1311 006c 00       		.byte	0
ARM GAS  /tmp/ccAg7l6M.s 			page 24


 1312 006d 03       		.uleb128 0x3
 1313 006e 0E       		.uleb128 0xe
 1314 006f 3A       		.uleb128 0x3a
 1315 0070 0B       		.uleb128 0xb
 1316 0071 3B       		.uleb128 0x3b
 1317 0072 05       		.uleb128 0x5
 1318 0073 49       		.uleb128 0x49
 1319 0074 13       		.uleb128 0x13
 1320 0075 38       		.uleb128 0x38
 1321 0076 0B       		.uleb128 0xb
 1322 0077 00       		.byte	0
 1323 0078 00       		.byte	0
 1324 0079 0A       		.uleb128 0xa
 1325 007a 0F       		.uleb128 0xf
 1326 007b 00       		.byte	0
 1327 007c 0B       		.uleb128 0xb
 1328 007d 0B       		.uleb128 0xb
 1329 007e 49       		.uleb128 0x49
 1330 007f 13       		.uleb128 0x13
 1331 0080 00       		.byte	0
 1332 0081 00       		.byte	0
 1333 0082 0B       		.uleb128 0xb
 1334 0083 13       		.uleb128 0x13
 1335 0084 01       		.byte	0x1
 1336 0085 03       		.uleb128 0x3
 1337 0086 0E       		.uleb128 0xe
 1338 0087 0B       		.uleb128 0xb
 1339 0088 0B       		.uleb128 0xb
 1340 0089 3A       		.uleb128 0x3a
 1341 008a 0B       		.uleb128 0xb
 1342 008b 3B       		.uleb128 0x3b
 1343 008c 05       		.uleb128 0x5
 1344 008d 01       		.uleb128 0x1
 1345 008e 13       		.uleb128 0x13
 1346 008f 00       		.byte	0
 1347 0090 00       		.byte	0
 1348 0091 0C       		.uleb128 0xc
 1349 0092 15       		.uleb128 0x15
 1350 0093 01       		.byte	0x1
 1351 0094 27       		.uleb128 0x27
 1352 0095 19       		.uleb128 0x19
 1353 0096 01       		.uleb128 0x1
 1354 0097 13       		.uleb128 0x13
 1355 0098 00       		.byte	0
 1356 0099 00       		.byte	0
 1357 009a 0D       		.uleb128 0xd
 1358 009b 05       		.uleb128 0x5
 1359 009c 00       		.byte	0
 1360 009d 49       		.uleb128 0x49
 1361 009e 13       		.uleb128 0x13
 1362 009f 00       		.byte	0
 1363 00a0 00       		.byte	0
 1364 00a1 0E       		.uleb128 0xe
 1365 00a2 0F       		.uleb128 0xf
 1366 00a3 00       		.byte	0
 1367 00a4 0B       		.uleb128 0xb
 1368 00a5 0B       		.uleb128 0xb
ARM GAS  /tmp/ccAg7l6M.s 			page 25


 1369 00a6 00       		.byte	0
 1370 00a7 00       		.byte	0
 1371 00a8 0F       		.uleb128 0xf
 1372 00a9 13       		.uleb128 0x13
 1373 00aa 01       		.byte	0x1
 1374 00ab 03       		.uleb128 0x3
 1375 00ac 0E       		.uleb128 0xe
 1376 00ad 0B       		.uleb128 0xb
 1377 00ae 05       		.uleb128 0x5
 1378 00af 3A       		.uleb128 0x3a
 1379 00b0 0B       		.uleb128 0xb
 1380 00b1 3B       		.uleb128 0x3b
 1381 00b2 05       		.uleb128 0x5
 1382 00b3 01       		.uleb128 0x1
 1383 00b4 13       		.uleb128 0x13
 1384 00b5 00       		.byte	0
 1385 00b6 00       		.byte	0
 1386 00b7 10       		.uleb128 0x10
 1387 00b8 0D       		.uleb128 0xd
 1388 00b9 00       		.byte	0
 1389 00ba 03       		.uleb128 0x3
 1390 00bb 08       		.uleb128 0x8
 1391 00bc 3A       		.uleb128 0x3a
 1392 00bd 0B       		.uleb128 0xb
 1393 00be 3B       		.uleb128 0x3b
 1394 00bf 0B       		.uleb128 0xb
 1395 00c0 49       		.uleb128 0x49
 1396 00c1 13       		.uleb128 0x13
 1397 00c2 38       		.uleb128 0x38
 1398 00c3 0B       		.uleb128 0xb
 1399 00c4 00       		.byte	0
 1400 00c5 00       		.byte	0
 1401 00c6 11       		.uleb128 0x11
 1402 00c7 13       		.uleb128 0x13
 1403 00c8 01       		.byte	0x1
 1404 00c9 0B       		.uleb128 0xb
 1405 00ca 0B       		.uleb128 0xb
 1406 00cb 3A       		.uleb128 0x3a
 1407 00cc 0B       		.uleb128 0xb
 1408 00cd 3B       		.uleb128 0x3b
 1409 00ce 0B       		.uleb128 0xb
 1410 00cf 01       		.uleb128 0x1
 1411 00d0 13       		.uleb128 0x13
 1412 00d1 00       		.byte	0
 1413 00d2 00       		.byte	0
 1414 00d3 12       		.uleb128 0x12
 1415 00d4 17       		.uleb128 0x17
 1416 00d5 01       		.byte	0x1
 1417 00d6 0B       		.uleb128 0xb
 1418 00d7 0B       		.uleb128 0xb
 1419 00d8 3A       		.uleb128 0x3a
 1420 00d9 0B       		.uleb128 0xb
 1421 00da 3B       		.uleb128 0x3b
 1422 00db 0B       		.uleb128 0xb
 1423 00dc 01       		.uleb128 0x1
 1424 00dd 13       		.uleb128 0x13
 1425 00de 00       		.byte	0
ARM GAS  /tmp/ccAg7l6M.s 			page 26


 1426 00df 00       		.byte	0
 1427 00e0 13       		.uleb128 0x13
 1428 00e1 0D       		.uleb128 0xd
 1429 00e2 00       		.byte	0
 1430 00e3 03       		.uleb128 0x3
 1431 00e4 0E       		.uleb128 0xe
 1432 00e5 3A       		.uleb128 0x3a
 1433 00e6 0B       		.uleb128 0xb
 1434 00e7 3B       		.uleb128 0x3b
 1435 00e8 05       		.uleb128 0x5
 1436 00e9 49       		.uleb128 0x49
 1437 00ea 13       		.uleb128 0x13
 1438 00eb 00       		.byte	0
 1439 00ec 00       		.byte	0
 1440 00ed 14       		.uleb128 0x14
 1441 00ee 26       		.uleb128 0x26
 1442 00ef 00       		.byte	0
 1443 00f0 49       		.uleb128 0x49
 1444 00f1 13       		.uleb128 0x13
 1445 00f2 00       		.byte	0
 1446 00f3 00       		.byte	0
 1447 00f4 15       		.uleb128 0x15
 1448 00f5 01       		.uleb128 0x1
 1449 00f6 01       		.byte	0x1
 1450 00f7 49       		.uleb128 0x49
 1451 00f8 13       		.uleb128 0x13
 1452 00f9 01       		.uleb128 0x1
 1453 00fa 13       		.uleb128 0x13
 1454 00fb 00       		.byte	0
 1455 00fc 00       		.byte	0
 1456 00fd 16       		.uleb128 0x16
 1457 00fe 21       		.uleb128 0x21
 1458 00ff 00       		.byte	0
 1459 0100 49       		.uleb128 0x49
 1460 0101 13       		.uleb128 0x13
 1461 0102 2F       		.uleb128 0x2f
 1462 0103 0B       		.uleb128 0xb
 1463 0104 00       		.byte	0
 1464 0105 00       		.byte	0
 1465 0106 17       		.uleb128 0x17
 1466 0107 2E       		.uleb128 0x2e
 1467 0108 00       		.byte	0
 1468 0109 03       		.uleb128 0x3
 1469 010a 0E       		.uleb128 0xe
 1470 010b 3A       		.uleb128 0x3a
 1471 010c 0B       		.uleb128 0xb
 1472 010d 3B       		.uleb128 0x3b
 1473 010e 05       		.uleb128 0x5
 1474 010f 27       		.uleb128 0x27
 1475 0110 19       		.uleb128 0x19
 1476 0111 20       		.uleb128 0x20
 1477 0112 0B       		.uleb128 0xb
 1478 0113 00       		.byte	0
 1479 0114 00       		.byte	0
 1480 0115 18       		.uleb128 0x18
 1481 0116 2E       		.uleb128 0x2e
 1482 0117 01       		.byte	0x1
ARM GAS  /tmp/ccAg7l6M.s 			page 27


 1483 0118 3F       		.uleb128 0x3f
 1484 0119 19       		.uleb128 0x19
 1485 011a 03       		.uleb128 0x3
 1486 011b 0E       		.uleb128 0xe
 1487 011c 3A       		.uleb128 0x3a
 1488 011d 0B       		.uleb128 0xb
 1489 011e 3B       		.uleb128 0x3b
 1490 011f 0B       		.uleb128 0xb
 1491 0120 27       		.uleb128 0x27
 1492 0121 19       		.uleb128 0x19
 1493 0122 11       		.uleb128 0x11
 1494 0123 01       		.uleb128 0x1
 1495 0124 12       		.uleb128 0x12
 1496 0125 06       		.uleb128 0x6
 1497 0126 40       		.uleb128 0x40
 1498 0127 18       		.uleb128 0x18
 1499 0128 9742     		.uleb128 0x2117
 1500 012a 19       		.uleb128 0x19
 1501 012b 01       		.uleb128 0x1
 1502 012c 13       		.uleb128 0x13
 1503 012d 00       		.byte	0
 1504 012e 00       		.byte	0
 1505 012f 19       		.uleb128 0x19
 1506 0130 898201   		.uleb128 0x4109
 1507 0133 00       		.byte	0
 1508 0134 11       		.uleb128 0x11
 1509 0135 01       		.uleb128 0x1
 1510 0136 31       		.uleb128 0x31
 1511 0137 13       		.uleb128 0x13
 1512 0138 00       		.byte	0
 1513 0139 00       		.byte	0
 1514 013a 1A       		.uleb128 0x1a
 1515 013b 898201   		.uleb128 0x4109
 1516 013e 00       		.byte	0
 1517 013f 11       		.uleb128 0x11
 1518 0140 01       		.uleb128 0x1
 1519 0141 9542     		.uleb128 0x2115
 1520 0143 19       		.uleb128 0x19
 1521 0144 31       		.uleb128 0x31
 1522 0145 13       		.uleb128 0x13
 1523 0146 00       		.byte	0
 1524 0147 00       		.byte	0
 1525 0148 1B       		.uleb128 0x1b
 1526 0149 34       		.uleb128 0x34
 1527 014a 00       		.byte	0
 1528 014b 03       		.uleb128 0x3
 1529 014c 0E       		.uleb128 0xe
 1530 014d 3A       		.uleb128 0x3a
 1531 014e 0B       		.uleb128 0xb
 1532 014f 3B       		.uleb128 0x3b
 1533 0150 05       		.uleb128 0x5
 1534 0151 49       		.uleb128 0x49
 1535 0152 13       		.uleb128 0x13
 1536 0153 3F       		.uleb128 0x3f
 1537 0154 19       		.uleb128 0x19
 1538 0155 3C       		.uleb128 0x3c
 1539 0156 19       		.uleb128 0x19
ARM GAS  /tmp/ccAg7l6M.s 			page 28


 1540 0157 00       		.byte	0
 1541 0158 00       		.byte	0
 1542 0159 1C       		.uleb128 0x1c
 1543 015a 34       		.uleb128 0x34
 1544 015b 00       		.byte	0
 1545 015c 03       		.uleb128 0x3
 1546 015d 08       		.uleb128 0x8
 1547 015e 3A       		.uleb128 0x3a
 1548 015f 0B       		.uleb128 0xb
 1549 0160 3B       		.uleb128 0x3b
 1550 0161 05       		.uleb128 0x5
 1551 0162 49       		.uleb128 0x49
 1552 0163 13       		.uleb128 0x13
 1553 0164 3F       		.uleb128 0x3f
 1554 0165 19       		.uleb128 0x19
 1555 0166 3C       		.uleb128 0x3c
 1556 0167 19       		.uleb128 0x19
 1557 0168 00       		.byte	0
 1558 0169 00       		.byte	0
 1559 016a 1D       		.uleb128 0x1d
 1560 016b 2E       		.uleb128 0x2e
 1561 016c 00       		.byte	0
 1562 016d 3F       		.uleb128 0x3f
 1563 016e 19       		.uleb128 0x19
 1564 016f 03       		.uleb128 0x3
 1565 0170 0E       		.uleb128 0xe
 1566 0171 3A       		.uleb128 0x3a
 1567 0172 0B       		.uleb128 0xb
 1568 0173 3B       		.uleb128 0x3b
 1569 0174 05       		.uleb128 0x5
 1570 0175 27       		.uleb128 0x27
 1571 0176 19       		.uleb128 0x19
 1572 0177 3C       		.uleb128 0x3c
 1573 0178 19       		.uleb128 0x19
 1574 0179 00       		.byte	0
 1575 017a 00       		.byte	0
 1576 017b 1E       		.uleb128 0x1e
 1577 017c 2E       		.uleb128 0x2e
 1578 017d 01       		.byte	0x1
 1579 017e 3F       		.uleb128 0x3f
 1580 017f 19       		.uleb128 0x19
 1581 0180 03       		.uleb128 0x3
 1582 0181 0E       		.uleb128 0xe
 1583 0182 3A       		.uleb128 0x3a
 1584 0183 0B       		.uleb128 0xb
 1585 0184 3B       		.uleb128 0x3b
 1586 0185 05       		.uleb128 0x5
 1587 0186 27       		.uleb128 0x27
 1588 0187 19       		.uleb128 0x19
 1589 0188 3C       		.uleb128 0x3c
 1590 0189 19       		.uleb128 0x19
 1591 018a 01       		.uleb128 0x1
 1592 018b 13       		.uleb128 0x13
 1593 018c 00       		.byte	0
 1594 018d 00       		.byte	0
 1595 018e 1F       		.uleb128 0x1f
 1596 018f 2E       		.uleb128 0x2e
ARM GAS  /tmp/ccAg7l6M.s 			page 29


 1597 0190 00       		.byte	0
 1598 0191 3F       		.uleb128 0x3f
 1599 0192 19       		.uleb128 0x19
 1600 0193 03       		.uleb128 0x3
 1601 0194 0E       		.uleb128 0xe
 1602 0195 3A       		.uleb128 0x3a
 1603 0196 0B       		.uleb128 0xb
 1604 0197 3B       		.uleb128 0x3b
 1605 0198 0B       		.uleb128 0xb
 1606 0199 27       		.uleb128 0x27
 1607 019a 19       		.uleb128 0x19
 1608 019b 3C       		.uleb128 0x3c
 1609 019c 19       		.uleb128 0x19
 1610 019d 00       		.byte	0
 1611 019e 00       		.byte	0
 1612 019f 00       		.byte	0
 1613              		.section	.debug_aranges,"",%progbits
 1614 0000 1C000000 		.4byte	0x1c
 1615 0004 0200     		.2byte	0x2
 1616 0006 00000000 		.4byte	.Ldebug_info0
 1617 000a 04       		.byte	0x4
 1618 000b 00       		.byte	0
 1619 000c 0000     		.2byte	0
 1620 000e 0000     		.2byte	0
 1621 0010 00000000 		.4byte	.LFB256
 1622 0014 34000000 		.4byte	.LFE256-.LFB256
 1623 0018 00000000 		.4byte	0
 1624 001c 00000000 		.4byte	0
 1625              		.section	.debug_ranges,"",%progbits
 1626              	.Ldebug_ranges0:
 1627 0000 00000000 		.4byte	.LFB256
 1628 0004 34000000 		.4byte	.LFE256
 1629 0008 00000000 		.4byte	0
 1630 000c 00000000 		.4byte	0
 1631              		.section	.debug_line,"",%progbits
 1632              	.Ldebug_line0:
 1633 0000 F9020000 		.section	.debug_str,"MS",%progbits,1
 1633      0200D102 
 1633      00000201 
 1633      FB0E0D00 
 1633      01010101 
 1634              	.LASF111:
 1635 0000 73746D33 		.ascii	"stm32_gpio_setup_t\000"
 1635      325F6770 
 1635      696F5F73 
 1635      65747570 
 1635      5F7400
 1636              	.LASF53:
 1637 0013 72656164 		.ascii	"ready_list_t\000"
 1637      795F6C69 
 1637      73745F74 
 1637      00
 1638              	.LASF132:
 1639 0020 7374496E 		.ascii	"stInit\000"
 1639      697400
 1640              	.LASF91:
 1641 0027 77747472 		.ascii	"wttrp\000"
ARM GAS  /tmp/ccAg7l6M.s 			page 30


 1641      7000
 1642              	.LASF88:
 1643 002d 7264796D 		.ascii	"rdymsg\000"
 1643      736700
 1644              	.LASF125:
 1645 0034 63616E49 		.ascii	"canInit\000"
 1645      6E697400 
 1646              	.LASF16:
 1647 003c 75696E74 		.ascii	"uint64_t\000"
 1647      36345F74 
 1647      00
 1648              	.LASF5:
 1649 0045 5F5F7569 		.ascii	"__uint8_t\000"
 1649      6E74385F 
 1649      7400
 1650              	.LASF85:
 1651 004f 706F7274 		.ascii	"port_intctx\000"
 1651      5F696E74 
 1651      63747800 
 1652              	.LASF72:
 1653 005b 73797374 		.ascii	"system_debug_t\000"
 1653      656D5F64 
 1653      65627567 
 1653      5F7400
 1654              	.LASF127:
 1655 006a 69637549 		.ascii	"icuInit\000"
 1655      6E697400 
 1656              	.LASF119:
 1657 0072 50484461 		.ascii	"PHData\000"
 1657      746100
 1658              	.LASF12:
 1659 0079 6C6F6E67 		.ascii	"long long unsigned int\000"
 1659      206C6F6E 
 1659      6720756E 
 1659      7369676E 
 1659      65642069 
 1660              	.LASF108:
 1661 0090 70757064 		.ascii	"pupdr\000"
 1661      7200
 1662              	.LASF89:
 1663 0096 65786974 		.ascii	"exitcode\000"
 1663      636F6465 
 1663      00
 1664              	.LASF79:
 1665 009f 6D61696E 		.ascii	"mainthread\000"
 1665      74687265 
 1665      616400
 1666              	.LASF69:
 1667 00aa 76697274 		.ascii	"virtual_timers_list_t\000"
 1667      75616C5F 
 1667      74696D65 
 1667      72735F6C 
 1667      6973745F 
 1668              	.LASF122:
 1669 00c0 49544D5F 		.ascii	"ITM_RxBuffer\000"
 1669      52784275 
 1669      66666572 
ARM GAS  /tmp/ccAg7l6M.s 			page 31


 1669      00
 1670              	.LASF52:
 1671 00cd 63685F74 		.ascii	"ch_threads_queue\000"
 1671      68726561 
 1671      64735F71 
 1671      75657565 
 1671      00
 1672              	.LASF30:
 1673 00de 705F7072 		.ascii	"p_prio\000"
 1673      696F00
 1674              	.LASF10:
 1675 00e5 6C6F6E67 		.ascii	"long long int\000"
 1675      206C6F6E 
 1675      6720696E 
 1675      7400
 1676              	.LASF1:
 1677 00f3 7369676E 		.ascii	"signed char\000"
 1677      65642063 
 1677      68617200 
 1678              	.LASF128:
 1679 00ff 75617274 		.ascii	"uartInit\000"
 1679      496E6974 
 1679      00
 1680              	.LASF46:
 1681 0108 705F6D70 		.ascii	"p_mpool\000"
 1681      6F6F6C00 
 1682              	.LASF99:
 1683 0110 6D5F7175 		.ascii	"m_queue\000"
 1683      65756500 
 1684              	.LASF105:
 1685 0118 6D6F6465 		.ascii	"moder\000"
 1685      7200
 1686              	.LASF21:
 1687 011e 74736C69 		.ascii	"tslices_t\000"
 1687      6365735F 
 1687      7400
 1688              	.LASF76:
 1689 0128 63685F73 		.ascii	"ch_system\000"
 1689      79737465 
 1689      6D00
 1690              	.LASF7:
 1691 0132 6C6F6E67 		.ascii	"long int\000"
 1691      20696E74 
 1691      00
 1692              	.LASF116:
 1693 013b 50454461 		.ascii	"PEData\000"
 1693      746100
 1694              	.LASF19:
 1695 0142 74737461 		.ascii	"tstate_t\000"
 1695      74655F74 
 1695      00
 1696              	.LASF32:
 1697 014b 705F6E65 		.ascii	"p_newer\000"
 1697      77657200 
 1698              	.LASF96:
 1699 0153 735F7175 		.ascii	"s_queue\000"
 1699      65756500 
ARM GAS  /tmp/ccAg7l6M.s 			page 32


 1700              	.LASF58:
 1701 015b 725F6E65 		.ascii	"r_newer\000"
 1701      77657200 
 1702              	.LASF82:
 1703 0163 72656761 		.ascii	"regarm_t\000"
 1703      726D5F74 
 1703      00
 1704              	.LASF65:
 1705 016c 76745F70 		.ascii	"vt_prev\000"
 1705      72657600 
 1706              	.LASF78:
 1707 0174 76746C69 		.ascii	"vtlist\000"
 1707      737400
 1708              	.LASF103:
 1709 017b 6D757465 		.ascii	"mutex_t\000"
 1709      785F7400 
 1710              	.LASF113:
 1711 0183 50424461 		.ascii	"PBData\000"
 1711      746100
 1712              	.LASF80:
 1713 018a 69646C65 		.ascii	"idle_thread_wa\000"
 1713      5F746872 
 1713      6561645F 
 1713      776100
 1714              	.LASF25:
 1715 0199 636E745F 		.ascii	"cnt_t\000"
 1715      7400
 1716              	.LASF0:
 1717 019f 756E7369 		.ascii	"unsigned int\000"
 1717      676E6564 
 1717      20696E74 
 1717      00
 1718              	.LASF64:
 1719 01ac 76745F6E 		.ascii	"vt_next\000"
 1719      65787400 
 1720              	.LASF39:
 1721 01b4 705F7469 		.ascii	"p_time\000"
 1721      6D6500
 1722              	.LASF92:
 1723 01bb 77747365 		.ascii	"wtsemp\000"
 1723      6D7000
 1724              	.LASF66:
 1725 01c2 76745F64 		.ascii	"vt_delta\000"
 1725      656C7461 
 1725      00
 1726              	.LASF41:
 1727 01cb 705F6D73 		.ascii	"p_msgqueue\000"
 1727      67717565 
 1727      756500
 1728              	.LASF137:
 1729 01d6 68616C49 		.ascii	"halInit\000"
 1729      6E697400 
 1730              	.LASF107:
 1731 01de 6F737065 		.ascii	"ospeedr\000"
 1731      65647200 
 1732              	.LASF106:
 1733 01e6 6F747970 		.ascii	"otyper\000"
ARM GAS  /tmp/ccAg7l6M.s 			page 33


 1733      657200
 1734              	.LASF4:
 1735 01ed 73686F72 		.ascii	"short unsigned int\000"
 1735      7420756E 
 1735      7369676E 
 1735      65642069 
 1735      6E7400
 1736              	.LASF117:
 1737 0200 50464461 		.ascii	"PFData\000"
 1737      746100
 1738              	.LASF49:
 1739 0207 63685F74 		.ascii	"ch_thread\000"
 1739      68726561 
 1739      6400
 1740              	.LASF23:
 1741 0211 6D73675F 		.ascii	"msg_t\000"
 1741      7400
 1742              	.LASF75:
 1743 0217 63685F73 		.ascii	"ch_system_t\000"
 1743      79737465 
 1743      6D5F7400 
 1744              	.LASF18:
 1745 0223 746D6F64 		.ascii	"tmode_t\000"
 1745      655F7400 
 1746              	.LASF54:
 1747 022b 63685F72 		.ascii	"ch_ready_list\000"
 1747      65616479 
 1747      5F6C6973 
 1747      7400
 1748              	.LASF24:
 1749 0239 6576656E 		.ascii	"eventmask_t\000"
 1749      746D6173 
 1749      6B5F7400 
 1750              	.LASF6:
 1751 0245 5F5F696E 		.ascii	"__int32_t\000"
 1751      7433325F 
 1751      7400
 1752              	.LASF118:
 1753 024f 50474461 		.ascii	"PGData\000"
 1753      746100
 1754              	.LASF83:
 1755 0256 73746B61 		.ascii	"stkalign_t\000"
 1755      6C69676E 
 1755      5F7400
 1756              	.LASF48:
 1757 0261 74687265 		.ascii	"threads_list_t\000"
 1757      6164735F 
 1757      6C697374 
 1757      5F7400
 1758              	.LASF40:
 1759 0270 705F7761 		.ascii	"p_waiting\000"
 1759      6974696E 
 1759      6700
 1760              	.LASF81:
 1761 027a 73697A65 		.ascii	"sizetype\000"
 1761      74797065 
 1761      00
ARM GAS  /tmp/ccAg7l6M.s 			page 34


 1762              	.LASF47:
 1763 0283 74687265 		.ascii	"thread_reference_t\000"
 1763      61645F72 
 1763      65666572 
 1763      656E6365 
 1763      5F7400
 1764              	.LASF70:
 1765 0296 63685F76 		.ascii	"ch_virtual_timers_list\000"
 1765      69727475 
 1765      616C5F74 
 1765      696D6572 
 1765      735F6C69 
 1766              	.LASF33:
 1767 02ad 705F6F6C 		.ascii	"p_older\000"
 1767      64657200 
 1768              	.LASF57:
 1769 02b5 725F6374 		.ascii	"r_ctx\000"
 1769      7800
 1770              	.LASF134:
 1771 02bb 43686962 		.ascii	"ChibiOS_3.0.2/os/hal/src/hal.c\000"
 1771      694F535F 
 1771      332E302E 
 1771      322F6F73 
 1771      2F68616C 
 1772              	.LASF87:
 1773 02da 746D5F63 		.ascii	"tm_calibration_t\000"
 1773      616C6962 
 1773      72617469 
 1773      6F6E5F74 
 1773      00
 1774              	.LASF110:
 1775 02eb 61667268 		.ascii	"afrh\000"
 1775      00
 1776              	.LASF115:
 1777 02f0 50444461 		.ascii	"PDData\000"
 1777      746100
 1778              	.LASF60:
 1779 02f7 725F6375 		.ascii	"r_current\000"
 1779      7272656E 
 1779      7400
 1780              	.LASF59:
 1781 0301 725F6F6C 		.ascii	"r_older\000"
 1781      64657200 
 1782              	.LASF11:
 1783 0309 5F5F7569 		.ascii	"__uint64_t\000"
 1783      6E743634 
 1783      5F7400
 1784              	.LASF20:
 1785 0314 74726566 		.ascii	"trefs_t\000"
 1785      735F7400 
 1786              	.LASF62:
 1787 031c 76697274 		.ascii	"virtual_timer_t\000"
 1787      75616C5F 
 1787      74696D65 
 1787      725F7400 
 1788              	.LASF29:
 1789 032c 705F7072 		.ascii	"p_prev\000"
ARM GAS  /tmp/ccAg7l6M.s 			page 35


 1789      657600
 1790              	.LASF136:
 1791 0333 6F73616C 		.ascii	"osalInit\000"
 1791      496E6974 
 1791      00
 1792              	.LASF22:
 1793 033c 74707269 		.ascii	"tprio_t\000"
 1793      6F5F7400 
 1794              	.LASF73:
 1795 0344 63685F73 		.ascii	"ch_system_debug\000"
 1795      79737465 
 1795      6D5F6465 
 1795      62756700 
 1796              	.LASF104:
 1797 0354 5F426F6F 		.ascii	"_Bool\000"
 1797      6C00
 1798              	.LASF14:
 1799 035a 696E7433 		.ascii	"int32_t\000"
 1799      325F7400 
 1800              	.LASF2:
 1801 0362 756E7369 		.ascii	"unsigned char\000"
 1801      676E6564 
 1801      20636861 
 1801      7200
 1802              	.LASF130:
 1803 0370 73647549 		.ascii	"sduInit\000"
 1803      6E697400 
 1804              	.LASF109:
 1805 0378 6166726C 		.ascii	"afrl\000"
 1805      00
 1806              	.LASF97:
 1807 037d 735F636E 		.ascii	"s_cnt\000"
 1807      7400
 1808              	.LASF44:
 1809 0383 705F6D74 		.ascii	"p_mtxlist\000"
 1809      786C6973 
 1809      7400
 1810              	.LASF3:
 1811 038d 73686F72 		.ascii	"short int\000"
 1811      7420696E 
 1811      7400
 1812              	.LASF35:
 1813 0397 705F7374 		.ascii	"p_state\000"
 1813      61746500 
 1814              	.LASF38:
 1815 039f 705F7072 		.ascii	"p_preempt\000"
 1815      65656D70 
 1815      7400
 1816              	.LASF56:
 1817 03a9 725F7072 		.ascii	"r_prio\000"
 1817      696F00
 1818              	.LASF112:
 1819 03b0 50414461 		.ascii	"PAData\000"
 1819      746100
 1820              	.LASF94:
 1821 03b7 65776D61 		.ascii	"ewmask\000"
 1821      736B00
ARM GAS  /tmp/ccAg7l6M.s 			page 36


 1822              	.LASF28:
 1823 03be 705F6E65 		.ascii	"p_next\000"
 1823      787400
 1824              	.LASF36:
 1825 03c5 705F666C 		.ascii	"p_flags\000"
 1825      61677300 
 1826              	.LASF135:
 1827 03cd 2F686F6D 		.ascii	"/home/sivert/Documents/GitHub/BLDC/bldc-firmware\000"
 1827      652F7369 
 1827      76657274 
 1827      2F446F63 
 1827      756D656E 
 1828              	.LASF120:
 1829 03fe 50494461 		.ascii	"PIData\000"
 1829      746100
 1830              	.LASF63:
 1831 0405 63685F76 		.ascii	"ch_virtual_timer\000"
 1831      69727475 
 1831      616C5F74 
 1831      696D6572 
 1831      00
 1832              	.LASF95:
 1833 0416 63685F73 		.ascii	"ch_semaphore\000"
 1833      656D6170 
 1833      686F7265 
 1833      00
 1834              	.LASF43:
 1835 0423 705F6570 		.ascii	"p_epending\000"
 1835      656E6469 
 1835      6E6700
 1836              	.LASF15:
 1837 042e 75696E74 		.ascii	"uint32_t\000"
 1837      33325F74 
 1837      00
 1838              	.LASF93:
 1839 0437 77746D74 		.ascii	"wtmtxp\000"
 1839      787000
 1840              	.LASF55:
 1841 043e 725F7175 		.ascii	"r_queue\000"
 1841      65756500 
 1842              	.LASF50:
 1843 0446 63685F74 		.ascii	"ch_threads_list\000"
 1843      68726561 
 1843      64735F6C 
 1843      69737400 
 1844              	.LASF9:
 1845 0456 6C6F6E67 		.ascii	"long unsigned int\000"
 1845      20756E73 
 1845      69676E65 
 1845      6420696E 
 1845      7400
 1846              	.LASF102:
 1847 0468 63686172 		.ascii	"char\000"
 1847      00
 1848              	.LASF129:
 1849 046d 75736249 		.ascii	"usbInit\000"
 1849      6E697400 
ARM GAS  /tmp/ccAg7l6M.s 			page 37


 1850              	.LASF133:
 1851 0475 474E5520 		.ascii	"GNU C 4.9.3 20150529 (release) [ARM/embedded-4_9-br"
 1851      4320342E 
 1851      392E3320 
 1851      32303135 
 1851      30353239 
 1852 04a8 616E6368 		.ascii	"anch revision 227977] -mcpu=cortex-m4 -mfloat-abi=h"
 1852      20726576 
 1852      6973696F 
 1852      6E203232 
 1852      37393737 
 1853 04db 61726420 		.ascii	"ard -mfpu=fpv4-sp-d16 -mno-thumb-interwork -mthumb "
 1853      2D6D6670 
 1853      753D6670 
 1853      76342D73 
 1853      702D6431 
 1854 050e 2D676764 		.ascii	"-ggdb -O2 -std=gnu99 -fomit-frame-pointer -falign-f"
 1854      62202D4F 
 1854      32202D73 
 1854      74643D67 
 1854      6E753939 
 1855 0541 756E6374 		.ascii	"unctions=16 -ffunction-sections -fdata-sections -fn"
 1855      696F6E73 
 1855      3D313620 
 1855      2D666675 
 1855      6E637469 
 1856 0574 6F2D636F 		.ascii	"o-common -fsingle-precision-constant\000"
 1856      6D6D6F6E 
 1856      202D6673 
 1856      696E676C 
 1856      652D7072 
 1857              	.LASF101:
 1858 0599 6D5F6E65 		.ascii	"m_next\000"
 1858      787400
 1859              	.LASF26:
 1860 05a0 73797374 		.ascii	"systime_t\000"
 1860      696D655F 
 1860      7400
 1861              	.LASF45:
 1862 05aa 705F7265 		.ascii	"p_realprio\000"
 1862      616C7072 
 1862      696F00
 1863              	.LASF61:
 1864 05b5 76746675 		.ascii	"vtfunc_t\000"
 1864      6E635F74 
 1864      00
 1865              	.LASF8:
 1866 05be 5F5F7569 		.ascii	"__uint32_t\000"
 1866      6E743332 
 1866      5F7400
 1867              	.LASF74:
 1868 05c9 70616E69 		.ascii	"panic_msg\000"
 1868      635F6D73 
 1868      6700
 1869              	.LASF86:
 1870 05d3 6F666673 		.ascii	"offset\000"
 1870      657400
ARM GAS  /tmp/ccAg7l6M.s 			page 38


 1871              	.LASF84:
 1872 05da 636F6E74 		.ascii	"context\000"
 1872      65787400 
 1873              	.LASF124:
 1874 05e2 68616C5F 		.ascii	"hal_lld_init\000"
 1874      6C6C645F 
 1874      696E6974 
 1874      00
 1875              	.LASF17:
 1876 05ef 7274636E 		.ascii	"rtcnt_t\000"
 1876      745F7400 
 1877              	.LASF68:
 1878 05f7 76745F70 		.ascii	"vt_par\000"
 1878      617200
 1879              	.LASF51:
 1880 05fe 74687265 		.ascii	"threads_queue_t\000"
 1880      6164735F 
 1880      71756575 
 1880      655F7400 
 1881              	.LASF98:
 1882 060e 63685F6D 		.ascii	"ch_mutex\000"
 1882      75746578 
 1882      00
 1883              	.LASF37:
 1884 0617 705F7265 		.ascii	"p_refs\000"
 1884      667300
 1885              	.LASF138:
 1886 061e 5F70616C 		.ascii	"_pal_lld_init\000"
 1886      5F6C6C64 
 1886      5F696E69 
 1886      7400
 1887              	.LASF27:
 1888 062c 74687265 		.ascii	"thread_t\000"
 1888      61645F74 
 1888      00
 1889              	.LASF131:
 1890 0635 626F6172 		.ascii	"boardInit\000"
 1890      64496E69 
 1890      7400
 1891              	.LASF77:
 1892 063f 726C6973 		.ascii	"rlist\000"
 1892      7400
 1893              	.LASF13:
 1894 0645 75696E74 		.ascii	"uint8_t\000"
 1894      385F7400 
 1895              	.LASF90:
 1896 064d 77746F62 		.ascii	"wtobjp\000"
 1896      6A7000
 1897              	.LASF34:
 1898 0654 705F6E61 		.ascii	"p_name\000"
 1898      6D6500
 1899              	.LASF114:
 1900 065b 50434461 		.ascii	"PCData\000"
 1900      746100
 1901              	.LASF71:
 1902 0662 76745F73 		.ascii	"vt_systime\000"
 1902      79737469 
ARM GAS  /tmp/ccAg7l6M.s 			page 39


 1902      6D6500
 1903              	.LASF126:
 1904 066d 69326349 		.ascii	"i2cInit\000"
 1904      6E697400 
 1905              	.LASF42:
 1906 0675 705F6D73 		.ascii	"p_msg\000"
 1906      6700
 1907              	.LASF121:
 1908 067b 50414C43 		.ascii	"PALConfig\000"
 1908      6F6E6669 
 1908      6700
 1909              	.LASF100:
 1910 0685 6D5F6F77 		.ascii	"m_owner\000"
 1910      6E657200 
 1911              	.LASF123:
 1912 068d 70616C5F 		.ascii	"pal_default_config\000"
 1912      64656661 
 1912      756C745F 
 1912      636F6E66 
 1912      696700
 1913              	.LASF31:
 1914 06a0 705F6374 		.ascii	"p_ctx\000"
 1914      7800
 1915              	.LASF67:
 1916 06a6 76745F66 		.ascii	"vt_func\000"
 1916      756E6300 
 1917              		.ident	"GCC: (GNU Tools for ARM Embedded Processors) 4.9.3 20150529 (release) [ARM/embedded-4_9-br
ARM GAS  /tmp/ccAg7l6M.s 			page 40


DEFINED SYMBOLS
                            *ABS*:0000000000000000 hal.c
     /tmp/ccAg7l6M.s:21     .text.halInit:0000000000000000 $t
     /tmp/ccAg7l6M.s:27     .text.halInit:0000000000000000 halInit
     /tmp/ccAg7l6M.s:77     .text.halInit:0000000000000030 $d
                     .debug_frame:0000000000000010 $d

UNDEFINED SYMBOLS
hal_lld_init
_pal_lld_init
canInit
i2cInit
icuInit
uartInit
usbInit
sduInit
boardInit
stInit
pal_default_config
