ARM GAS  /tmp/ccI57cxp.s 			page 1


   1              		.syntax unified
   2              		.cpu cortex-m4
   3              		.eabi_attribute 27, 1
   4              		.eabi_attribute 28, 1
   5              		.fpu fpv4-sp-d16
   6              		.eabi_attribute 20, 1
   7              		.eabi_attribute 21, 1
   8              		.eabi_attribute 23, 3
   9              		.eabi_attribute 24, 1
  10              		.eabi_attribute 25, 1
  11              		.eabi_attribute 26, 1
  12              		.eabi_attribute 30, 2
  13              		.eabi_attribute 34, 1
  14              		.eabi_attribute 18, 4
  15              		.thumb
  16              		.file	"st_lld.c"
  17              		.text
  18              	.Ltext0:
  19              		.cfi_sections	.debug_frame
  20              		.section	.text.SysTick_Handler,"ax",%progbits
  21              		.align	2
  22              		.p2align 4,,15
  23              		.global	SysTick_Handler
  24              		.thumb
  25              		.thumb_func
  26              		.type	SysTick_Handler, %function
  27              	SysTick_Handler:
  28              	.LFB256:
  29              		.file 1 "ChibiOS_3.0.2/os/hal/ports/STM32/LLD/TIMv1/st_lld.c"
  30              		.loc 1 154 0
  31              		.cfi_startproc
  32              		@ args = 0, pretend = 0, frame = 0
  33              		@ frame_needed = 0, uses_anonymous_args = 0
  34              	.LVL0:
  35 0000 08B5     		push	{r3, lr}
  36              		.cfi_def_cfa_offset 8
  37              		.cfi_offset 3, -8
  38              		.cfi_offset 14, -4
  39              	.LBB52:
  40              	.LBB53:
  41              	.LBB54:
  42              	.LBB55:
  43              	.LBB56:
  44              	.LBB57:
  45              		.file 2 "ChibiOS_3.0.2/os/ext/CMSIS/include/core_cmFunc.h"
  46              		.loc 2 546 0
  47 0002 2023     		movs	r3, #32
  48              	@ 546 "ChibiOS_3.0.2/os/ext/CMSIS/include/core_cmFunc.h" 1
  49 0004 83F31188 		MSR basepri, r3
  50              	@ 0 "" 2
  51              		.thumb
  52              	.LBE57:
  53              	.LBE56:
  54              	.LBE55:
  55              	.LBE54:
  56              	.LBE53:
  57              	.LBE52:
ARM GAS  /tmp/ccI57cxp.s 			page 2


  58              	.LBB58:
  59              	.LBB59:
  60              		.file 3 "ChibiOS_3.0.2/os/hal/osal/rt/osal.h"
  61              		.loc 3 585 0
  62 0008 FFF7FEFF 		bl	chSysTimerHandlerI
  63              	.LVL1:
  64              	.LBE59:
  65              	.LBE58:
  66              	.LBB60:
  67              	.LBB61:
  68              	.LBB62:
  69              	.LBB63:
  70              	.LBB64:
  71              	.LBB65:
  72              		.loc 2 546 0
  73 000c 0023     		movs	r3, #0
  74              	@ 546 "ChibiOS_3.0.2/os/ext/CMSIS/include/core_cmFunc.h" 1
  75 000e 83F31188 		MSR basepri, r3
  76              	@ 0 "" 2
  77              		.thumb
  78              	.LBE65:
  79              	.LBE64:
  80              	.LBE63:
  81              	.LBE62:
  82              	.LBE61:
  83              	.LBE60:
  84              		.loc 1 163 0
  85 0012 BDE80840 		pop	{r3, lr}
  86              		.cfi_restore 14
  87              		.cfi_restore 3
  88              		.cfi_def_cfa_offset 0
  89              		.loc 1 162 0
  90 0016 FFF7FEBF 		b	_port_irq_epilogue
  91              	.LVL2:
  92              		.cfi_endproc
  93              	.LFE256:
  94              		.size	SysTick_Handler, .-SysTick_Handler
  95 001a 00BF     		.section	.text.st_lld_init,"ax",%progbits
  96              		.align	2
  97              		.p2align 4,,15
  98              		.global	st_lld_init
  99              		.thumb
 100              		.thumb_func
 101              		.type	st_lld_init, %function
 102              	st_lld_init:
 103              	.LFB257:
 104              		.loc 1 201 0
 105              		.cfi_startproc
 106              		@ args = 0, pretend = 0, frame = 0
 107              		@ frame_needed = 0, uses_anonymous_args = 0
 108              		@ link register save eliminated.
 109              		.loc 1 229 0
 110 0000 054B     		ldr	r3, .L4
 111 0002 44F29F10 		movw	r0, #16799
 112              		.loc 1 230 0
 113 0006 0021     		movs	r1, #0
 114              		.loc 1 231 0
ARM GAS  /tmp/ccI57cxp.s 			page 3


 115 0008 0722     		movs	r2, #7
 116              		.loc 1 229 0
 117 000a 5860     		str	r0, [r3, #4]
 118              		.loc 1 230 0
 119 000c 9960     		str	r1, [r3, #8]
 120              		.loc 1 236 0
 121 000e 0B20     		movs	r0, #11
 122 0010 0821     		movs	r1, #8
 123              		.loc 1 231 0
 124 0012 1A60     		str	r2, [r3]
 125              		.loc 1 236 0
 126 0014 FFF7FEBF 		b	nvicSetSystemHandlerPriority
 127              	.LVL3:
 128              	.L5:
 129              		.align	2
 130              	.L4:
 131 0018 10E000E0 		.word	-536813552
 132              		.cfi_endproc
 133              	.LFE257:
 134              		.size	st_lld_init, .-st_lld_init
 135              		.text
 136              	.Letext0:
 137              		.file 4 "/usr/arm-none-eabi/include/machine/_default_types.h"
 138              		.file 5 "/usr/arm-none-eabi/include/sys/_stdint.h"
 139              		.file 6 "ChibiOS_3.0.2/os/rt/ports/ARMCMx/compilers/GCC/chtypes.h"
 140              		.file 7 "ChibiOS_3.0.2/os/rt/include/chsystypes.h"
 141              		.file 8 "ChibiOS_3.0.2/os/rt/include/chschd.h"
 142              		.file 9 "ChibiOS_3.0.2/os/ext/CMSIS/include/core_cm4.h"
 143              		.file 10 "ChibiOS_3.0.2/os/rt/ports/ARMCMx/chcore.h"
 144              		.file 11 "ChibiOS_3.0.2/os/rt/ports/ARMCMx/chcore_v7m.h"
 145              		.file 12 "ChibiOS_3.0.2/os/rt/include/chtm.h"
 146              		.file 13 "ChibiOS_3.0.2/os/rt/include/chsem.h"
 147              		.file 14 "ChibiOS_3.0.2/os/rt/include/chmtx.h"
 148              		.file 15 "ChibiOS_3.0.2/os/rt/include/chsys.h"
 149              		.file 16 "ChibiOS_3.0.2/os/hal/ports/common/ARMCMx/nvic.h"
 150              		.section	.debug_info,"",%progbits
 151              	.Ldebug_info0:
 152 0000 27090000 		.4byte	0x927
 153 0004 0400     		.2byte	0x4
 154 0006 00000000 		.4byte	.Ldebug_abbrev0
 155 000a 04       		.byte	0x4
 156 000b 01       		.uleb128 0x1
 157 000c 7F040000 		.4byte	.LASF123
 158 0010 01       		.byte	0x1
 159 0011 39060000 		.4byte	.LASF124
 160 0015 D1030000 		.4byte	.LASF125
 161 0019 00000000 		.4byte	.Ldebug_ranges0+0
 162 001d 00000000 		.4byte	0
 163 0021 00000000 		.4byte	.Ldebug_line0
 164 0025 02       		.uleb128 0x2
 165 0026 04       		.byte	0x4
 166 0027 05       		.byte	0x5
 167 0028 696E7400 		.ascii	"int\000"
 168 002c 03       		.uleb128 0x3
 169 002d 04       		.byte	0x4
 170 002e 07       		.byte	0x7
 171 002f AE010000 		.4byte	.LASF0
ARM GAS  /tmp/ccI57cxp.s 			page 4


 172 0033 03       		.uleb128 0x3
 173 0034 01       		.byte	0x1
 174 0035 06       		.byte	0x6
 175 0036 DA000000 		.4byte	.LASF1
 176 003a 04       		.uleb128 0x4
 177 003b 23000000 		.4byte	.LASF5
 178 003f 04       		.byte	0x4
 179 0040 1D       		.byte	0x1d
 180 0041 45000000 		.4byte	0x45
 181 0045 03       		.uleb128 0x3
 182 0046 01       		.byte	0x1
 183 0047 08       		.byte	0x8
 184 0048 4E030000 		.4byte	.LASF2
 185 004c 03       		.uleb128 0x3
 186 004d 02       		.byte	0x2
 187 004e 05       		.byte	0x5
 188 004f 73030000 		.4byte	.LASF3
 189 0053 03       		.uleb128 0x3
 190 0054 02       		.byte	0x2
 191 0055 07       		.byte	0x7
 192 0056 3F010000 		.4byte	.LASF4
 193 005a 04       		.uleb128 0x4
 194 005b 40020000 		.4byte	.LASF6
 195 005f 04       		.byte	0x4
 196 0060 3F       		.byte	0x3f
 197 0061 65000000 		.4byte	0x65
 198 0065 03       		.uleb128 0x3
 199 0066 04       		.byte	0x4
 200 0067 05       		.byte	0x5
 201 0068 1D010000 		.4byte	.LASF7
 202 006c 04       		.uleb128 0x4
 203 006d D0050000 		.4byte	.LASF8
 204 0071 04       		.byte	0x4
 205 0072 41       		.byte	0x41
 206 0073 77000000 		.4byte	0x77
 207 0077 03       		.uleb128 0x3
 208 0078 04       		.byte	0x4
 209 0079 07       		.byte	0x7
 210 007a 53040000 		.4byte	.LASF9
 211 007e 03       		.uleb128 0x3
 212 007f 08       		.byte	0x8
 213 0080 05       		.byte	0x5
 214 0081 CC000000 		.4byte	.LASF10
 215 0085 04       		.uleb128 0x4
 216 0086 EB020000 		.4byte	.LASF11
 217 008a 04       		.byte	0x4
 218 008b 5B       		.byte	0x5b
 219 008c 90000000 		.4byte	0x90
 220 0090 03       		.uleb128 0x3
 221 0091 08       		.byte	0x8
 222 0092 07       		.byte	0x7
 223 0093 52000000 		.4byte	.LASF12
 224 0097 04       		.uleb128 0x4
 225 0098 A8060000 		.4byte	.LASF13
 226 009c 05       		.byte	0x5
 227 009d 14       		.byte	0x14
 228 009e 3A000000 		.4byte	0x3a
ARM GAS  /tmp/ccI57cxp.s 			page 5


 229 00a2 04       		.uleb128 0x4
 230 00a3 46030000 		.4byte	.LASF14
 231 00a7 05       		.byte	0x5
 232 00a8 1F       		.byte	0x1f
 233 00a9 5A000000 		.4byte	0x5a
 234 00ad 04       		.uleb128 0x4
 235 00ae 2B040000 		.4byte	.LASF15
 236 00b2 05       		.byte	0x5
 237 00b3 20       		.byte	0x20
 238 00b4 6C000000 		.4byte	0x6c
 239 00b8 04       		.uleb128 0x4
 240 00b9 1A000000 		.4byte	.LASF16
 241 00bd 05       		.byte	0x5
 242 00be 26       		.byte	0x26
 243 00bf 85000000 		.4byte	0x85
 244 00c3 05       		.uleb128 0x5
 245 00c4 A2000000 		.4byte	0xa2
 246 00c8 05       		.uleb128 0x5
 247 00c9 AD000000 		.4byte	0xad
 248 00cd 04       		.uleb128 0x4
 249 00ce 1E060000 		.4byte	.LASF17
 250 00d2 06       		.byte	0x6
 251 00d3 45       		.byte	0x45
 252 00d4 AD000000 		.4byte	0xad
 253 00d8 04       		.uleb128 0x4
 254 00d9 C1030000 		.4byte	.LASF18
 255 00dd 06       		.byte	0x6
 256 00de 48       		.byte	0x48
 257 00df 97000000 		.4byte	0x97
 258 00e3 04       		.uleb128 0x4
 259 00e4 26010000 		.4byte	.LASF19
 260 00e8 06       		.byte	0x6
 261 00e9 49       		.byte	0x49
 262 00ea 97000000 		.4byte	0x97
 263 00ee 04       		.uleb128 0x4
 264 00ef F6020000 		.4byte	.LASF20
 265 00f3 06       		.byte	0x6
 266 00f4 4A       		.byte	0x4a
 267 00f5 97000000 		.4byte	0x97
 268 00f9 04       		.uleb128 0x4
 269 00fa 09010000 		.4byte	.LASF21
 270 00fe 06       		.byte	0x6
 271 00ff 4B       		.byte	0x4b
 272 0100 97000000 		.4byte	0x97
 273 0104 04       		.uleb128 0x4
 274 0105 15030000 		.4byte	.LASF22
 275 0109 06       		.byte	0x6
 276 010a 4C       		.byte	0x4c
 277 010b AD000000 		.4byte	0xad
 278 010f 04       		.uleb128 0x4
 279 0110 FB010000 		.4byte	.LASF23
 280 0114 06       		.byte	0x6
 281 0115 4D       		.byte	0x4d
 282 0116 A2000000 		.4byte	0xa2
 283 011a 04       		.uleb128 0x4
 284 011b 34020000 		.4byte	.LASF24
 285 011f 06       		.byte	0x6
ARM GAS  /tmp/ccI57cxp.s 			page 6


 286 0120 4F       		.byte	0x4f
 287 0121 AD000000 		.4byte	0xad
 288 0125 04       		.uleb128 0x4
 289 0126 A8010000 		.4byte	.LASF25
 290 012a 06       		.byte	0x6
 291 012b 51       		.byte	0x51
 292 012c A2000000 		.4byte	0xa2
 293 0130 04       		.uleb128 0x4
 294 0131 AA050000 		.4byte	.LASF26
 295 0135 07       		.byte	0x7
 296 0136 33       		.byte	0x33
 297 0137 AD000000 		.4byte	0xad
 298 013b 04       		.uleb128 0x4
 299 013c 99060000 		.4byte	.LASF27
 300 0140 07       		.byte	0x7
 301 0141 3F       		.byte	0x3f
 302 0142 46010000 		.4byte	0x146
 303 0146 06       		.uleb128 0x6
 304 0147 F1010000 		.4byte	.LASF49
 305 014b 48       		.byte	0x48
 306 014c 08       		.byte	0x8
 307 014d C2       		.byte	0xc2
 308 014e 4B020000 		.4byte	0x24b
 309 0152 07       		.uleb128 0x7
 310 0153 BA030000 		.4byte	.LASF28
 311 0157 08       		.byte	0x8
 312 0158 C3       		.byte	0xc3
 313 0159 56020000 		.4byte	0x256
 314 015d 00       		.byte	0
 315 015e 07       		.uleb128 0x7
 316 015f 0E030000 		.4byte	.LASF29
 317 0163 08       		.byte	0x8
 318 0164 C5       		.byte	0xc5
 319 0165 56020000 		.4byte	0x256
 320 0169 04       		.byte	0x4
 321 016a 07       		.uleb128 0x7
 322 016b C5000000 		.4byte	.LASF30
 323 016f 08       		.byte	0x8
 324 0170 C7       		.byte	0xc7
 325 0171 04010000 		.4byte	0x104
 326 0175 08       		.byte	0x8
 327 0176 07       		.uleb128 0x7
 328 0177 E1060000 		.4byte	.LASF31
 329 017b 08       		.byte	0x8
 330 017c C8       		.byte	0xc8
 331 017d D5040000 		.4byte	0x4d5
 332 0181 0C       		.byte	0xc
 333 0182 07       		.uleb128 0x7
 334 0183 2F010000 		.4byte	.LASF32
 335 0187 08       		.byte	0x8
 336 0188 CA       		.byte	0xca
 337 0189 56020000 		.4byte	0x256
 338 018d 10       		.byte	0x10
 339 018e 07       		.uleb128 0x7
 340 018f BA020000 		.4byte	.LASF33
 341 0193 08       		.byte	0x8
 342 0194 CB       		.byte	0xcb
ARM GAS  /tmp/ccI57cxp.s 			page 7


 343 0195 56020000 		.4byte	0x256
 344 0199 14       		.byte	0x14
 345 019a 07       		.uleb128 0x7
 346 019b C1060000 		.4byte	.LASF34
 347 019f 08       		.byte	0x8
 348 01a0 D2       		.byte	0xd2
 349 01a1 1A070000 		.4byte	0x71a
 350 01a5 18       		.byte	0x18
 351 01a6 07       		.uleb128 0x7
 352 01a7 7D030000 		.4byte	.LASF35
 353 01ab 08       		.byte	0x8
 354 01ac DD       		.byte	0xdd
 355 01ad E3000000 		.4byte	0xe3
 356 01b1 1C       		.byte	0x1c
 357 01b2 07       		.uleb128 0x7
 358 01b3 C9030000 		.4byte	.LASF36
 359 01b7 08       		.byte	0x8
 360 01b8 E1       		.byte	0xe1
 361 01b9 D8000000 		.4byte	0xd8
 362 01bd 1D       		.byte	0x1d
 363 01be 07       		.uleb128 0x7
 364 01bf 92060000 		.4byte	.LASF37
 365 01c3 08       		.byte	0x8
 366 01c4 E6       		.byte	0xe6
 367 01c5 EE000000 		.4byte	0xee
 368 01c9 1E       		.byte	0x1e
 369 01ca 07       		.uleb128 0x7
 370 01cb 85030000 		.4byte	.LASF38
 371 01cf 08       		.byte	0x8
 372 01d0 EC       		.byte	0xec
 373 01d1 F9000000 		.4byte	0xf9
 374 01d5 1F       		.byte	0x1f
 375 01d6 07       		.uleb128 0x7
 376 01d7 C3010000 		.4byte	.LASF39
 377 01db 08       		.byte	0x8
 378 01dc F3       		.byte	0xf3
 379 01dd 2C070000 		.4byte	0x72c
 380 01e1 20       		.byte	0x20
 381 01e2 08       		.uleb128 0x8
 382 01e3 705F7500 		.ascii	"p_u\000"
 383 01e7 08       		.byte	0x8
 384 01e8 3101     		.2byte	0x131
 385 01ea 55060000 		.4byte	0x655
 386 01ee 24       		.byte	0x24
 387 01ef 09       		.uleb128 0x9
 388 01f0 78020000 		.4byte	.LASF40
 389 01f4 08       		.byte	0x8
 390 01f5 3601     		.2byte	0x136
 391 01f7 5C020000 		.4byte	0x25c
 392 01fb 28       		.byte	0x28
 393 01fc 09       		.uleb128 0x9
 394 01fd DA010000 		.4byte	.LASF41
 395 0201 08       		.byte	0x8
 396 0202 3C01     		.2byte	0x13c
 397 0204 80020000 		.4byte	0x280
 398 0208 2C       		.byte	0x2c
 399 0209 09       		.uleb128 0x9
ARM GAS  /tmp/ccI57cxp.s 			page 8


 400 020a D3060000 		.4byte	.LASF42
 401 020e 08       		.byte	0x8
 402 020f 4001     		.2byte	0x140
 403 0211 0F010000 		.4byte	0x10f
 404 0215 34       		.byte	0x34
 405 0216 09       		.uleb128 0x9
 406 0217 20040000 		.4byte	.LASF43
 407 021b 08       		.byte	0x8
 408 021c 4601     		.2byte	0x146
 409 021e 1A010000 		.4byte	0x11a
 410 0222 38       		.byte	0x38
 411 0223 09       		.uleb128 0x9
 412 0224 69030000 		.4byte	.LASF44
 413 0228 08       		.byte	0x8
 414 0229 4D01     		.2byte	0x14d
 415 022b 14070000 		.4byte	0x714
 416 022f 3C       		.byte	0x3c
 417 0230 09       		.uleb128 0x9
 418 0231 01020000 		.4byte	.LASF45
 419 0235 08       		.byte	0x8
 420 0236 5101     		.2byte	0x151
 421 0238 04010000 		.4byte	0x104
 422 023c 40       		.byte	0x40
 423 023d 09       		.uleb128 0x9
 424 023e E6000000 		.4byte	.LASF46
 425 0242 08       		.byte	0x8
 426 0243 5801     		.2byte	0x158
 427 0245 33030000 		.4byte	0x333
 428 0249 44       		.byte	0x44
 429 024a 00       		.byte	0
 430 024b 04       		.uleb128 0x4
 431 024c 8B020000 		.4byte	.LASF47
 432 0250 07       		.byte	0x7
 433 0251 44       		.byte	0x44
 434 0252 56020000 		.4byte	0x256
 435 0256 0A       		.uleb128 0xa
 436 0257 04       		.byte	0x4
 437 0258 3B010000 		.4byte	0x13b
 438 025c 04       		.uleb128 0x4
 439 025d 69020000 		.4byte	.LASF48
 440 0261 07       		.byte	0x7
 441 0262 49       		.byte	0x49
 442 0263 67020000 		.4byte	0x267
 443 0267 06       		.uleb128 0x6
 444 0268 43040000 		.4byte	.LASF50
 445 026c 04       		.byte	0x4
 446 026d 08       		.byte	0x8
 447 026e B0       		.byte	0xb0
 448 026f 80020000 		.4byte	0x280
 449 0273 07       		.uleb128 0x7
 450 0274 BA030000 		.4byte	.LASF28
 451 0278 08       		.byte	0x8
 452 0279 B1       		.byte	0xb1
 453 027a 56020000 		.4byte	0x256
 454 027e 00       		.byte	0
 455 027f 00       		.byte	0
 456 0280 04       		.uleb128 0x4
ARM GAS  /tmp/ccI57cxp.s 			page 9


 457 0281 79060000 		.4byte	.LASF51
 458 0285 07       		.byte	0x7
 459 0286 50       		.byte	0x50
 460 0287 8B020000 		.4byte	0x28b
 461 028b 06       		.uleb128 0x6
 462 028c B4000000 		.4byte	.LASF52
 463 0290 08       		.byte	0x8
 464 0291 08       		.byte	0x8
 465 0292 B7       		.byte	0xb7
 466 0293 B0020000 		.4byte	0x2b0
 467 0297 07       		.uleb128 0x7
 468 0298 BA030000 		.4byte	.LASF28
 469 029c 08       		.byte	0x8
 470 029d B8       		.byte	0xb8
 471 029e 56020000 		.4byte	0x256
 472 02a2 00       		.byte	0
 473 02a3 07       		.uleb128 0x7
 474 02a4 0E030000 		.4byte	.LASF29
 475 02a8 08       		.byte	0x8
 476 02a9 B9       		.byte	0xb9
 477 02aa 56020000 		.4byte	0x256
 478 02ae 04       		.byte	0x4
 479 02af 00       		.byte	0
 480 02b0 04       		.uleb128 0x4
 481 02b1 00000000 		.4byte	.LASF53
 482 02b5 07       		.byte	0x7
 483 02b6 57       		.byte	0x57
 484 02b7 BB020000 		.4byte	0x2bb
 485 02bb 0B       		.uleb128 0xb
 486 02bc 26020000 		.4byte	.LASF54
 487 02c0 1C       		.byte	0x1c
 488 02c1 08       		.byte	0x8
 489 02c2 9001     		.2byte	0x190
 490 02c4 17030000 		.4byte	0x317
 491 02c8 09       		.uleb128 0x9
 492 02c9 3B040000 		.4byte	.LASF55
 493 02cd 08       		.byte	0x8
 494 02ce 9101     		.2byte	0x191
 495 02d0 80020000 		.4byte	0x280
 496 02d4 00       		.byte	0
 497 02d5 09       		.uleb128 0x9
 498 02d6 AC030000 		.4byte	.LASF56
 499 02da 08       		.byte	0x8
 500 02db 9201     		.2byte	0x192
 501 02dd 04010000 		.4byte	0x104
 502 02e1 08       		.byte	0x8
 503 02e2 09       		.uleb128 0x9
 504 02e3 C2020000 		.4byte	.LASF57
 505 02e7 08       		.byte	0x8
 506 02e8 9401     		.2byte	0x194
 507 02ea D5040000 		.4byte	0x4d5
 508 02ee 0C       		.byte	0xc
 509 02ef 09       		.uleb128 0x9
 510 02f0 5F010000 		.4byte	.LASF58
 511 02f4 08       		.byte	0x8
 512 02f5 9701     		.2byte	0x197
 513 02f7 56020000 		.4byte	0x256
ARM GAS  /tmp/ccI57cxp.s 			page 10


 514 02fb 10       		.byte	0x10
 515 02fc 09       		.uleb128 0x9
 516 02fd E3020000 		.4byte	.LASF59
 517 0301 08       		.byte	0x8
 518 0302 9801     		.2byte	0x198
 519 0304 56020000 		.4byte	0x256
 520 0308 14       		.byte	0x14
 521 0309 09       		.uleb128 0x9
 522 030a D9020000 		.4byte	.LASF60
 523 030e 08       		.byte	0x8
 524 030f 9B01     		.2byte	0x19b
 525 0311 56020000 		.4byte	0x256
 526 0315 18       		.byte	0x18
 527 0316 00       		.byte	0
 528 0317 04       		.uleb128 0x4
 529 0318 C7050000 		.4byte	.LASF61
 530 031c 07       		.byte	0x7
 531 031d 5C       		.byte	0x5c
 532 031e 22030000 		.4byte	0x322
 533 0322 0A       		.uleb128 0xa
 534 0323 04       		.byte	0x4
 535 0324 28030000 		.4byte	0x328
 536 0328 0C       		.uleb128 0xc
 537 0329 33030000 		.4byte	0x333
 538 032d 0D       		.uleb128 0xd
 539 032e 33030000 		.4byte	0x333
 540 0332 00       		.byte	0
 541 0333 0E       		.uleb128 0xe
 542 0334 04       		.byte	0x4
 543 0335 04       		.uleb128 0x4
 544 0336 FE020000 		.4byte	.LASF62
 545 033a 07       		.byte	0x7
 546 033b 61       		.byte	0x61
 547 033c 40030000 		.4byte	0x340
 548 0340 0B       		.uleb128 0xb
 549 0341 02040000 		.4byte	.LASF63
 550 0345 14       		.byte	0x14
 551 0346 08       		.byte	0x8
 552 0347 6B01     		.2byte	0x16b
 553 0349 8F030000 		.4byte	0x38f
 554 034d 09       		.uleb128 0x9
 555 034e BB010000 		.4byte	.LASF64
 556 0352 08       		.byte	0x8
 557 0353 6C01     		.2byte	0x16c
 558 0355 31070000 		.4byte	0x731
 559 0359 00       		.byte	0
 560 035a 09       		.uleb128 0x9
 561 035b 70010000 		.4byte	.LASF65
 562 035f 08       		.byte	0x8
 563 0360 6D01     		.2byte	0x16d
 564 0362 31070000 		.4byte	0x731
 565 0366 04       		.byte	0x4
 566 0367 09       		.uleb128 0x9
 567 0368 D1010000 		.4byte	.LASF66
 568 036c 08       		.byte	0x8
 569 036d 6E01     		.2byte	0x16e
 570 036f 30010000 		.4byte	0x130
ARM GAS  /tmp/ccI57cxp.s 			page 11


 571 0373 08       		.byte	0x8
 572 0374 09       		.uleb128 0x9
 573 0375 E7060000 		.4byte	.LASF67
 574 0379 08       		.byte	0x8
 575 037a 6F01     		.2byte	0x16f
 576 037c 17030000 		.4byte	0x317
 577 0380 0C       		.byte	0xc
 578 0381 09       		.uleb128 0x9
 579 0382 72060000 		.4byte	.LASF68
 580 0386 08       		.byte	0x8
 581 0387 7101     		.2byte	0x171
 582 0389 33030000 		.4byte	0x333
 583 038d 10       		.byte	0x10
 584 038e 00       		.byte	0
 585 038f 04       		.uleb128 0x4
 586 0390 7D000000 		.4byte	.LASF69
 587 0394 07       		.byte	0x7
 588 0395 66       		.byte	0x66
 589 0396 9A030000 		.4byte	0x39a
 590 039a 0B       		.uleb128 0xb
 591 039b A3020000 		.4byte	.LASF70
 592 039f 10       		.byte	0x10
 593 03a0 08       		.byte	0x8
 594 03a1 7B01     		.2byte	0x17b
 595 03a3 DC030000 		.4byte	0x3dc
 596 03a7 09       		.uleb128 0x9
 597 03a8 BB010000 		.4byte	.LASF64
 598 03ac 08       		.byte	0x8
 599 03ad 7C01     		.2byte	0x17c
 600 03af 31070000 		.4byte	0x731
 601 03b3 00       		.byte	0
 602 03b4 09       		.uleb128 0x9
 603 03b5 70010000 		.4byte	.LASF65
 604 03b9 08       		.byte	0x8
 605 03ba 7E01     		.2byte	0x17e
 606 03bc 31070000 		.4byte	0x731
 607 03c0 04       		.byte	0x4
 608 03c1 09       		.uleb128 0x9
 609 03c2 D1010000 		.4byte	.LASF66
 610 03c6 08       		.byte	0x8
 611 03c7 8001     		.2byte	0x180
 612 03c9 30010000 		.4byte	0x130
 613 03cd 08       		.byte	0x8
 614 03ce 09       		.uleb128 0x9
 615 03cf C8060000 		.4byte	.LASF71
 616 03d3 08       		.byte	0x8
 617 03d4 8201     		.2byte	0x182
 618 03d6 2C070000 		.4byte	0x72c
 619 03da 0C       		.byte	0xc
 620 03db 00       		.byte	0
 621 03dc 04       		.uleb128 0x4
 622 03dd 39000000 		.4byte	.LASF72
 623 03e1 07       		.byte	0x7
 624 03e2 6B       		.byte	0x6b
 625 03e3 E7030000 		.4byte	0x3e7
 626 03e7 0B       		.uleb128 0xb
 627 03e8 30030000 		.4byte	.LASF73
ARM GAS  /tmp/ccI57cxp.s 			page 12


 628 03ec 04       		.byte	0x4
 629 03ed 08       		.byte	0x8
 630 03ee A201     		.2byte	0x1a2
 631 03f0 02040000 		.4byte	0x402
 632 03f4 09       		.uleb128 0x9
 633 03f5 E9050000 		.4byte	.LASF74
 634 03f9 08       		.byte	0x8
 635 03fa AA01     		.2byte	0x1aa
 636 03fc 37070000 		.4byte	0x737
 637 0400 00       		.byte	0
 638 0401 00       		.byte	0
 639 0402 04       		.uleb128 0x4
 640 0403 12060000 		.4byte	.LASF75
 641 0407 07       		.byte	0x7
 642 0408 70       		.byte	0x70
 643 0409 0D040000 		.4byte	0x40d
 644 040d 0F       		.uleb128 0xf
 645 040e 13010000 		.4byte	.LASF76
 646 0412 5802     		.2byte	0x258
 647 0414 08       		.byte	0x8
 648 0415 C201     		.2byte	0x1c2
 649 0417 69040000 		.4byte	0x469
 650 041b 09       		.uleb128 0x9
 651 041c A2060000 		.4byte	.LASF77
 652 0420 08       		.byte	0x8
 653 0421 C601     		.2byte	0x1c6
 654 0423 B0020000 		.4byte	0x2b0
 655 0427 00       		.byte	0
 656 0428 09       		.uleb128 0x9
 657 0429 F6000000 		.4byte	.LASF78
 658 042d 08       		.byte	0x8
 659 042e CA01     		.2byte	0x1ca
 660 0430 8F030000 		.4byte	0x38f
 661 0434 1C       		.byte	0x1c
 662 0435 08       		.uleb128 0x8
 663 0436 64626700 		.ascii	"dbg\000"
 664 043a 08       		.byte	0x8
 665 043b CE01     		.2byte	0x1ce
 666 043d DC030000 		.4byte	0x3dc
 667 0441 2C       		.byte	0x2c
 668 0442 09       		.uleb128 0x9
 669 0443 72000000 		.4byte	.LASF79
 670 0447 08       		.byte	0x8
 671 0448 D201     		.2byte	0x1d2
 672 044a 3B010000 		.4byte	0x13b
 673 044e 30       		.byte	0x30
 674 044f 08       		.uleb128 0x8
 675 0450 746D00   		.ascii	"tm\000"
 676 0453 08       		.byte	0x8
 677 0454 D701     		.2byte	0x1d7
 678 0456 4A060000 		.4byte	0x64a
 679 045a 78       		.byte	0x78
 680 045b 09       		.uleb128 0x9
 681 045c 99010000 		.4byte	.LASF80
 682 0460 08       		.byte	0x8
 683 0461 E301     		.2byte	0x1e3
 684 0463 3C070000 		.4byte	0x73c
ARM GAS  /tmp/ccI57cxp.s 			page 13


 685 0467 80       		.byte	0x80
 686 0468 00       		.byte	0
 687 0469 03       		.uleb128 0x3
 688 046a 04       		.byte	0x4
 689 046b 07       		.byte	0x7
 690 046c 82020000 		.4byte	.LASF81
 691 0470 10       		.uleb128 0x10
 692 0471 C8000000 		.4byte	0xc8
 693 0475 11       		.uleb128 0x11
 694 0476 10       		.byte	0x10
 695 0477 09       		.byte	0x9
 696 0478 6F02     		.2byte	0x26f
 697 047a B3040000 		.4byte	0x4b3
 698 047e 09       		.uleb128 0x9
 699 047f 6D060000 		.4byte	.LASF82
 700 0483 09       		.byte	0x9
 701 0484 7102     		.2byte	0x271
 702 0486 C8000000 		.4byte	0xc8
 703 048a 00       		.byte	0
 704 048b 09       		.uleb128 0x9
 705 048c 9E020000 		.4byte	.LASF83
 706 0490 09       		.byte	0x9
 707 0491 7202     		.2byte	0x272
 708 0493 C8000000 		.4byte	0xc8
 709 0497 04       		.byte	0x4
 710 0498 08       		.uleb128 0x8
 711 0499 56414C00 		.ascii	"VAL\000"
 712 049d 09       		.byte	0x9
 713 049e 7302     		.2byte	0x273
 714 04a0 C8000000 		.4byte	0xc8
 715 04a4 08       		.byte	0x8
 716 04a5 09       		.uleb128 0x9
 717 04a6 EB010000 		.4byte	.LASF84
 718 04aa 09       		.byte	0x9
 719 04ab 7402     		.2byte	0x274
 720 04ad 70040000 		.4byte	0x470
 721 04b1 0C       		.byte	0xc
 722 04b2 00       		.byte	0
 723 04b3 12       		.uleb128 0x12
 724 04b4 52010000 		.4byte	.LASF85
 725 04b8 09       		.byte	0x9
 726 04b9 7502     		.2byte	0x275
 727 04bb 75040000 		.4byte	0x475
 728 04bf 04       		.uleb128 0x4
 729 04c0 67010000 		.4byte	.LASF86
 730 04c4 0A       		.byte	0xa
 731 04c5 65       		.byte	0x65
 732 04c6 33030000 		.4byte	0x333
 733 04ca 04       		.uleb128 0x4
 734 04cb 4A020000 		.4byte	.LASF87
 735 04cf 0A       		.byte	0xa
 736 04d0 6D       		.byte	0x6d
 737 04d1 B8000000 		.4byte	0xb8
 738 04d5 06       		.uleb128 0x6
 739 04d6 FA050000 		.4byte	.LASF88
 740 04da 04       		.byte	0x4
 741 04db 0A       		.byte	0xa
ARM GAS  /tmp/ccI57cxp.s 			page 14


 742 04dc 89       		.byte	0x89
 743 04dd EE040000 		.4byte	0x4ee
 744 04e1 13       		.uleb128 0x13
 745 04e2 72313300 		.ascii	"r13\000"
 746 04e6 0A       		.byte	0xa
 747 04e7 8A       		.byte	0x8a
 748 04e8 2F060000 		.4byte	0x62f
 749 04ec 00       		.byte	0
 750 04ed 00       		.byte	0
 751 04ee 06       		.uleb128 0x6
 752 04ef 2D000000 		.4byte	.LASF89
 753 04f3 64       		.byte	0x64
 754 04f4 0B       		.byte	0xb
 755 04f5 F4       		.byte	0xf4
 756 04f6 2F060000 		.4byte	0x62f
 757 04fa 13       		.uleb128 0x13
 758 04fb 73313600 		.ascii	"s16\000"
 759 04ff 0B       		.byte	0xb
 760 0500 F6       		.byte	0xf6
 761 0501 BF040000 		.4byte	0x4bf
 762 0505 00       		.byte	0
 763 0506 13       		.uleb128 0x13
 764 0507 73313700 		.ascii	"s17\000"
 765 050b 0B       		.byte	0xb
 766 050c F7       		.byte	0xf7
 767 050d BF040000 		.4byte	0x4bf
 768 0511 04       		.byte	0x4
 769 0512 13       		.uleb128 0x13
 770 0513 73313800 		.ascii	"s18\000"
 771 0517 0B       		.byte	0xb
 772 0518 F8       		.byte	0xf8
 773 0519 BF040000 		.4byte	0x4bf
 774 051d 08       		.byte	0x8
 775 051e 13       		.uleb128 0x13
 776 051f 73313900 		.ascii	"s19\000"
 777 0523 0B       		.byte	0xb
 778 0524 F9       		.byte	0xf9
 779 0525 BF040000 		.4byte	0x4bf
 780 0529 0C       		.byte	0xc
 781 052a 13       		.uleb128 0x13
 782 052b 73323000 		.ascii	"s20\000"
 783 052f 0B       		.byte	0xb
 784 0530 FA       		.byte	0xfa
 785 0531 BF040000 		.4byte	0x4bf
 786 0535 10       		.byte	0x10
 787 0536 13       		.uleb128 0x13
 788 0537 73323100 		.ascii	"s21\000"
 789 053b 0B       		.byte	0xb
 790 053c FB       		.byte	0xfb
 791 053d BF040000 		.4byte	0x4bf
 792 0541 14       		.byte	0x14
 793 0542 13       		.uleb128 0x13
 794 0543 73323200 		.ascii	"s22\000"
 795 0547 0B       		.byte	0xb
 796 0548 FC       		.byte	0xfc
 797 0549 BF040000 		.4byte	0x4bf
 798 054d 18       		.byte	0x18
ARM GAS  /tmp/ccI57cxp.s 			page 15


 799 054e 13       		.uleb128 0x13
 800 054f 73323300 		.ascii	"s23\000"
 801 0553 0B       		.byte	0xb
 802 0554 FD       		.byte	0xfd
 803 0555 BF040000 		.4byte	0x4bf
 804 0559 1C       		.byte	0x1c
 805 055a 13       		.uleb128 0x13
 806 055b 73323400 		.ascii	"s24\000"
 807 055f 0B       		.byte	0xb
 808 0560 FE       		.byte	0xfe
 809 0561 BF040000 		.4byte	0x4bf
 810 0565 20       		.byte	0x20
 811 0566 13       		.uleb128 0x13
 812 0567 73323500 		.ascii	"s25\000"
 813 056b 0B       		.byte	0xb
 814 056c FF       		.byte	0xff
 815 056d BF040000 		.4byte	0x4bf
 816 0571 24       		.byte	0x24
 817 0572 08       		.uleb128 0x8
 818 0573 73323600 		.ascii	"s26\000"
 819 0577 0B       		.byte	0xb
 820 0578 0001     		.2byte	0x100
 821 057a BF040000 		.4byte	0x4bf
 822 057e 28       		.byte	0x28
 823 057f 08       		.uleb128 0x8
 824 0580 73323700 		.ascii	"s27\000"
 825 0584 0B       		.byte	0xb
 826 0585 0101     		.2byte	0x101
 827 0587 BF040000 		.4byte	0x4bf
 828 058b 2C       		.byte	0x2c
 829 058c 08       		.uleb128 0x8
 830 058d 73323800 		.ascii	"s28\000"
 831 0591 0B       		.byte	0xb
 832 0592 0201     		.2byte	0x102
 833 0594 BF040000 		.4byte	0x4bf
 834 0598 30       		.byte	0x30
 835 0599 08       		.uleb128 0x8
 836 059a 73323900 		.ascii	"s29\000"
 837 059e 0B       		.byte	0xb
 838 059f 0301     		.2byte	0x103
 839 05a1 BF040000 		.4byte	0x4bf
 840 05a5 34       		.byte	0x34
 841 05a6 08       		.uleb128 0x8
 842 05a7 73333000 		.ascii	"s30\000"
 843 05ab 0B       		.byte	0xb
 844 05ac 0401     		.2byte	0x104
 845 05ae BF040000 		.4byte	0x4bf
 846 05b2 38       		.byte	0x38
 847 05b3 08       		.uleb128 0x8
 848 05b4 73333100 		.ascii	"s31\000"
 849 05b8 0B       		.byte	0xb
 850 05b9 0501     		.2byte	0x105
 851 05bb BF040000 		.4byte	0x4bf
 852 05bf 3C       		.byte	0x3c
 853 05c0 08       		.uleb128 0x8
 854 05c1 723400   		.ascii	"r4\000"
 855 05c4 0B       		.byte	0xb
ARM GAS  /tmp/ccI57cxp.s 			page 16


 856 05c5 0701     		.2byte	0x107
 857 05c7 BF040000 		.4byte	0x4bf
 858 05cb 40       		.byte	0x40
 859 05cc 08       		.uleb128 0x8
 860 05cd 723500   		.ascii	"r5\000"
 861 05d0 0B       		.byte	0xb
 862 05d1 0801     		.2byte	0x108
 863 05d3 BF040000 		.4byte	0x4bf
 864 05d7 44       		.byte	0x44
 865 05d8 08       		.uleb128 0x8
 866 05d9 723600   		.ascii	"r6\000"
 867 05dc 0B       		.byte	0xb
 868 05dd 0901     		.2byte	0x109
 869 05df BF040000 		.4byte	0x4bf
 870 05e3 48       		.byte	0x48
 871 05e4 08       		.uleb128 0x8
 872 05e5 723700   		.ascii	"r7\000"
 873 05e8 0B       		.byte	0xb
 874 05e9 0A01     		.2byte	0x10a
 875 05eb BF040000 		.4byte	0x4bf
 876 05ef 4C       		.byte	0x4c
 877 05f0 08       		.uleb128 0x8
 878 05f1 723800   		.ascii	"r8\000"
 879 05f4 0B       		.byte	0xb
 880 05f5 0B01     		.2byte	0x10b
 881 05f7 BF040000 		.4byte	0x4bf
 882 05fb 50       		.byte	0x50
 883 05fc 08       		.uleb128 0x8
 884 05fd 723900   		.ascii	"r9\000"
 885 0600 0B       		.byte	0xb
 886 0601 0C01     		.2byte	0x10c
 887 0603 BF040000 		.4byte	0x4bf
 888 0607 54       		.byte	0x54
 889 0608 08       		.uleb128 0x8
 890 0609 72313000 		.ascii	"r10\000"
 891 060d 0B       		.byte	0xb
 892 060e 0D01     		.2byte	0x10d
 893 0610 BF040000 		.4byte	0x4bf
 894 0614 58       		.byte	0x58
 895 0615 08       		.uleb128 0x8
 896 0616 72313100 		.ascii	"r11\000"
 897 061a 0B       		.byte	0xb
 898 061b 0E01     		.2byte	0x10e
 899 061d BF040000 		.4byte	0x4bf
 900 0621 5C       		.byte	0x5c
 901 0622 08       		.uleb128 0x8
 902 0623 6C7200   		.ascii	"lr\000"
 903 0626 0B       		.byte	0xb
 904 0627 0F01     		.2byte	0x10f
 905 0629 BF040000 		.4byte	0x4bf
 906 062d 60       		.byte	0x60
 907 062e 00       		.byte	0
 908 062f 0A       		.uleb128 0xa
 909 0630 04       		.byte	0x4
 910 0631 EE040000 		.4byte	0x4ee
 911 0635 14       		.uleb128 0x14
 912 0636 04       		.byte	0x4
ARM GAS  /tmp/ccI57cxp.s 			page 17


 913 0637 0C       		.byte	0xc
 914 0638 38       		.byte	0x38
 915 0639 4A060000 		.4byte	0x64a
 916 063d 07       		.uleb128 0x7
 917 063e F3050000 		.4byte	.LASF90
 918 0642 0C       		.byte	0xc
 919 0643 3C       		.byte	0x3c
 920 0644 CD000000 		.4byte	0xcd
 921 0648 00       		.byte	0
 922 0649 00       		.byte	0
 923 064a 04       		.uleb128 0x4
 924 064b C8020000 		.4byte	.LASF91
 925 064f 0C       		.byte	0xc
 926 0650 3D       		.byte	0x3d
 927 0651 35060000 		.4byte	0x635
 928 0655 15       		.uleb128 0x15
 929 0656 04       		.byte	0x4
 930 0657 08       		.byte	0x8
 931 0658 FA       		.byte	0xfa
 932 0659 B2060000 		.4byte	0x6b2
 933 065d 16       		.uleb128 0x16
 934 065e 13000000 		.4byte	.LASF92
 935 0662 08       		.byte	0x8
 936 0663 0101     		.2byte	0x101
 937 0665 0F010000 		.4byte	0x10f
 938 0669 16       		.uleb128 0x16
 939 066a 69000000 		.4byte	.LASF93
 940 066e 08       		.byte	0x8
 941 066f 0801     		.2byte	0x108
 942 0671 0F010000 		.4byte	0x10f
 943 0675 16       		.uleb128 0x16
 944 0676 1F020000 		.4byte	.LASF94
 945 067a 08       		.byte	0x8
 946 067b 0F01     		.2byte	0x10f
 947 067d 33030000 		.4byte	0x333
 948 0681 16       		.uleb128 0x16
 949 0682 0D000000 		.4byte	.LASF95
 950 0686 08       		.byte	0x8
 951 0687 1601     		.2byte	0x116
 952 0689 B2060000 		.4byte	0x6b2
 953 068d 16       		.uleb128 0x16
 954 068e CA010000 		.4byte	.LASF96
 955 0692 08       		.byte	0x8
 956 0693 1E01     		.2byte	0x11e
 957 0695 DD060000 		.4byte	0x6dd
 958 0699 16       		.uleb128 0x16
 959 069a 34040000 		.4byte	.LASF97
 960 069e 08       		.byte	0x8
 961 069f 2701     		.2byte	0x127
 962 06a1 14070000 		.4byte	0x714
 963 06a5 16       		.uleb128 0x16
 964 06a6 B3030000 		.4byte	.LASF98
 965 06aa 08       		.byte	0x8
 966 06ab 2F01     		.2byte	0x12f
 967 06ad 1A010000 		.4byte	0x11a
 968 06b1 00       		.byte	0
 969 06b2 0A       		.uleb128 0xa
ARM GAS  /tmp/ccI57cxp.s 			page 18


 970 06b3 04       		.byte	0x4
 971 06b4 4B020000 		.4byte	0x24b
 972 06b8 06       		.uleb128 0x6
 973 06b9 13040000 		.4byte	.LASF99
 974 06bd 0C       		.byte	0xc
 975 06be 0D       		.byte	0xd
 976 06bf 34       		.byte	0x34
 977 06c0 DD060000 		.4byte	0x6dd
 978 06c4 07       		.uleb128 0x7
 979 06c5 37010000 		.4byte	.LASF100
 980 06c9 0D       		.byte	0xd
 981 06ca 35       		.byte	0x35
 982 06cb 80020000 		.4byte	0x280
 983 06cf 00       		.byte	0
 984 06d0 07       		.uleb128 0x7
 985 06d1 E5010000 		.4byte	.LASF101
 986 06d5 0D       		.byte	0xd
 987 06d6 37       		.byte	0x37
 988 06d7 25010000 		.4byte	0x125
 989 06db 08       		.byte	0x8
 990 06dc 00       		.byte	0
 991 06dd 0A       		.uleb128 0xa
 992 06de 04       		.byte	0x4
 993 06df B8060000 		.4byte	0x6b8
 994 06e3 06       		.uleb128 0x6
 995 06e4 89060000 		.4byte	.LASF102
 996 06e8 10       		.byte	0x10
 997 06e9 0E       		.byte	0xe
 998 06ea 39       		.byte	0x39
 999 06eb 14070000 		.4byte	0x714
 1000 06ef 07       		.uleb128 0x7
 1001 06f0 EE000000 		.4byte	.LASF103
 1002 06f4 0E       		.byte	0xe
 1003 06f5 3A       		.byte	0x3a
 1004 06f6 80020000 		.4byte	0x280
 1005 06fa 00       		.byte	0
 1006 06fb 07       		.uleb128 0x7
 1007 06fc D9060000 		.4byte	.LASF104
 1008 0700 0E       		.byte	0xe
 1009 0701 3C       		.byte	0x3c
 1010 0702 56020000 		.4byte	0x256
 1011 0706 08       		.byte	0x8
 1012 0707 07       		.uleb128 0x7
 1013 0708 A3050000 		.4byte	.LASF105
 1014 070c 0E       		.byte	0xe
 1015 070d 3E       		.byte	0x3e
 1016 070e 57070000 		.4byte	0x757
 1017 0712 0C       		.byte	0xc
 1018 0713 00       		.byte	0
 1019 0714 0A       		.uleb128 0xa
 1020 0715 04       		.byte	0x4
 1021 0716 E3060000 		.4byte	0x6e3
 1022 071a 0A       		.uleb128 0xa
 1023 071b 04       		.byte	0x4
 1024 071c 20070000 		.4byte	0x720
 1025 0720 10       		.uleb128 0x10
 1026 0721 25070000 		.4byte	0x725
ARM GAS  /tmp/ccI57cxp.s 			page 19


 1027 0725 03       		.uleb128 0x3
 1028 0726 01       		.byte	0x1
 1029 0727 08       		.byte	0x8
 1030 0728 65040000 		.4byte	.LASF106
 1031 072c 05       		.uleb128 0x5
 1032 072d 30010000 		.4byte	0x130
 1033 0731 0A       		.uleb128 0xa
 1034 0732 04       		.byte	0x4
 1035 0733 35030000 		.4byte	0x335
 1036 0737 05       		.uleb128 0x5
 1037 0738 1A070000 		.4byte	0x71a
 1038 073c 17       		.uleb128 0x17
 1039 073d CA040000 		.4byte	0x4ca
 1040 0741 4C070000 		.4byte	0x74c
 1041 0745 18       		.uleb128 0x18
 1042 0746 69040000 		.4byte	0x469
 1043 074a 3A       		.byte	0x3a
 1044 074b 00       		.byte	0
 1045 074c 04       		.uleb128 0x4
 1046 074d 8B010000 		.4byte	.LASF107
 1047 0751 0E       		.byte	0xe
 1048 0752 34       		.byte	0x34
 1049 0753 E3060000 		.4byte	0x6e3
 1050 0757 0A       		.uleb128 0xa
 1051 0758 04       		.byte	0x4
 1052 0759 4C070000 		.4byte	0x74c
 1053 075d 03       		.uleb128 0x3
 1054 075e 01       		.byte	0x1
 1055 075f 02       		.byte	0x2
 1056 0760 40030000 		.4byte	.LASF108
 1057 0764 19       		.uleb128 0x19
 1058 0765 DB050000 		.4byte	.LASF126
 1059 0769 02       		.byte	0x2
 1060 076a 2002     		.2byte	0x220
 1061 076c 03       		.byte	0x3
 1062 076d 7E070000 		.4byte	0x77e
 1063 0771 1A       		.uleb128 0x1a
 1064 0772 93010000 		.4byte	.LASF127
 1065 0776 02       		.byte	0x2
 1066 0777 2002     		.2byte	0x220
 1067 0779 AD000000 		.4byte	0xad
 1068 077d 00       		.byte	0
 1069 077e 1B       		.uleb128 0x1b
 1070 077f 48000000 		.4byte	.LASF109
 1071 0783 0B       		.byte	0xb
 1072 0784 BC01     		.2byte	0x1bc
 1073 0786 03       		.byte	0x3
 1074 0787 1B       		.uleb128 0x1b
 1075 0788 FD000000 		.4byte	.LASF110
 1076 078c 0B       		.byte	0xb
 1077 078d CA01     		.2byte	0x1ca
 1078 078f 03       		.byte	0x3
 1079 0790 1B       		.uleb128 0x1b
 1080 0791 26060000 		.4byte	.LASF111
 1081 0795 0B       		.byte	0xb
 1082 0796 D901     		.2byte	0x1d9
 1083 0798 03       		.byte	0x3
ARM GAS  /tmp/ccI57cxp.s 			page 20


 1084 0799 1B       		.uleb128 0x1b
 1085 079a 6A040000 		.4byte	.LASF112
 1086 079e 0B       		.byte	0xb
 1087 079f E401     		.2byte	0x1e4
 1088 07a1 03       		.byte	0x3
 1089 07a2 1B       		.uleb128 0x1b
 1090 07a3 B0060000 		.4byte	.LASF113
 1091 07a7 0F       		.byte	0xf
 1092 07a8 8201     		.2byte	0x182
 1093 07aa 03       		.byte	0x3
 1094 07ab 1B       		.uleb128 0x1b
 1095 07ac 1D030000 		.4byte	.LASF114
 1096 07b0 0F       		.byte	0xf
 1097 07b1 9601     		.2byte	0x196
 1098 07b3 03       		.byte	0x3
 1099 07b4 1B       		.uleb128 0x1b
 1100 07b5 78010000 		.4byte	.LASF115
 1101 07b9 03       		.byte	0x3
 1102 07ba 0102     		.2byte	0x201
 1103 07bc 03       		.byte	0x3
 1104 07bd 1B       		.uleb128 0x1b
 1105 07be 55020000 		.4byte	.LASF116
 1106 07c2 03       		.byte	0x3
 1107 07c3 4702     		.2byte	0x247
 1108 07c5 03       		.byte	0x3
 1109 07c6 1B       		.uleb128 0x1b
 1110 07c7 93000000 		.4byte	.LASF117
 1111 07cb 03       		.byte	0x3
 1112 07cc 0C02     		.2byte	0x20c
 1113 07ce 03       		.byte	0x3
 1114 07cf 1C       		.uleb128 0x1c
 1115 07d0 02060000 		.4byte	.LASF118
 1116 07d4 01       		.byte	0x1
 1117 07d5 9A       		.byte	0x9a
 1118 07d6 00000000 		.4byte	.LFB256
 1119 07da 1A000000 		.4byte	.LFE256-.LFB256
 1120 07de 01       		.uleb128 0x1
 1121 07df 9C       		.byte	0x9c
 1122 07e0 C7080000 		.4byte	0x8c7
 1123 07e4 1D       		.uleb128 0x1d
 1124 07e5 B4070000 		.4byte	0x7b4
 1125 07e9 02000000 		.4byte	.LBB52
 1126 07ed 06000000 		.4byte	.LBE52-.LBB52
 1127 07f1 01       		.byte	0x1
 1128 07f2 9E       		.byte	0x9e
 1129 07f3 42080000 		.4byte	0x842
 1130 07f7 1E       		.uleb128 0x1e
 1131 07f8 A2070000 		.4byte	0x7a2
 1132 07fc 02000000 		.4byte	.LBB53
 1133 0800 06000000 		.4byte	.LBE53-.LBB53
 1134 0804 03       		.byte	0x3
 1135 0805 0302     		.2byte	0x203
 1136 0807 1E       		.uleb128 0x1e
 1137 0808 90070000 		.4byte	0x790
 1138 080c 02000000 		.4byte	.LBB54
 1139 0810 06000000 		.4byte	.LBE54-.LBB54
 1140 0814 0F       		.byte	0xf
ARM GAS  /tmp/ccI57cxp.s 			page 21


 1141 0815 8401     		.2byte	0x184
 1142 0817 1E       		.uleb128 0x1e
 1143 0818 7E070000 		.4byte	0x77e
 1144 081c 02000000 		.4byte	.LBB55
 1145 0820 06000000 		.4byte	.LBE55-.LBB55
 1146 0824 0B       		.byte	0xb
 1147 0825 DB01     		.2byte	0x1db
 1148 0827 1E       		.uleb128 0x1e
 1149 0828 64070000 		.4byte	0x764
 1150 082c 02000000 		.4byte	.LBB56
 1151 0830 06000000 		.4byte	.LBE56-.LBB56
 1152 0834 0B       		.byte	0xb
 1153 0835 BF01     		.2byte	0x1bf
 1154 0837 1F       		.uleb128 0x1f
 1155 0838 71070000 		.4byte	0x771
 1156 083c 20       		.byte	0x20
 1157 083d 00       		.byte	0
 1158 083e 00       		.byte	0
 1159 083f 00       		.byte	0
 1160 0840 00       		.byte	0
 1161 0841 00       		.byte	0
 1162 0842 1D       		.uleb128 0x1d
 1163 0843 BD070000 		.4byte	0x7bd
 1164 0847 08000000 		.4byte	.LBB58
 1165 084b 04000000 		.4byte	.LBE58-.LBB58
 1166 084f 01       		.byte	0x1
 1167 0850 9F       		.byte	0x9f
 1168 0851 5F080000 		.4byte	0x85f
 1169 0855 20       		.uleb128 0x20
 1170 0856 0C000000 		.4byte	.LVL1
 1171 085a 08090000 		.4byte	0x908
 1172 085e 00       		.byte	0
 1173 085f 1D       		.uleb128 0x1d
 1174 0860 C6070000 		.4byte	0x7c6
 1175 0864 0C000000 		.4byte	.LBB60
 1176 0868 06000000 		.4byte	.LBE60-.LBB60
 1177 086c 01       		.byte	0x1
 1178 086d A0       		.byte	0xa0
 1179 086e BD080000 		.4byte	0x8bd
 1180 0872 1E       		.uleb128 0x1e
 1181 0873 AB070000 		.4byte	0x7ab
 1182 0877 0C000000 		.4byte	.LBB61
 1183 087b 06000000 		.4byte	.LBE61-.LBB61
 1184 087f 03       		.byte	0x3
 1185 0880 0E02     		.2byte	0x20e
 1186 0882 1E       		.uleb128 0x1e
 1187 0883 99070000 		.4byte	0x799
 1188 0887 0C000000 		.4byte	.LBB62
 1189 088b 06000000 		.4byte	.LBE62-.LBB62
 1190 088f 0F       		.byte	0xf
 1191 0890 9A01     		.2byte	0x19a
 1192 0892 1E       		.uleb128 0x1e
 1193 0893 87070000 		.4byte	0x787
 1194 0897 0C000000 		.4byte	.LBB63
 1195 089b 06000000 		.4byte	.LBE63-.LBB63
 1196 089f 0B       		.byte	0xb
 1197 08a0 E601     		.2byte	0x1e6
ARM GAS  /tmp/ccI57cxp.s 			page 22


 1198 08a2 1E       		.uleb128 0x1e
 1199 08a3 64070000 		.4byte	0x764
 1200 08a7 0C000000 		.4byte	.LBB64
 1201 08ab 06000000 		.4byte	.LBE64-.LBB64
 1202 08af 0B       		.byte	0xb
 1203 08b0 CD01     		.2byte	0x1cd
 1204 08b2 1F       		.uleb128 0x1f
 1205 08b3 71070000 		.4byte	0x771
 1206 08b7 00       		.byte	0
 1207 08b8 00       		.byte	0
 1208 08b9 00       		.byte	0
 1209 08ba 00       		.byte	0
 1210 08bb 00       		.byte	0
 1211 08bc 00       		.byte	0
 1212 08bd 21       		.uleb128 0x21
 1213 08be 1A000000 		.4byte	.LVL2
 1214 08c2 10090000 		.4byte	0x910
 1215 08c6 00       		.byte	0
 1216 08c7 1C       		.uleb128 0x1c
 1217 08c8 A8000000 		.4byte	.LASF119
 1218 08cc 01       		.byte	0x1
 1219 08cd C9       		.byte	0xc9
 1220 08ce 00000000 		.4byte	.LFB257
 1221 08d2 1C000000 		.4byte	.LFE257-.LFB257
 1222 08d6 01       		.uleb128 0x1
 1223 08d7 9C       		.byte	0x9c
 1224 08d8 F1080000 		.4byte	0x8f1
 1225 08dc 22       		.uleb128 0x22
 1226 08dd 18000000 		.4byte	.LVL3
 1227 08e1 18090000 		.4byte	0x918
 1228 08e5 23       		.uleb128 0x23
 1229 08e6 01       		.uleb128 0x1
 1230 08e7 51       		.byte	0x51
 1231 08e8 01       		.uleb128 0x1
 1232 08e9 38       		.byte	0x38
 1233 08ea 23       		.uleb128 0x23
 1234 08eb 01       		.uleb128 0x1
 1235 08ec 50       		.byte	0x50
 1236 08ed 01       		.uleb128 0x1
 1237 08ee 3B       		.byte	0x3b
 1238 08ef 00       		.byte	0
 1239 08f0 00       		.byte	0
 1240 08f1 24       		.uleb128 0x24
 1241 08f2 5C030000 		.4byte	.LASF120
 1242 08f6 09       		.byte	0x9
 1243 08f7 A706     		.2byte	0x6a7
 1244 08f9 C3000000 		.4byte	0xc3
 1245 08fd 25       		.uleb128 0x25
 1246 08fe 636800   		.ascii	"ch\000"
 1247 0901 08       		.byte	0x8
 1248 0902 0902     		.2byte	0x209
 1249 0904 02040000 		.4byte	0x402
 1250 0908 26       		.uleb128 0x26
 1251 0909 B4050000 		.4byte	.LASF121
 1252 090d 0F       		.byte	0xf
 1253 090e 1801     		.2byte	0x118
 1254 0910 26       		.uleb128 0x26
ARM GAS  /tmp/ccI57cxp.s 			page 23


 1255 0911 0C020000 		.4byte	.LASF122
 1256 0915 0B       		.byte	0xb
 1257 0916 6601     		.2byte	0x166
 1258 0918 27       		.uleb128 0x27
 1259 0919 8F030000 		.4byte	.LASF128
 1260 091d 10       		.byte	0x10
 1261 091e 50       		.byte	0x50
 1262 091f 0D       		.uleb128 0xd
 1263 0920 AD000000 		.4byte	0xad
 1264 0924 0D       		.uleb128 0xd
 1265 0925 AD000000 		.4byte	0xad
 1266 0929 00       		.byte	0
 1267 092a 00       		.byte	0
 1268              		.section	.debug_abbrev,"",%progbits
 1269              	.Ldebug_abbrev0:
 1270 0000 01       		.uleb128 0x1
 1271 0001 11       		.uleb128 0x11
 1272 0002 01       		.byte	0x1
 1273 0003 25       		.uleb128 0x25
 1274 0004 0E       		.uleb128 0xe
 1275 0005 13       		.uleb128 0x13
 1276 0006 0B       		.uleb128 0xb
 1277 0007 03       		.uleb128 0x3
 1278 0008 0E       		.uleb128 0xe
 1279 0009 1B       		.uleb128 0x1b
 1280 000a 0E       		.uleb128 0xe
 1281 000b 55       		.uleb128 0x55
 1282 000c 17       		.uleb128 0x17
 1283 000d 11       		.uleb128 0x11
 1284 000e 01       		.uleb128 0x1
 1285 000f 10       		.uleb128 0x10
 1286 0010 17       		.uleb128 0x17
 1287 0011 00       		.byte	0
 1288 0012 00       		.byte	0
 1289 0013 02       		.uleb128 0x2
 1290 0014 24       		.uleb128 0x24
 1291 0015 00       		.byte	0
 1292 0016 0B       		.uleb128 0xb
 1293 0017 0B       		.uleb128 0xb
 1294 0018 3E       		.uleb128 0x3e
 1295 0019 0B       		.uleb128 0xb
 1296 001a 03       		.uleb128 0x3
 1297 001b 08       		.uleb128 0x8
 1298 001c 00       		.byte	0
 1299 001d 00       		.byte	0
 1300 001e 03       		.uleb128 0x3
 1301 001f 24       		.uleb128 0x24
 1302 0020 00       		.byte	0
 1303 0021 0B       		.uleb128 0xb
 1304 0022 0B       		.uleb128 0xb
 1305 0023 3E       		.uleb128 0x3e
 1306 0024 0B       		.uleb128 0xb
 1307 0025 03       		.uleb128 0x3
 1308 0026 0E       		.uleb128 0xe
 1309 0027 00       		.byte	0
 1310 0028 00       		.byte	0
 1311 0029 04       		.uleb128 0x4
ARM GAS  /tmp/ccI57cxp.s 			page 24


 1312 002a 16       		.uleb128 0x16
 1313 002b 00       		.byte	0
 1314 002c 03       		.uleb128 0x3
 1315 002d 0E       		.uleb128 0xe
 1316 002e 3A       		.uleb128 0x3a
 1317 002f 0B       		.uleb128 0xb
 1318 0030 3B       		.uleb128 0x3b
 1319 0031 0B       		.uleb128 0xb
 1320 0032 49       		.uleb128 0x49
 1321 0033 13       		.uleb128 0x13
 1322 0034 00       		.byte	0
 1323 0035 00       		.byte	0
 1324 0036 05       		.uleb128 0x5
 1325 0037 35       		.uleb128 0x35
 1326 0038 00       		.byte	0
 1327 0039 49       		.uleb128 0x49
 1328 003a 13       		.uleb128 0x13
 1329 003b 00       		.byte	0
 1330 003c 00       		.byte	0
 1331 003d 06       		.uleb128 0x6
 1332 003e 13       		.uleb128 0x13
 1333 003f 01       		.byte	0x1
 1334 0040 03       		.uleb128 0x3
 1335 0041 0E       		.uleb128 0xe
 1336 0042 0B       		.uleb128 0xb
 1337 0043 0B       		.uleb128 0xb
 1338 0044 3A       		.uleb128 0x3a
 1339 0045 0B       		.uleb128 0xb
 1340 0046 3B       		.uleb128 0x3b
 1341 0047 0B       		.uleb128 0xb
 1342 0048 01       		.uleb128 0x1
 1343 0049 13       		.uleb128 0x13
 1344 004a 00       		.byte	0
 1345 004b 00       		.byte	0
 1346 004c 07       		.uleb128 0x7
 1347 004d 0D       		.uleb128 0xd
 1348 004e 00       		.byte	0
 1349 004f 03       		.uleb128 0x3
 1350 0050 0E       		.uleb128 0xe
 1351 0051 3A       		.uleb128 0x3a
 1352 0052 0B       		.uleb128 0xb
 1353 0053 3B       		.uleb128 0x3b
 1354 0054 0B       		.uleb128 0xb
 1355 0055 49       		.uleb128 0x49
 1356 0056 13       		.uleb128 0x13
 1357 0057 38       		.uleb128 0x38
 1358 0058 0B       		.uleb128 0xb
 1359 0059 00       		.byte	0
 1360 005a 00       		.byte	0
 1361 005b 08       		.uleb128 0x8
 1362 005c 0D       		.uleb128 0xd
 1363 005d 00       		.byte	0
 1364 005e 03       		.uleb128 0x3
 1365 005f 08       		.uleb128 0x8
 1366 0060 3A       		.uleb128 0x3a
 1367 0061 0B       		.uleb128 0xb
 1368 0062 3B       		.uleb128 0x3b
ARM GAS  /tmp/ccI57cxp.s 			page 25


 1369 0063 05       		.uleb128 0x5
 1370 0064 49       		.uleb128 0x49
 1371 0065 13       		.uleb128 0x13
 1372 0066 38       		.uleb128 0x38
 1373 0067 0B       		.uleb128 0xb
 1374 0068 00       		.byte	0
 1375 0069 00       		.byte	0
 1376 006a 09       		.uleb128 0x9
 1377 006b 0D       		.uleb128 0xd
 1378 006c 00       		.byte	0
 1379 006d 03       		.uleb128 0x3
 1380 006e 0E       		.uleb128 0xe
 1381 006f 3A       		.uleb128 0x3a
 1382 0070 0B       		.uleb128 0xb
 1383 0071 3B       		.uleb128 0x3b
 1384 0072 05       		.uleb128 0x5
 1385 0073 49       		.uleb128 0x49
 1386 0074 13       		.uleb128 0x13
 1387 0075 38       		.uleb128 0x38
 1388 0076 0B       		.uleb128 0xb
 1389 0077 00       		.byte	0
 1390 0078 00       		.byte	0
 1391 0079 0A       		.uleb128 0xa
 1392 007a 0F       		.uleb128 0xf
 1393 007b 00       		.byte	0
 1394 007c 0B       		.uleb128 0xb
 1395 007d 0B       		.uleb128 0xb
 1396 007e 49       		.uleb128 0x49
 1397 007f 13       		.uleb128 0x13
 1398 0080 00       		.byte	0
 1399 0081 00       		.byte	0
 1400 0082 0B       		.uleb128 0xb
 1401 0083 13       		.uleb128 0x13
 1402 0084 01       		.byte	0x1
 1403 0085 03       		.uleb128 0x3
 1404 0086 0E       		.uleb128 0xe
 1405 0087 0B       		.uleb128 0xb
 1406 0088 0B       		.uleb128 0xb
 1407 0089 3A       		.uleb128 0x3a
 1408 008a 0B       		.uleb128 0xb
 1409 008b 3B       		.uleb128 0x3b
 1410 008c 05       		.uleb128 0x5
 1411 008d 01       		.uleb128 0x1
 1412 008e 13       		.uleb128 0x13
 1413 008f 00       		.byte	0
 1414 0090 00       		.byte	0
 1415 0091 0C       		.uleb128 0xc
 1416 0092 15       		.uleb128 0x15
 1417 0093 01       		.byte	0x1
 1418 0094 27       		.uleb128 0x27
 1419 0095 19       		.uleb128 0x19
 1420 0096 01       		.uleb128 0x1
 1421 0097 13       		.uleb128 0x13
 1422 0098 00       		.byte	0
 1423 0099 00       		.byte	0
 1424 009a 0D       		.uleb128 0xd
 1425 009b 05       		.uleb128 0x5
ARM GAS  /tmp/ccI57cxp.s 			page 26


 1426 009c 00       		.byte	0
 1427 009d 49       		.uleb128 0x49
 1428 009e 13       		.uleb128 0x13
 1429 009f 00       		.byte	0
 1430 00a0 00       		.byte	0
 1431 00a1 0E       		.uleb128 0xe
 1432 00a2 0F       		.uleb128 0xf
 1433 00a3 00       		.byte	0
 1434 00a4 0B       		.uleb128 0xb
 1435 00a5 0B       		.uleb128 0xb
 1436 00a6 00       		.byte	0
 1437 00a7 00       		.byte	0
 1438 00a8 0F       		.uleb128 0xf
 1439 00a9 13       		.uleb128 0x13
 1440 00aa 01       		.byte	0x1
 1441 00ab 03       		.uleb128 0x3
 1442 00ac 0E       		.uleb128 0xe
 1443 00ad 0B       		.uleb128 0xb
 1444 00ae 05       		.uleb128 0x5
 1445 00af 3A       		.uleb128 0x3a
 1446 00b0 0B       		.uleb128 0xb
 1447 00b1 3B       		.uleb128 0x3b
 1448 00b2 05       		.uleb128 0x5
 1449 00b3 01       		.uleb128 0x1
 1450 00b4 13       		.uleb128 0x13
 1451 00b5 00       		.byte	0
 1452 00b6 00       		.byte	0
 1453 00b7 10       		.uleb128 0x10
 1454 00b8 26       		.uleb128 0x26
 1455 00b9 00       		.byte	0
 1456 00ba 49       		.uleb128 0x49
 1457 00bb 13       		.uleb128 0x13
 1458 00bc 00       		.byte	0
 1459 00bd 00       		.byte	0
 1460 00be 11       		.uleb128 0x11
 1461 00bf 13       		.uleb128 0x13
 1462 00c0 01       		.byte	0x1
 1463 00c1 0B       		.uleb128 0xb
 1464 00c2 0B       		.uleb128 0xb
 1465 00c3 3A       		.uleb128 0x3a
 1466 00c4 0B       		.uleb128 0xb
 1467 00c5 3B       		.uleb128 0x3b
 1468 00c6 05       		.uleb128 0x5
 1469 00c7 01       		.uleb128 0x1
 1470 00c8 13       		.uleb128 0x13
 1471 00c9 00       		.byte	0
 1472 00ca 00       		.byte	0
 1473 00cb 12       		.uleb128 0x12
 1474 00cc 16       		.uleb128 0x16
 1475 00cd 00       		.byte	0
 1476 00ce 03       		.uleb128 0x3
 1477 00cf 0E       		.uleb128 0xe
 1478 00d0 3A       		.uleb128 0x3a
 1479 00d1 0B       		.uleb128 0xb
 1480 00d2 3B       		.uleb128 0x3b
 1481 00d3 05       		.uleb128 0x5
 1482 00d4 49       		.uleb128 0x49
ARM GAS  /tmp/ccI57cxp.s 			page 27


 1483 00d5 13       		.uleb128 0x13
 1484 00d6 00       		.byte	0
 1485 00d7 00       		.byte	0
 1486 00d8 13       		.uleb128 0x13
 1487 00d9 0D       		.uleb128 0xd
 1488 00da 00       		.byte	0
 1489 00db 03       		.uleb128 0x3
 1490 00dc 08       		.uleb128 0x8
 1491 00dd 3A       		.uleb128 0x3a
 1492 00de 0B       		.uleb128 0xb
 1493 00df 3B       		.uleb128 0x3b
 1494 00e0 0B       		.uleb128 0xb
 1495 00e1 49       		.uleb128 0x49
 1496 00e2 13       		.uleb128 0x13
 1497 00e3 38       		.uleb128 0x38
 1498 00e4 0B       		.uleb128 0xb
 1499 00e5 00       		.byte	0
 1500 00e6 00       		.byte	0
 1501 00e7 14       		.uleb128 0x14
 1502 00e8 13       		.uleb128 0x13
 1503 00e9 01       		.byte	0x1
 1504 00ea 0B       		.uleb128 0xb
 1505 00eb 0B       		.uleb128 0xb
 1506 00ec 3A       		.uleb128 0x3a
 1507 00ed 0B       		.uleb128 0xb
 1508 00ee 3B       		.uleb128 0x3b
 1509 00ef 0B       		.uleb128 0xb
 1510 00f0 01       		.uleb128 0x1
 1511 00f1 13       		.uleb128 0x13
 1512 00f2 00       		.byte	0
 1513 00f3 00       		.byte	0
 1514 00f4 15       		.uleb128 0x15
 1515 00f5 17       		.uleb128 0x17
 1516 00f6 01       		.byte	0x1
 1517 00f7 0B       		.uleb128 0xb
 1518 00f8 0B       		.uleb128 0xb
 1519 00f9 3A       		.uleb128 0x3a
 1520 00fa 0B       		.uleb128 0xb
 1521 00fb 3B       		.uleb128 0x3b
 1522 00fc 0B       		.uleb128 0xb
 1523 00fd 01       		.uleb128 0x1
 1524 00fe 13       		.uleb128 0x13
 1525 00ff 00       		.byte	0
 1526 0100 00       		.byte	0
 1527 0101 16       		.uleb128 0x16
 1528 0102 0D       		.uleb128 0xd
 1529 0103 00       		.byte	0
 1530 0104 03       		.uleb128 0x3
 1531 0105 0E       		.uleb128 0xe
 1532 0106 3A       		.uleb128 0x3a
 1533 0107 0B       		.uleb128 0xb
 1534 0108 3B       		.uleb128 0x3b
 1535 0109 05       		.uleb128 0x5
 1536 010a 49       		.uleb128 0x49
 1537 010b 13       		.uleb128 0x13
 1538 010c 00       		.byte	0
 1539 010d 00       		.byte	0
ARM GAS  /tmp/ccI57cxp.s 			page 28


 1540 010e 17       		.uleb128 0x17
 1541 010f 01       		.uleb128 0x1
 1542 0110 01       		.byte	0x1
 1543 0111 49       		.uleb128 0x49
 1544 0112 13       		.uleb128 0x13
 1545 0113 01       		.uleb128 0x1
 1546 0114 13       		.uleb128 0x13
 1547 0115 00       		.byte	0
 1548 0116 00       		.byte	0
 1549 0117 18       		.uleb128 0x18
 1550 0118 21       		.uleb128 0x21
 1551 0119 00       		.byte	0
 1552 011a 49       		.uleb128 0x49
 1553 011b 13       		.uleb128 0x13
 1554 011c 2F       		.uleb128 0x2f
 1555 011d 0B       		.uleb128 0xb
 1556 011e 00       		.byte	0
 1557 011f 00       		.byte	0
 1558 0120 19       		.uleb128 0x19
 1559 0121 2E       		.uleb128 0x2e
 1560 0122 01       		.byte	0x1
 1561 0123 03       		.uleb128 0x3
 1562 0124 0E       		.uleb128 0xe
 1563 0125 3A       		.uleb128 0x3a
 1564 0126 0B       		.uleb128 0xb
 1565 0127 3B       		.uleb128 0x3b
 1566 0128 05       		.uleb128 0x5
 1567 0129 27       		.uleb128 0x27
 1568 012a 19       		.uleb128 0x19
 1569 012b 20       		.uleb128 0x20
 1570 012c 0B       		.uleb128 0xb
 1571 012d 01       		.uleb128 0x1
 1572 012e 13       		.uleb128 0x13
 1573 012f 00       		.byte	0
 1574 0130 00       		.byte	0
 1575 0131 1A       		.uleb128 0x1a
 1576 0132 05       		.uleb128 0x5
 1577 0133 00       		.byte	0
 1578 0134 03       		.uleb128 0x3
 1579 0135 0E       		.uleb128 0xe
 1580 0136 3A       		.uleb128 0x3a
 1581 0137 0B       		.uleb128 0xb
 1582 0138 3B       		.uleb128 0x3b
 1583 0139 05       		.uleb128 0x5
 1584 013a 49       		.uleb128 0x49
 1585 013b 13       		.uleb128 0x13
 1586 013c 00       		.byte	0
 1587 013d 00       		.byte	0
 1588 013e 1B       		.uleb128 0x1b
 1589 013f 2E       		.uleb128 0x2e
 1590 0140 00       		.byte	0
 1591 0141 03       		.uleb128 0x3
 1592 0142 0E       		.uleb128 0xe
 1593 0143 3A       		.uleb128 0x3a
 1594 0144 0B       		.uleb128 0xb
 1595 0145 3B       		.uleb128 0x3b
 1596 0146 05       		.uleb128 0x5
ARM GAS  /tmp/ccI57cxp.s 			page 29


 1597 0147 27       		.uleb128 0x27
 1598 0148 19       		.uleb128 0x19
 1599 0149 20       		.uleb128 0x20
 1600 014a 0B       		.uleb128 0xb
 1601 014b 00       		.byte	0
 1602 014c 00       		.byte	0
 1603 014d 1C       		.uleb128 0x1c
 1604 014e 2E       		.uleb128 0x2e
 1605 014f 01       		.byte	0x1
 1606 0150 3F       		.uleb128 0x3f
 1607 0151 19       		.uleb128 0x19
 1608 0152 03       		.uleb128 0x3
 1609 0153 0E       		.uleb128 0xe
 1610 0154 3A       		.uleb128 0x3a
 1611 0155 0B       		.uleb128 0xb
 1612 0156 3B       		.uleb128 0x3b
 1613 0157 0B       		.uleb128 0xb
 1614 0158 27       		.uleb128 0x27
 1615 0159 19       		.uleb128 0x19
 1616 015a 11       		.uleb128 0x11
 1617 015b 01       		.uleb128 0x1
 1618 015c 12       		.uleb128 0x12
 1619 015d 06       		.uleb128 0x6
 1620 015e 40       		.uleb128 0x40
 1621 015f 18       		.uleb128 0x18
 1622 0160 9742     		.uleb128 0x2117
 1623 0162 19       		.uleb128 0x19
 1624 0163 01       		.uleb128 0x1
 1625 0164 13       		.uleb128 0x13
 1626 0165 00       		.byte	0
 1627 0166 00       		.byte	0
 1628 0167 1D       		.uleb128 0x1d
 1629 0168 1D       		.uleb128 0x1d
 1630 0169 01       		.byte	0x1
 1631 016a 31       		.uleb128 0x31
 1632 016b 13       		.uleb128 0x13
 1633 016c 11       		.uleb128 0x11
 1634 016d 01       		.uleb128 0x1
 1635 016e 12       		.uleb128 0x12
 1636 016f 06       		.uleb128 0x6
 1637 0170 58       		.uleb128 0x58
 1638 0171 0B       		.uleb128 0xb
 1639 0172 59       		.uleb128 0x59
 1640 0173 0B       		.uleb128 0xb
 1641 0174 01       		.uleb128 0x1
 1642 0175 13       		.uleb128 0x13
 1643 0176 00       		.byte	0
 1644 0177 00       		.byte	0
 1645 0178 1E       		.uleb128 0x1e
 1646 0179 1D       		.uleb128 0x1d
 1647 017a 01       		.byte	0x1
 1648 017b 31       		.uleb128 0x31
 1649 017c 13       		.uleb128 0x13
 1650 017d 11       		.uleb128 0x11
 1651 017e 01       		.uleb128 0x1
 1652 017f 12       		.uleb128 0x12
 1653 0180 06       		.uleb128 0x6
ARM GAS  /tmp/ccI57cxp.s 			page 30


 1654 0181 58       		.uleb128 0x58
 1655 0182 0B       		.uleb128 0xb
 1656 0183 59       		.uleb128 0x59
 1657 0184 05       		.uleb128 0x5
 1658 0185 00       		.byte	0
 1659 0186 00       		.byte	0
 1660 0187 1F       		.uleb128 0x1f
 1661 0188 05       		.uleb128 0x5
 1662 0189 00       		.byte	0
 1663 018a 31       		.uleb128 0x31
 1664 018b 13       		.uleb128 0x13
 1665 018c 1C       		.uleb128 0x1c
 1666 018d 0B       		.uleb128 0xb
 1667 018e 00       		.byte	0
 1668 018f 00       		.byte	0
 1669 0190 20       		.uleb128 0x20
 1670 0191 898201   		.uleb128 0x4109
 1671 0194 00       		.byte	0
 1672 0195 11       		.uleb128 0x11
 1673 0196 01       		.uleb128 0x1
 1674 0197 31       		.uleb128 0x31
 1675 0198 13       		.uleb128 0x13
 1676 0199 00       		.byte	0
 1677 019a 00       		.byte	0
 1678 019b 21       		.uleb128 0x21
 1679 019c 898201   		.uleb128 0x4109
 1680 019f 00       		.byte	0
 1681 01a0 11       		.uleb128 0x11
 1682 01a1 01       		.uleb128 0x1
 1683 01a2 9542     		.uleb128 0x2115
 1684 01a4 19       		.uleb128 0x19
 1685 01a5 31       		.uleb128 0x31
 1686 01a6 13       		.uleb128 0x13
 1687 01a7 00       		.byte	0
 1688 01a8 00       		.byte	0
 1689 01a9 22       		.uleb128 0x22
 1690 01aa 898201   		.uleb128 0x4109
 1691 01ad 01       		.byte	0x1
 1692 01ae 11       		.uleb128 0x11
 1693 01af 01       		.uleb128 0x1
 1694 01b0 9542     		.uleb128 0x2115
 1695 01b2 19       		.uleb128 0x19
 1696 01b3 31       		.uleb128 0x31
 1697 01b4 13       		.uleb128 0x13
 1698 01b5 00       		.byte	0
 1699 01b6 00       		.byte	0
 1700 01b7 23       		.uleb128 0x23
 1701 01b8 8A8201   		.uleb128 0x410a
 1702 01bb 00       		.byte	0
 1703 01bc 02       		.uleb128 0x2
 1704 01bd 18       		.uleb128 0x18
 1705 01be 9142     		.uleb128 0x2111
 1706 01c0 18       		.uleb128 0x18
 1707 01c1 00       		.byte	0
 1708 01c2 00       		.byte	0
 1709 01c3 24       		.uleb128 0x24
 1710 01c4 34       		.uleb128 0x34
ARM GAS  /tmp/ccI57cxp.s 			page 31


 1711 01c5 00       		.byte	0
 1712 01c6 03       		.uleb128 0x3
 1713 01c7 0E       		.uleb128 0xe
 1714 01c8 3A       		.uleb128 0x3a
 1715 01c9 0B       		.uleb128 0xb
 1716 01ca 3B       		.uleb128 0x3b
 1717 01cb 05       		.uleb128 0x5
 1718 01cc 49       		.uleb128 0x49
 1719 01cd 13       		.uleb128 0x13
 1720 01ce 3F       		.uleb128 0x3f
 1721 01cf 19       		.uleb128 0x19
 1722 01d0 3C       		.uleb128 0x3c
 1723 01d1 19       		.uleb128 0x19
 1724 01d2 00       		.byte	0
 1725 01d3 00       		.byte	0
 1726 01d4 25       		.uleb128 0x25
 1727 01d5 34       		.uleb128 0x34
 1728 01d6 00       		.byte	0
 1729 01d7 03       		.uleb128 0x3
 1730 01d8 08       		.uleb128 0x8
 1731 01d9 3A       		.uleb128 0x3a
 1732 01da 0B       		.uleb128 0xb
 1733 01db 3B       		.uleb128 0x3b
 1734 01dc 05       		.uleb128 0x5
 1735 01dd 49       		.uleb128 0x49
 1736 01de 13       		.uleb128 0x13
 1737 01df 3F       		.uleb128 0x3f
 1738 01e0 19       		.uleb128 0x19
 1739 01e1 3C       		.uleb128 0x3c
 1740 01e2 19       		.uleb128 0x19
 1741 01e3 00       		.byte	0
 1742 01e4 00       		.byte	0
 1743 01e5 26       		.uleb128 0x26
 1744 01e6 2E       		.uleb128 0x2e
 1745 01e7 00       		.byte	0
 1746 01e8 3F       		.uleb128 0x3f
 1747 01e9 19       		.uleb128 0x19
 1748 01ea 03       		.uleb128 0x3
 1749 01eb 0E       		.uleb128 0xe
 1750 01ec 3A       		.uleb128 0x3a
 1751 01ed 0B       		.uleb128 0xb
 1752 01ee 3B       		.uleb128 0x3b
 1753 01ef 05       		.uleb128 0x5
 1754 01f0 27       		.uleb128 0x27
 1755 01f1 19       		.uleb128 0x19
 1756 01f2 3C       		.uleb128 0x3c
 1757 01f3 19       		.uleb128 0x19
 1758 01f4 00       		.byte	0
 1759 01f5 00       		.byte	0
 1760 01f6 27       		.uleb128 0x27
 1761 01f7 2E       		.uleb128 0x2e
 1762 01f8 01       		.byte	0x1
 1763 01f9 3F       		.uleb128 0x3f
 1764 01fa 19       		.uleb128 0x19
 1765 01fb 03       		.uleb128 0x3
 1766 01fc 0E       		.uleb128 0xe
 1767 01fd 3A       		.uleb128 0x3a
ARM GAS  /tmp/ccI57cxp.s 			page 32


 1768 01fe 0B       		.uleb128 0xb
 1769 01ff 3B       		.uleb128 0x3b
 1770 0200 0B       		.uleb128 0xb
 1771 0201 27       		.uleb128 0x27
 1772 0202 19       		.uleb128 0x19
 1773 0203 3C       		.uleb128 0x3c
 1774 0204 19       		.uleb128 0x19
 1775 0205 00       		.byte	0
 1776 0206 00       		.byte	0
 1777 0207 00       		.byte	0
 1778              		.section	.debug_aranges,"",%progbits
 1779 0000 24000000 		.4byte	0x24
 1780 0004 0200     		.2byte	0x2
 1781 0006 00000000 		.4byte	.Ldebug_info0
 1782 000a 04       		.byte	0x4
 1783 000b 00       		.byte	0
 1784 000c 0000     		.2byte	0
 1785 000e 0000     		.2byte	0
 1786 0010 00000000 		.4byte	.LFB256
 1787 0014 1A000000 		.4byte	.LFE256-.LFB256
 1788 0018 00000000 		.4byte	.LFB257
 1789 001c 1C000000 		.4byte	.LFE257-.LFB257
 1790 0020 00000000 		.4byte	0
 1791 0024 00000000 		.4byte	0
 1792              		.section	.debug_ranges,"",%progbits
 1793              	.Ldebug_ranges0:
 1794 0000 00000000 		.4byte	.LFB256
 1795 0004 1A000000 		.4byte	.LFE256
 1796 0008 00000000 		.4byte	.LFB257
 1797 000c 1C000000 		.4byte	.LFE257
 1798 0010 00000000 		.4byte	0
 1799 0014 00000000 		.4byte	0
 1800              		.section	.debug_line,"",%progbits
 1801              	.Ldebug_line0:
 1802 0000 6C020000 		.section	.debug_str,"MS",%progbits,1
 1802      02002502 
 1802      00000201 
 1802      FB0E0D00 
 1802      01010101 
 1803              	.LASF53:
 1804 0000 72656164 		.ascii	"ready_list_t\000"
 1804      795F6C69 
 1804      73745F74 
 1804      00
 1805              	.LASF95:
 1806 000d 77747472 		.ascii	"wttrp\000"
 1806      7000
 1807              	.LASF92:
 1808 0013 7264796D 		.ascii	"rdymsg\000"
 1808      736700
 1809              	.LASF16:
 1810 001a 75696E74 		.ascii	"uint64_t\000"
 1810      36345F74 
 1810      00
 1811              	.LASF5:
 1812 0023 5F5F7569 		.ascii	"__uint8_t\000"
 1812      6E74385F 
ARM GAS  /tmp/ccI57cxp.s 			page 33


 1812      7400
 1813              	.LASF89:
 1814 002d 706F7274 		.ascii	"port_intctx\000"
 1814      5F696E74 
 1814      63747800 
 1815              	.LASF72:
 1816 0039 73797374 		.ascii	"system_debug_t\000"
 1816      656D5F64 
 1816      65627567 
 1816      5F7400
 1817              	.LASF109:
 1818 0048 706F7274 		.ascii	"port_lock\000"
 1818      5F6C6F63 
 1818      6B00
 1819              	.LASF12:
 1820 0052 6C6F6E67 		.ascii	"long long unsigned int\000"
 1820      206C6F6E 
 1820      6720756E 
 1820      7369676E 
 1820      65642069 
 1821              	.LASF93:
 1822 0069 65786974 		.ascii	"exitcode\000"
 1822      636F6465 
 1822      00
 1823              	.LASF79:
 1824 0072 6D61696E 		.ascii	"mainthread\000"
 1824      74687265 
 1824      616400
 1825              	.LASF69:
 1826 007d 76697274 		.ascii	"virtual_timers_list_t\000"
 1826      75616C5F 
 1826      74696D65 
 1826      72735F6C 
 1826      6973745F 
 1827              	.LASF117:
 1828 0093 6F73616C 		.ascii	"osalSysUnlockFromISR\000"
 1828      53797355 
 1828      6E6C6F63 
 1828      6B46726F 
 1828      6D495352 
 1829              	.LASF119:
 1830 00a8 73745F6C 		.ascii	"st_lld_init\000"
 1830      6C645F69 
 1830      6E697400 
 1831              	.LASF52:
 1832 00b4 63685F74 		.ascii	"ch_threads_queue\000"
 1832      68726561 
 1832      64735F71 
 1832      75657565 
 1832      00
 1833              	.LASF30:
 1834 00c5 705F7072 		.ascii	"p_prio\000"
 1834      696F00
 1835              	.LASF10:
 1836 00cc 6C6F6E67 		.ascii	"long long int\000"
 1836      206C6F6E 
 1836      6720696E 
ARM GAS  /tmp/ccI57cxp.s 			page 34


 1836      7400
 1837              	.LASF1:
 1838 00da 7369676E 		.ascii	"signed char\000"
 1838      65642063 
 1838      68617200 
 1839              	.LASF46:
 1840 00e6 705F6D70 		.ascii	"p_mpool\000"
 1840      6F6F6C00 
 1841              	.LASF103:
 1842 00ee 6D5F7175 		.ascii	"m_queue\000"
 1842      65756500 
 1843              	.LASF78:
 1844 00f6 76746C69 		.ascii	"vtlist\000"
 1844      737400
 1845              	.LASF110:
 1846 00fd 706F7274 		.ascii	"port_unlock\000"
 1846      5F756E6C 
 1846      6F636B00 
 1847              	.LASF21:
 1848 0109 74736C69 		.ascii	"tslices_t\000"
 1848      6365735F 
 1848      7400
 1849              	.LASF76:
 1850 0113 63685F73 		.ascii	"ch_system\000"
 1850      79737465 
 1850      6D00
 1851              	.LASF7:
 1852 011d 6C6F6E67 		.ascii	"long int\000"
 1852      20696E74 
 1852      00
 1853              	.LASF19:
 1854 0126 74737461 		.ascii	"tstate_t\000"
 1854      74655F74 
 1854      00
 1855              	.LASF32:
 1856 012f 705F6E65 		.ascii	"p_newer\000"
 1856      77657200 
 1857              	.LASF100:
 1858 0137 735F7175 		.ascii	"s_queue\000"
 1858      65756500 
 1859              	.LASF4:
 1860 013f 73686F72 		.ascii	"short unsigned int\000"
 1860      7420756E 
 1860      7369676E 
 1860      65642069 
 1860      6E7400
 1861              	.LASF85:
 1862 0152 53797354 		.ascii	"SysTick_Type\000"
 1862      69636B5F 
 1862      54797065 
 1862      00
 1863              	.LASF58:
 1864 015f 725F6E65 		.ascii	"r_newer\000"
 1864      77657200 
 1865              	.LASF86:
 1866 0167 72656761 		.ascii	"regarm_t\000"
 1866      726D5F74 
ARM GAS  /tmp/ccI57cxp.s 			page 35


 1866      00
 1867              	.LASF65:
 1868 0170 76745F70 		.ascii	"vt_prev\000"
 1868      72657600 
 1869              	.LASF115:
 1870 0178 6F73616C 		.ascii	"osalSysLockFromISR\000"
 1870      5379734C 
 1870      6F636B46 
 1870      726F6D49 
 1870      535200
 1871              	.LASF107:
 1872 018b 6D757465 		.ascii	"mutex_t\000"
 1872      785F7400 
 1873              	.LASF127:
 1874 0193 76616C75 		.ascii	"value\000"
 1874      6500
 1875              	.LASF80:
 1876 0199 69646C65 		.ascii	"idle_thread_wa\000"
 1876      5F746872 
 1876      6561645F 
 1876      776100
 1877              	.LASF25:
 1878 01a8 636E745F 		.ascii	"cnt_t\000"
 1878      7400
 1879              	.LASF0:
 1880 01ae 756E7369 		.ascii	"unsigned int\000"
 1880      676E6564 
 1880      20696E74 
 1880      00
 1881              	.LASF64:
 1882 01bb 76745F6E 		.ascii	"vt_next\000"
 1882      65787400 
 1883              	.LASF39:
 1884 01c3 705F7469 		.ascii	"p_time\000"
 1884      6D6500
 1885              	.LASF96:
 1886 01ca 77747365 		.ascii	"wtsemp\000"
 1886      6D7000
 1887              	.LASF66:
 1888 01d1 76745F64 		.ascii	"vt_delta\000"
 1888      656C7461 
 1888      00
 1889              	.LASF41:
 1890 01da 705F6D73 		.ascii	"p_msgqueue\000"
 1890      67717565 
 1890      756500
 1891              	.LASF101:
 1892 01e5 735F636E 		.ascii	"s_cnt\000"
 1892      7400
 1893              	.LASF84:
 1894 01eb 43414C49 		.ascii	"CALIB\000"
 1894      4200
 1895              	.LASF49:
 1896 01f1 63685F74 		.ascii	"ch_thread\000"
 1896      68726561 
 1896      6400
 1897              	.LASF23:
ARM GAS  /tmp/ccI57cxp.s 			page 36


 1898 01fb 6D73675F 		.ascii	"msg_t\000"
 1898      7400
 1899              	.LASF45:
 1900 0201 705F7265 		.ascii	"p_realprio\000"
 1900      616C7072 
 1900      696F00
 1901              	.LASF122:
 1902 020c 5F706F72 		.ascii	"_port_irq_epilogue\000"
 1902      745F6972 
 1902      715F6570 
 1902      696C6F67 
 1902      756500
 1903              	.LASF94:
 1904 021f 77746F62 		.ascii	"wtobjp\000"
 1904      6A7000
 1905              	.LASF54:
 1906 0226 63685F72 		.ascii	"ch_ready_list\000"
 1906      65616479 
 1906      5F6C6973 
 1906      7400
 1907              	.LASF24:
 1908 0234 6576656E 		.ascii	"eventmask_t\000"
 1908      746D6173 
 1908      6B5F7400 
 1909              	.LASF6:
 1910 0240 5F5F696E 		.ascii	"__int32_t\000"
 1910      7433325F 
 1910      7400
 1911              	.LASF87:
 1912 024a 73746B61 		.ascii	"stkalign_t\000"
 1912      6C69676E 
 1912      5F7400
 1913              	.LASF116:
 1914 0255 6F73616C 		.ascii	"osalOsTimerHandlerI\000"
 1914      4F735469 
 1914      6D657248 
 1914      616E646C 
 1914      65724900 
 1915              	.LASF48:
 1916 0269 74687265 		.ascii	"threads_list_t\000"
 1916      6164735F 
 1916      6C697374 
 1916      5F7400
 1917              	.LASF40:
 1918 0278 705F7761 		.ascii	"p_waiting\000"
 1918      6974696E 
 1918      6700
 1919              	.LASF81:
 1920 0282 73697A65 		.ascii	"sizetype\000"
 1920      74797065 
 1920      00
 1921              	.LASF47:
 1922 028b 74687265 		.ascii	"thread_reference_t\000"
 1922      61645F72 
 1922      65666572 
 1922      656E6365 
 1922      5F7400
ARM GAS  /tmp/ccI57cxp.s 			page 37


 1923              	.LASF83:
 1924 029e 4C4F4144 		.ascii	"LOAD\000"
 1924      00
 1925              	.LASF70:
 1926 02a3 63685F76 		.ascii	"ch_virtual_timers_list\000"
 1926      69727475 
 1926      616C5F74 
 1926      696D6572 
 1926      735F6C69 
 1927              	.LASF33:
 1928 02ba 705F6F6C 		.ascii	"p_older\000"
 1928      64657200 
 1929              	.LASF57:
 1930 02c2 725F6374 		.ascii	"r_ctx\000"
 1930      7800
 1931              	.LASF91:
 1932 02c8 746D5F63 		.ascii	"tm_calibration_t\000"
 1932      616C6962 
 1932      72617469 
 1932      6F6E5F74 
 1932      00
 1933              	.LASF60:
 1934 02d9 725F6375 		.ascii	"r_current\000"
 1934      7272656E 
 1934      7400
 1935              	.LASF59:
 1936 02e3 725F6F6C 		.ascii	"r_older\000"
 1936      64657200 
 1937              	.LASF11:
 1938 02eb 5F5F7569 		.ascii	"__uint64_t\000"
 1938      6E743634 
 1938      5F7400
 1939              	.LASF20:
 1940 02f6 74726566 		.ascii	"trefs_t\000"
 1940      735F7400 
 1941              	.LASF62:
 1942 02fe 76697274 		.ascii	"virtual_timer_t\000"
 1942      75616C5F 
 1942      74696D65 
 1942      725F7400 
 1943              	.LASF29:
 1944 030e 705F7072 		.ascii	"p_prev\000"
 1944      657600
 1945              	.LASF22:
 1946 0315 74707269 		.ascii	"tprio_t\000"
 1946      6F5F7400 
 1947              	.LASF114:
 1948 031d 63685379 		.ascii	"chSysUnlockFromISR\000"
 1948      73556E6C 
 1948      6F636B46 
 1948      726F6D49 
 1948      535200
 1949              	.LASF73:
 1950 0330 63685F73 		.ascii	"ch_system_debug\000"
 1950      79737465 
 1950      6D5F6465 
 1950      62756700 
ARM GAS  /tmp/ccI57cxp.s 			page 38


 1951              	.LASF108:
 1952 0340 5F426F6F 		.ascii	"_Bool\000"
 1952      6C00
 1953              	.LASF14:
 1954 0346 696E7433 		.ascii	"int32_t\000"
 1954      325F7400 
 1955              	.LASF2:
 1956 034e 756E7369 		.ascii	"unsigned char\000"
 1956      676E6564 
 1956      20636861 
 1956      7200
 1957              	.LASF120:
 1958 035c 49544D5F 		.ascii	"ITM_RxBuffer\000"
 1958      52784275 
 1958      66666572 
 1958      00
 1959              	.LASF44:
 1960 0369 705F6D74 		.ascii	"p_mtxlist\000"
 1960      786C6973 
 1960      7400
 1961              	.LASF3:
 1962 0373 73686F72 		.ascii	"short int\000"
 1962      7420696E 
 1962      7400
 1963              	.LASF35:
 1964 037d 705F7374 		.ascii	"p_state\000"
 1964      61746500 
 1965              	.LASF38:
 1966 0385 705F7072 		.ascii	"p_preempt\000"
 1966      65656D70 
 1966      7400
 1967              	.LASF128:
 1968 038f 6E766963 		.ascii	"nvicSetSystemHandlerPriority\000"
 1968      53657453 
 1968      79737465 
 1968      6D48616E 
 1968      646C6572 
 1969              	.LASF56:
 1970 03ac 725F7072 		.ascii	"r_prio\000"
 1970      696F00
 1971              	.LASF98:
 1972 03b3 65776D61 		.ascii	"ewmask\000"
 1972      736B00
 1973              	.LASF28:
 1974 03ba 705F6E65 		.ascii	"p_next\000"
 1974      787400
 1975              	.LASF18:
 1976 03c1 746D6F64 		.ascii	"tmode_t\000"
 1976      655F7400 
 1977              	.LASF36:
 1978 03c9 705F666C 		.ascii	"p_flags\000"
 1978      61677300 
 1979              	.LASF125:
 1980 03d1 2F686F6D 		.ascii	"/home/sivert/Documents/GitHub/BLDC/bldc-firmware\000"
 1980      652F7369 
 1980      76657274 
 1980      2F446F63 
ARM GAS  /tmp/ccI57cxp.s 			page 39


 1980      756D656E 
 1981              	.LASF63:
 1982 0402 63685F76 		.ascii	"ch_virtual_timer\000"
 1982      69727475 
 1982      616C5F74 
 1982      696D6572 
 1982      00
 1983              	.LASF99:
 1984 0413 63685F73 		.ascii	"ch_semaphore\000"
 1984      656D6170 
 1984      686F7265 
 1984      00
 1985              	.LASF43:
 1986 0420 705F6570 		.ascii	"p_epending\000"
 1986      656E6469 
 1986      6E6700
 1987              	.LASF15:
 1988 042b 75696E74 		.ascii	"uint32_t\000"
 1988      33325F74 
 1988      00
 1989              	.LASF97:
 1990 0434 77746D74 		.ascii	"wtmtxp\000"
 1990      787000
 1991              	.LASF55:
 1992 043b 725F7175 		.ascii	"r_queue\000"
 1992      65756500 
 1993              	.LASF50:
 1994 0443 63685F74 		.ascii	"ch_threads_list\000"
 1994      68726561 
 1994      64735F6C 
 1994      69737400 
 1995              	.LASF9:
 1996 0453 6C6F6E67 		.ascii	"long unsigned int\000"
 1996      20756E73 
 1996      69676E65 
 1996      6420696E 
 1996      7400
 1997              	.LASF106:
 1998 0465 63686172 		.ascii	"char\000"
 1998      00
 1999              	.LASF112:
 2000 046a 706F7274 		.ascii	"port_unlock_from_isr\000"
 2000      5F756E6C 
 2000      6F636B5F 
 2000      66726F6D 
 2000      5F697372 
 2001              	.LASF123:
 2002 047f 474E5520 		.ascii	"GNU C 4.9.3 20150529 (release) [ARM/embedded-4_9-br"
 2002      4320342E 
 2002      392E3320 
 2002      32303135 
 2002      30353239 
 2003 04b2 616E6368 		.ascii	"anch revision 227977] -mcpu=cortex-m4 -mfloat-abi=h"
 2003      20726576 
 2003      6973696F 
 2003      6E203232 
 2003      37393737 
ARM GAS  /tmp/ccI57cxp.s 			page 40


 2004 04e5 61726420 		.ascii	"ard -mfpu=fpv4-sp-d16 -mno-thumb-interwork -mthumb "
 2004      2D6D6670 
 2004      753D6670 
 2004      76342D73 
 2004      702D6431 
 2005 0518 2D676764 		.ascii	"-ggdb -O2 -std=gnu99 -fomit-frame-pointer -falign-f"
 2005      62202D4F 
 2005      32202D73 
 2005      74643D67 
 2005      6E753939 
 2006 054b 756E6374 		.ascii	"unctions=16 -ffunction-sections -fdata-sections -fn"
 2006      696F6E73 
 2006      3D313620 
 2006      2D666675 
 2006      6E637469 
 2007 057e 6F2D636F 		.ascii	"o-common -fsingle-precision-constant\000"
 2007      6D6D6F6E 
 2007      202D6673 
 2007      696E676C 
 2007      652D7072 
 2008              	.LASF105:
 2009 05a3 6D5F6E65 		.ascii	"m_next\000"
 2009      787400
 2010              	.LASF26:
 2011 05aa 73797374 		.ascii	"systime_t\000"
 2011      696D655F 
 2011      7400
 2012              	.LASF121:
 2013 05b4 63685379 		.ascii	"chSysTimerHandlerI\000"
 2013      7354696D 
 2013      65724861 
 2013      6E646C65 
 2013      724900
 2014              	.LASF61:
 2015 05c7 76746675 		.ascii	"vtfunc_t\000"
 2015      6E635F74 
 2015      00
 2016              	.LASF8:
 2017 05d0 5F5F7569 		.ascii	"__uint32_t\000"
 2017      6E743332 
 2017      5F7400
 2018              	.LASF126:
 2019 05db 5F5F7365 		.ascii	"__set_BASEPRI\000"
 2019      745F4241 
 2019      53455052 
 2019      4900
 2020              	.LASF74:
 2021 05e9 70616E69 		.ascii	"panic_msg\000"
 2021      635F6D73 
 2021      6700
 2022              	.LASF90:
 2023 05f3 6F666673 		.ascii	"offset\000"
 2023      657400
 2024              	.LASF88:
 2025 05fa 636F6E74 		.ascii	"context\000"
 2025      65787400 
 2026              	.LASF118:
ARM GAS  /tmp/ccI57cxp.s 			page 41


 2027 0602 53797354 		.ascii	"SysTick_Handler\000"
 2027      69636B5F 
 2027      48616E64 
 2027      6C657200 
 2028              	.LASF75:
 2029 0612 63685F73 		.ascii	"ch_system_t\000"
 2029      79737465 
 2029      6D5F7400 
 2030              	.LASF17:
 2031 061e 7274636E 		.ascii	"rtcnt_t\000"
 2031      745F7400 
 2032              	.LASF111:
 2033 0626 706F7274 		.ascii	"port_lock_from_isr\000"
 2033      5F6C6F63 
 2033      6B5F6672 
 2033      6F6D5F69 
 2033      737200
 2034              	.LASF124:
 2035 0639 43686962 		.ascii	"ChibiOS_3.0.2/os/hal/ports/STM32/LLD/TIMv1/st_lld.c"
 2035      694F535F 
 2035      332E302E 
 2035      322F6F73 
 2035      2F68616C 
 2036 066c 00       		.ascii	"\000"
 2037              	.LASF82:
 2038 066d 4354524C 		.ascii	"CTRL\000"
 2038      00
 2039              	.LASF68:
 2040 0672 76745F70 		.ascii	"vt_par\000"
 2040      617200
 2041              	.LASF51:
 2042 0679 74687265 		.ascii	"threads_queue_t\000"
 2042      6164735F 
 2042      71756575 
 2042      655F7400 
 2043              	.LASF102:
 2044 0689 63685F6D 		.ascii	"ch_mutex\000"
 2044      75746578 
 2044      00
 2045              	.LASF37:
 2046 0692 705F7265 		.ascii	"p_refs\000"
 2046      667300
 2047              	.LASF27:
 2048 0699 74687265 		.ascii	"thread_t\000"
 2048      61645F74 
 2048      00
 2049              	.LASF77:
 2050 06a2 726C6973 		.ascii	"rlist\000"
 2050      7400
 2051              	.LASF13:
 2052 06a8 75696E74 		.ascii	"uint8_t\000"
 2052      385F7400 
 2053              	.LASF113:
 2054 06b0 63685379 		.ascii	"chSysLockFromISR\000"
 2054      734C6F63 
 2054      6B46726F 
 2054      6D495352 
ARM GAS  /tmp/ccI57cxp.s 			page 42


 2054      00
 2055              	.LASF34:
 2056 06c1 705F6E61 		.ascii	"p_name\000"
 2056      6D6500
 2057              	.LASF71:
 2058 06c8 76745F73 		.ascii	"vt_systime\000"
 2058      79737469 
 2058      6D6500
 2059              	.LASF42:
 2060 06d3 705F6D73 		.ascii	"p_msg\000"
 2060      6700
 2061              	.LASF104:
 2062 06d9 6D5F6F77 		.ascii	"m_owner\000"
 2062      6E657200 
 2063              	.LASF31:
 2064 06e1 705F6374 		.ascii	"p_ctx\000"
 2064      7800
 2065              	.LASF67:
 2066 06e7 76745F66 		.ascii	"vt_func\000"
 2066      756E6300 
 2067              		.ident	"GCC: (GNU Tools for ARM Embedded Processors) 4.9.3 20150529 (release) [ARM/embedded-4_9-br
ARM GAS  /tmp/ccI57cxp.s 			page 43


DEFINED SYMBOLS
                            *ABS*:0000000000000000 st_lld.c
     /tmp/ccI57cxp.s:21     .text.SysTick_Handler:0000000000000000 $t
     /tmp/ccI57cxp.s:27     .text.SysTick_Handler:0000000000000000 SysTick_Handler
     /tmp/ccI57cxp.s:96     .text.st_lld_init:0000000000000000 $t
     /tmp/ccI57cxp.s:102    .text.st_lld_init:0000000000000000 st_lld_init
     /tmp/ccI57cxp.s:131    .text.st_lld_init:0000000000000018 $d
                     .debug_frame:0000000000000010 $d

UNDEFINED SYMBOLS
chSysTimerHandlerI
_port_irq_epilogue
nvicSetSystemHandlerPriority
